<?xml version="1.0" encoding="UTF-8"?>
<TestRun id="e0b2b513-ddf3-4bae-867f-aa52b5d10698" name="Administrator@DEMO 2011-09-27 17:19:52" runUser="DEMO\Administrator" xmlns="http://microsoft.com/schemas/VisualStudio/TeamTest/2010">
  <TestSettings name="Default Test Settings" id="04631126-fc02-48ae-b489-402e7f392b45">
    <Execution>
      <TestTypeSpecific />
      <AgentRule name="Execution Agents">
      </AgentRule>
    </Execution>
    <Deployment runDeploymentRoot="Administrator_DEMO 2011-09-27 17_19_52" />
  </TestSettings>
  <Times creation="2011-09-27T17:19:52.9168203-04:00" queuing="2011-09-27T17:19:53.8504141-04:00" start="2011-09-27T17:19:54.2771719-04:00" finish="2011-09-27T17:22:59.9070547-04:00" />
  <ResultSummary outcome="Failed">
    <Counters total="9" executed="9" passed="8" error="0" failed="1" timeout="0" aborted="0" inconclusive="0" passedButRunAborted="0" notRunnable="0" notExecuted="0" disconnected="0" warning="0" completed="0" inProgress="0" pending="0" />
  </ResultSummary>
  <TestDefinitions>
    <WebAiiTest name="Invalid EMail formats generate appropriate errors" storage="d:\projects\telerik-demo\test\teststudio\telerik_demo_app\new contact\invalid email formats generate appropriate errors.tstest" priority="0" id="0ce85c22-85ca-465f-a822-8560ff8a1a61" xmlns="http://artoftest.com/schemas/WebAiiDesignCanvas/1.0.0">
      <Description xmlns="http://microsoft.com/schemas/VisualStudio/TeamTest/2010">WebAii Testcase</Description>
      <DeploymentItems xmlns="http://microsoft.com/schemas/VisualStudio/TeamTest/2010">
        <DeploymentItem filename="..\bin\Telerik_Demo_App.dll" />
      </DeploymentItems>
      <Execution id="5b49d1f8-db73-4564-a70c-f58a11b7cc8a" xmlns="http://microsoft.com/schemas/VisualStudio/TeamTest/2010" />
    </WebAiiTest>
    <WebAiiTest name="Clicking New Contact from grid opens form in new window" storage="d:\projects\telerik-demo\test\teststudio\telerik_demo_app\new contact\clicking new contact from grid opens form in new window.tstest" priority="0" id="6ef4f20c-2dda-419c-997c-854a69210f65" xmlns="http://artoftest.com/schemas/WebAiiDesignCanvas/1.0.0">
      <Description xmlns="http://microsoft.com/schemas/VisualStudio/TeamTest/2010">WebAii Testcase</Description>
      <DeploymentItems xmlns="http://microsoft.com/schemas/VisualStudio/TeamTest/2010">
        <DeploymentItem filename="..\bin\Telerik_Demo_App.dll" />
        <DeploymentItem filename="..\Login\Logging in as test user displays proper header.tstest" />
      </DeploymentItems>
      <Execution id="fa96085d-a2a0-4843-b28e-85679fde2a75" xmlns="http://microsoft.com/schemas/VisualStudio/TeamTest/2010" />
    </WebAiiTest>
    <WebAiiTest name="Login Submit button disabled until both username &amp; password entered" storage="d:\projects\telerik-demo\test\teststudio\telerik_demo_app\login\login submit button disabled until both username &amp; password entered.tstest" priority="0" id="bb96b034-5560-4909-bf1a-096866fc288e" xmlns="http://artoftest.com/schemas/WebAiiDesignCanvas/1.0.0">
      <Description xmlns="http://microsoft.com/schemas/VisualStudio/TeamTest/2010">WebAii Testcase</Description>
      <DeploymentItems xmlns="http://microsoft.com/schemas/VisualStudio/TeamTest/2010">
        <DeploymentItem filename="..\bin\Telerik_Demo_App.dll" />
      </DeploymentItems>
      <Execution id="5d4981eb-8269-4384-9e8d-4c202b2fcae5" xmlns="http://microsoft.com/schemas/VisualStudio/TeamTest/2010" />
    </WebAiiTest>
    <WebAiiTest name="Visually check layout and styling of New Contact form" storage="d:\projects\telerik-demo\test\teststudio\telerik_demo_app\new contact\visually check layout and styling of new contact form.tstest" priority="0" id="b72c1bec-352d-45ee-b3a8-cd7200bc1b17" xmlns="http://artoftest.com/schemas/WebAiiDesignCanvas/1.0.0">
      <Description xmlns="http://microsoft.com/schemas/VisualStudio/TeamTest/2010">WebAii Testcase</Description>
      <DeploymentItems xmlns="http://microsoft.com/schemas/VisualStudio/TeamTest/2010">
        <DeploymentItem filename="..\bin\Telerik_Demo_App.dll" />
        <DeploymentItem filename="..\New Contact\Clicking New Contact from grid opens form in new window.tstest" />
        <DeploymentItem filename="..\Login\Logging in as test user displays proper header.tstest" />
      </DeploymentItems>
      <Execution id="27a0a3d4-dbb8-44d6-bbff-8ff3785bcd16" xmlns="http://microsoft.com/schemas/VisualStudio/TeamTest/2010" />
    </WebAiiTest>
    <WebAiiTest name="Adding empty contact generates appropriate field and style errors" storage="d:\projects\telerik-demo\test\teststudio\telerik_demo_app\new contact\adding empty contact generates appropriate field and style errors.tstest" priority="0" id="b0cbe79a-5836-4d42-9a31-1836b210f99c" xmlns="http://artoftest.com/schemas/WebAiiDesignCanvas/1.0.0">
      <Description xmlns="http://microsoft.com/schemas/VisualStudio/TeamTest/2010">WebAii Testcase</Description>
      <DeploymentItems xmlns="http://microsoft.com/schemas/VisualStudio/TeamTest/2010">
        <DeploymentItem filename="..\bin\Telerik_Demo_App.dll" />
        <DeploymentItem filename="..\New Contact\Clicking New Contact from grid opens form in new window.tstest" />
        <DeploymentItem filename="..\Login\Logging in as test user displays proper header.tstest" />
      </DeploymentItems>
      <Execution id="e6d4b215-fffe-437d-be2a-a18886635138" xmlns="http://microsoft.com/schemas/VisualStudio/TeamTest/2010" />
    </WebAiiTest>
    <WebAiiTest name="Exporting Grid to PDF saves a file to filesystem" storage="d:\projects\telerik-demo\test\teststudio\telerik_demo_app\new contact\exporting grid to pdf saves a file to filesystem.tstest" priority="0" id="3a67af50-a176-4237-97df-8c6a66252944" xmlns="http://artoftest.com/schemas/WebAiiDesignCanvas/1.0.0">
      <Description xmlns="http://microsoft.com/schemas/VisualStudio/TeamTest/2010">WebAii Testcase</Description>
      <DeploymentItems xmlns="http://microsoft.com/schemas/VisualStudio/TeamTest/2010">
        <DeploymentItem filename="..\bin\Telerik_Demo_App.dll" />
        <DeploymentItem filename="..\Login\Logging in as test user displays proper header.tstest" />
      </DeploymentItems>
      <Execution id="cc5896e5-34ae-4ef2-8fb1-1c59a187ef2e" xmlns="http://microsoft.com/schemas/VisualStudio/TeamTest/2010" />
    </WebAiiTest>
    <WebAiiTest name="Logging in as test user displays proper header" storage="d:\projects\telerik-demo\test\teststudio\telerik_demo_app\login\logging in as test user displays proper header.tstest" priority="0" id="d85de241-5219-4b09-b501-7a7aa86be76b" xmlns="http://artoftest.com/schemas/WebAiiDesignCanvas/1.0.0">
      <Description xmlns="http://microsoft.com/schemas/VisualStudio/TeamTest/2010">WebAii Testcase</Description>
      <DeploymentItems xmlns="http://microsoft.com/schemas/VisualStudio/TeamTest/2010">
        <DeploymentItem filename="..\bin\Telerik_Demo_App.dll" />
      </DeploymentItems>
      <Execution id="a17690d4-eb44-4eb4-9024-dd7b41cf0353" xmlns="http://microsoft.com/schemas/VisualStudio/TeamTest/2010" />
    </WebAiiTest>
    <WebAiiTest name="Dragging Contact Types to new contact sets correct values" storage="d:\projects\telerik-demo\test\teststudio\telerik_demo_app\new contact\dragging contact types to new contact sets correct values.tstest" priority="0" id="1ed756a3-39b5-4dee-a24d-4e2f7a4a19aa" xmlns="http://artoftest.com/schemas/WebAiiDesignCanvas/1.0.0">
      <Description xmlns="http://microsoft.com/schemas/VisualStudio/TeamTest/2010">WebAii Testcase</Description>
      <DeploymentItems xmlns="http://microsoft.com/schemas/VisualStudio/TeamTest/2010">
        <DeploymentItem filename="..\bin\Telerik_Demo_App.dll" />
        <DeploymentItem filename="..\New Contact\Clicking New Contact from grid opens form in new window.tstest" />
        <DeploymentItem filename="..\Login\Logging in as test user displays proper header.tstest" />
      </DeploymentItems>
      <Execution id="ef206255-d8c2-47df-bc6c-a2fff183bebe" xmlns="http://microsoft.com/schemas/VisualStudio/TeamTest/2010" />
    </WebAiiTest>
    <WebAiiTest name="Invalid username and password combo shows error message" storage="d:\projects\telerik-demo\test\teststudio\telerik_demo_app\login\invalid username and password combo shows error message.tstest" priority="0" id="e053a135-43c8-4e57-9dd7-2f6cacf59f82" xmlns="http://artoftest.com/schemas/WebAiiDesignCanvas/1.0.0">
      <Description xmlns="http://microsoft.com/schemas/VisualStudio/TeamTest/2010">WebAii Testcase</Description>
      <DeploymentItems xmlns="http://microsoft.com/schemas/VisualStudio/TeamTest/2010">
        <DeploymentItem filename="..\bin\Telerik_Demo_App.dll" />
      </DeploymentItems>
      <Execution id="e8236846-299d-439a-862c-0f3c1cc826ee" xmlns="http://microsoft.com/schemas/VisualStudio/TeamTest/2010" />
    </WebAiiTest>
  </TestDefinitions>
  <TestLists>
    <TestList name="Results Not in a List" id="8c84fa94-04c1-424b-9868-57a2d4851a1d" />
    <TestList name="All Loaded Results" id="19431567-8539-422a-85d7-44ee4e166bda" />
  </TestLists>
  <TestEntries>
    <TestEntry testId="0ce85c22-85ca-465f-a822-8560ff8a1a61" executionId="5b49d1f8-db73-4564-a70c-f58a11b7cc8a" testListId="8c84fa94-04c1-424b-9868-57a2d4851a1d" />
    <TestEntry testId="1ed756a3-39b5-4dee-a24d-4e2f7a4a19aa" executionId="ef206255-d8c2-47df-bc6c-a2fff183bebe" testListId="8c84fa94-04c1-424b-9868-57a2d4851a1d" />
    <TestEntry testId="3a67af50-a176-4237-97df-8c6a66252944" executionId="cc5896e5-34ae-4ef2-8fb1-1c59a187ef2e" testListId="8c84fa94-04c1-424b-9868-57a2d4851a1d" />
    <TestEntry testId="6ef4f20c-2dda-419c-997c-854a69210f65" executionId="fa96085d-a2a0-4843-b28e-85679fde2a75" testListId="8c84fa94-04c1-424b-9868-57a2d4851a1d" />
    <TestEntry testId="b0cbe79a-5836-4d42-9a31-1836b210f99c" executionId="e6d4b215-fffe-437d-be2a-a18886635138" testListId="8c84fa94-04c1-424b-9868-57a2d4851a1d" />
    <TestEntry testId="b72c1bec-352d-45ee-b3a8-cd7200bc1b17" executionId="27a0a3d4-dbb8-44d6-bbff-8ff3785bcd16" testListId="8c84fa94-04c1-424b-9868-57a2d4851a1d" />
    <TestEntry testId="bb96b034-5560-4909-bf1a-096866fc288e" executionId="5d4981eb-8269-4384-9e8d-4c202b2fcae5" testListId="8c84fa94-04c1-424b-9868-57a2d4851a1d" />
    <TestEntry testId="d85de241-5219-4b09-b501-7a7aa86be76b" executionId="a17690d4-eb44-4eb4-9024-dd7b41cf0353" testListId="8c84fa94-04c1-424b-9868-57a2d4851a1d" />
    <TestEntry testId="e053a135-43c8-4e57-9dd7-2f6cacf59f82" executionId="e8236846-299d-439a-862c-0f3c1cc826ee" testListId="8c84fa94-04c1-424b-9868-57a2d4851a1d" />
  </TestEntries>
  <Results>
    <WebAiiTestResult executionId="5b49d1f8-db73-4564-a70c-f58a11b7cc8a" testId="0ce85c22-85ca-465f-a822-8560ff8a1a61" testName="Invalid EMail formats generate appropriate errors" computerName="DEMO" duration="00:00:14.2540563" startTime="2011-09-27T17:19:54.3523672-04:00" endTime="2011-09-27T17:20:08.6160391-04:00" testType="c4241296-3c6e-46b1-bf92-e0bd3e0eb017" outcome="Passed" testListId="8c84fa94-04c1-424b-9868-57a2d4851a1d" relativeResultsDirectory="5b49d1f8-db73-4564-a70c-f58a11b7cc8a" xmlns="http://artoftest.com/schemas/WebAiiDesignCanvas/1.0.0">
      <Output xmlns="http://microsoft.com/schemas/VisualStudio/TeamTest/2010">
        <ErrorInfo>
          <Message>Overall Result: Pass
------------------------------------------------------------
'9/27/2011 5:19:54 PM' - Starting execution....
------------------------------------------------------------
------------------------------------------------------------
'9/27/2011 5:19:56 PM' - Overall Result: Pass
'9/27/2011 5:19:56 PM' - Duration: [0 min: 0 sec: 21 msec]
------------------------------------------------------------
'9/27/2011 5:19:57 PM' - Test completed!
</Message>
        </ErrorInfo>
      </Output>
      <WebAiiTestResult Type="ArtOfTest.WebAii.Design.Execution.TestResult" Version="2011.2.927.0" xmlns="">
        <TestId Type="System.String">0ce85c22-85ca-465f-a822-8560ff8a1a61</TestId>
        <TestName Type="System.String">Invalid EMail formats generate appropriate errors</TestName>
        <TestPath Type="System.String">New Contact\Invalid EMail formats generate appropriate errors.tstest</TestPath>
        <ProjectPath Type="System.String">
        </ProjectPath>
        <ResultType Type="ArtOfTest.Common.Design.ResultType">Pass</ResultType>
        <AutomationStepResults />
        <NotRunStepDescriptions />
        <PerStepMessages Type="System.String">Overall Result: Pass
------------------------------------------------------------
'9/27/2011 5:19:54 PM' - Starting execution....
------------------------------------------------------------
------------------------------------------------------------
'9/27/2011 5:19:56 PM' - Overall Result: Pass
'9/27/2011 5:19:56 PM' - Duration: [0 min: 0 sec: 21 msec]
------------------------------------------------------------
'9/27/2011 5:19:57 PM' - Test completed!
</PerStepMessages>
        <TotalNumberOfPassedSteps Type="System.Int32">0</TotalNumberOfPassedSteps>
        <ExecutingTestStepCount Type="System.Int32">0</ExecutingTestStepCount>
        <TotalNumberOfNotRunSteps Type="System.Int32">0</TotalNumberOfNotRunSteps>
        <IsDataDrivenResult Type="System.Boolean">False</IsDataDrivenResult>
        <SeparatorLineCharCount Type="System.Int32">60</SeparatorLineCharCount>
        <ExecutionType Type="ArtOfTest.Common.Design.ExecutionType">QuickExecution</ExecutionType>
        <EndTime Type="System.DateTime">2011-09-27 21:19:56Z</EndTime>
        <StarTime Type="System.DateTime">2011-09-27 21:19:56Z</StarTime>
        <DataIterationResults />
        <VersionGroupKey Type="System.String">00000000-0000-0000-0000-000000000000</VersionGroupKey>
      </WebAiiTestResult>
    </WebAiiTestResult>
    <WebAiiTestResult executionId="ef206255-d8c2-47df-bc6c-a2fff183bebe" testId="1ed756a3-39b5-4dee-a24d-4e2f7a4a19aa" testName="Dragging Contact Types to new contact sets correct values" computerName="DEMO" duration="00:00:24.5276528" startTime="2011-09-27T17:20:08.6267813-04:00" endTime="2011-09-27T17:20:33.1609610-04:00" testType="c4241296-3c6e-46b1-bf92-e0bd3e0eb017" outcome="Passed" testListId="8c84fa94-04c1-424b-9868-57a2d4851a1d" relativeResultsDirectory="ef206255-d8c2-47df-bc6c-a2fff183bebe" xmlns="http://artoftest.com/schemas/WebAiiDesignCanvas/1.0.0">
      <Output xmlns="http://microsoft.com/schemas/VisualStudio/TeamTest/2010">
        <ErrorInfo>
          <Message>Overall Result: Pass
------------------------------------------------------------
'9/27/2011 5:20:08 PM' - Starting execution....
------------------------------------------------------------
'9/27/2011 5:20:19 PM' - 'Pass' : 1. Execute test 'Clicking New Contact from grid opens form in new window'

&gt;&gt;&gt; Test-as-Step 'New Contact\Clicking New Contact from grid opens form in new window.tstest' log starts:

Overall Result: Pass
------------------------------------------------------------
'9/27/2011 5:20:11 PM' - Enabling Html Popup Tracker. Test expecting Popups.
'9/27/2011 5:20:17 PM' - 'Pass' : 1. Execute test 'Logging in as test user displays proper header.tstest'

&gt;&gt;&gt; Test-as-Step 'Login\Logging in as test user displays proper header.tstest' log starts:

Overall Result: Pass
------------------------------------------------------------
'9/27/2011 5:20:12 PM' - Enabling Html Popup Tracker. Test expecting Popups.
'9/27/2011 5:20:14 PM' - 'Pass' : 1. Navigate to : 'http://localhost:3000'
'9/27/2011 5:20:14 PM' - 'Pass' : 2. Click 'LoginLinkLink'
'9/27/2011 5:20:14 PM' - 'Pass' : 3. Set 'UsernameText' text to 'testuser'
'9/27/2011 5:20:16 PM' - 'Pass' : 4. Set 'PasswordPassword' text to 'abc123'
'9/27/2011 5:20:16 PM' - 'Pass' : 5. Click 'LoginButtonSubmit'
'9/27/2011 5:20:17 PM' - 'Pass' : 6. Verify 'TextContent' 'Contains' 'Logout' on 'LogoutLink'
'9/27/2011 5:20:17 PM' - 'Pass' : 7. Verify 'TextContent' 'Contains' 'Home' on 'HomeLink'
'9/27/2011 5:20:17 PM' - 'Pass' : 8. Verify 'TextContent' 'Contains' 'Help' on 'HelpLink'
------------------------------------------------------------
'9/27/2011 5:20:17 PM' - Overall Result: Pass
'9/27/2011 5:20:17 PM' - Duration: [0 min: 5 sec: 179 msec]
------------------------------------------------------------

&lt;&lt;&lt; Test-as-Step 'Login\Logging in as test user displays proper header.tstest' log ends.

'9/27/2011 5:20:17 PM' - 'Pass' : 2. Click 'NewContactLink'
'9/27/2011 5:20:19 PM' - 'Pass' : 3. Connect to pop-up window : 'http://localhost:3000/contacts/new'
'9/27/2011 5:20:19 PM' - 'Pass' : 4. Verify 'TextContent' 'Contains' 'New contact' on 'NewContactH1Tag'
'9/27/2011 5:20:19 PM' - 'Pass' : 5. Verify element 'CommitSubmit' 'is' visible.
'9/27/2011 5:20:19 PM' - 'Pass' : 6. Verify attribute 'value' has 'Same' value of 'Create Contact' on 'CommitSubmit'
------------------------------------------------------------
'9/27/2011 5:20:19 PM' - Overall Result: Pass
'9/27/2011 5:20:19 PM' - Duration: [0 min: 7 sec: 778 msec]
------------------------------------------------------------

&lt;&lt;&lt; Test-as-Step 'New Contact\Clicking New Contact from grid opens form in new window.tstest' log ends.

------------------------------------------------------------
'9/27/2011 5:20:19 PM' - Overall Result: Pass
'9/27/2011 5:20:19 PM' - Duration: [0 min: 7 sec: 897 msec]
------------------------------------------------------------
'9/27/2011 5:20:21 PM' - Test completed!
</Message>
        </ErrorInfo>
      </Output>
      <WebAiiTestResult Type="ArtOfTest.WebAii.Design.Execution.TestResult" Version="2011.2.927.0" xmlns="">
        <TestId Type="System.String">1ed756a3-39b5-4dee-a24d-4e2f7a4a19aa</TestId>
        <TestName Type="System.String">Dragging Contact Types to new contact sets correct values</TestName>
        <TestPath Type="System.String">New Contact\Dragging Contact Types to new contact sets correct values.tstest</TestPath>
        <ProjectPath Type="System.String">
        </ProjectPath>
        <ResultType Type="ArtOfTest.Common.Design.ResultType">Pass</ResultType>
        <AutomationStepResults>
          <Item Type="ArtOfTest.WebAii.Design.Execution.TestAsStepResult" Version="2011.2.927.0">
            <ResultType Type="ArtOfTest.Common.Design.ResultType">Pass</ResultType>
            <StepDescription Type="System.String">Execute test 'Clicking New Contact from grid opens form in new window'</StepDescription>
            <TestId Type="System.String">1ed756a3-39b5-4dee-a24d-4e2f7a4a19aa</TestId>
            <TestName Type="System.String">Dragging Contact Types to new contact sets correct values</TestName>
            <TestPath Type="System.String">New Contact\Dragging Contact Types to new contact sets correct values.tstest</TestPath>
            <TestStepNumber Type="System.Int32">0</TestStepNumber>
            <Order Type="System.Int32">1</Order>
            <LogMessageOnError Type="System.String">
            </LogMessageOnError>
            <HashCode Type="System.Int32">-832664899</HashCode>
            <IsManual Type="System.Boolean">False</IsManual>
            <WasStepEnabled Type="System.Boolean">False</WasStepEnabled>
            <TestResult Type="ArtOfTest.WebAii.Design.Execution.TestResult" Version="2011.2.927.0">
              <TestId Type="System.String">6ef4f20c-2dda-419c-997c-854a69210f65</TestId>
              <TestName Type="System.String">Clicking New Contact from grid opens form in new window</TestName>
              <TestPath Type="System.String">New Contact\Clicking New Contact from grid opens form in new window.tstest</TestPath>
              <ProjectPath Type="System.String">
              </ProjectPath>
              <ResultType Type="ArtOfTest.Common.Design.ResultType">Pass</ResultType>
              <AutomationStepResults>
                <Item Type="ArtOfTest.WebAii.Design.Execution.TestAsStepResult" Version="2011.2.927.0">
                  <ResultType Type="ArtOfTest.Common.Design.ResultType">Pass</ResultType>
                  <StepDescription Type="System.String">Execute test 'Logging in as test user displays proper header.tstest'</StepDescription>
                  <TestId Type="System.String">6ef4f20c-2dda-419c-997c-854a69210f65</TestId>
                  <TestName Type="System.String">Clicking New Contact from grid opens form in new window</TestName>
                  <TestPath Type="System.String">New Contact\Clicking New Contact from grid opens form in new window.tstest</TestPath>
                  <TestStepNumber Type="System.Int32">0</TestStepNumber>
                  <Order Type="System.Int32">1</Order>
                  <LogMessageOnError Type="System.String">
                  </LogMessageOnError>
                  <HashCode Type="System.Int32">-832664899</HashCode>
                  <IsManual Type="System.Boolean">False</IsManual>
                  <WasStepEnabled Type="System.Boolean">False</WasStepEnabled>
                  <TestResult Type="ArtOfTest.WebAii.Design.Execution.TestResult" Version="2011.2.927.0">
                    <TestId Type="System.String">d85de241-5219-4b09-b501-7a7aa86be76b</TestId>
                    <TestName Type="System.String">Logging in as test user displays proper header</TestName>
                    <TestPath Type="System.String">Login\Logging in as test user displays proper header.tstest</TestPath>
                    <ProjectPath Type="System.String">
                    </ProjectPath>
                    <ResultType Type="ArtOfTest.Common.Design.ResultType">Pass</ResultType>
                    <AutomationStepResults>
                      <Item Type="ArtOfTest.WebAii.Design.AutomationStepResult" Version="2011.2.927.0">
                        <ResultType Type="ArtOfTest.Common.Design.ResultType">Pass</ResultType>
                        <StepDescription Type="System.String">Navigate to : 'http://localhost:3000'</StepDescription>
                        <TestId Type="System.String">d85de241-5219-4b09-b501-7a7aa86be76b</TestId>
                        <TestName Type="System.String">Logging in as test user displays proper header</TestName>
                        <TestPath Type="System.String">Login\Logging in as test user displays proper header.tstest</TestPath>
                        <TestStepNumber Type="System.Int32">0</TestStepNumber>
                        <Order Type="System.Int32">1</Order>
                        <LogMessageOnError Type="System.String">
                        </LogMessageOnError>
                        <HashCode Type="System.Int32">1347723234</HashCode>
                        <IsManual Type="System.Boolean">False</IsManual>
                        <WasStepEnabled Type="System.Boolean">False</WasStepEnabled>
                      </Item>
                      <Item Type="ArtOfTest.WebAii.Design.AutomationStepResult" Version="2011.2.927.0">
                        <ResultType Type="ArtOfTest.Common.Design.ResultType">Pass</ResultType>
                        <StepDescription Type="System.String">Click 'LoginLinkLink'</StepDescription>
                        <TestId Type="System.String">d85de241-5219-4b09-b501-7a7aa86be76b</TestId>
                        <TestName Type="System.String">Logging in as test user displays proper header</TestName>
                        <TestPath Type="System.String">Login\Logging in as test user displays proper header.tstest</TestPath>
                        <TestStepNumber Type="System.Int32">1</TestStepNumber>
                        <Order Type="System.Int32">2</Order>
                        <LogMessageOnError Type="System.String">
                        </LogMessageOnError>
                        <HashCode Type="System.Int32">2087960561</HashCode>
                        <IsManual Type="System.Boolean">False</IsManual>
                        <WasStepEnabled Type="System.Boolean">False</WasStepEnabled>
                      </Item>
                      <Item Type="ArtOfTest.WebAii.Design.AutomationStepResult" Version="2011.2.927.0">
                        <ResultType Type="ArtOfTest.Common.Design.ResultType">Pass</ResultType>
                        <StepDescription Type="System.String">Set 'UsernameText' text to 'testuser'</StepDescription>
                        <TestId Type="System.String">d85de241-5219-4b09-b501-7a7aa86be76b</TestId>
                        <TestName Type="System.String">Logging in as test user displays proper header</TestName>
                        <TestPath Type="System.String">Login\Logging in as test user displays proper header.tstest</TestPath>
                        <TestStepNumber Type="System.Int32">2</TestStepNumber>
                        <Order Type="System.Int32">3</Order>
                        <LogMessageOnError Type="System.String">
                        </LogMessageOnError>
                        <HashCode Type="System.Int32">1106498605</HashCode>
                        <IsManual Type="System.Boolean">False</IsManual>
                        <WasStepEnabled Type="System.Boolean">False</WasStepEnabled>
                      </Item>
                      <Item Type="ArtOfTest.WebAii.Design.AutomationStepResult" Version="2011.2.927.0">
                        <ResultType Type="ArtOfTest.Common.Design.ResultType">Pass</ResultType>
                        <StepDescription Type="System.String">Set 'PasswordPassword' text to 'abc123'</StepDescription>
                        <TestId Type="System.String">d85de241-5219-4b09-b501-7a7aa86be76b</TestId>
                        <TestName Type="System.String">Logging in as test user displays proper header</TestName>
                        <TestPath Type="System.String">Login\Logging in as test user displays proper header.tstest</TestPath>
                        <TestStepNumber Type="System.Int32">3</TestStepNumber>
                        <Order Type="System.Int32">4</Order>
                        <LogMessageOnError Type="System.String">
                        </LogMessageOnError>
                        <HashCode Type="System.Int32">1106498606</HashCode>
                        <IsManual Type="System.Boolean">False</IsManual>
                        <WasStepEnabled Type="System.Boolean">False</WasStepEnabled>
                      </Item>
                      <Item Type="ArtOfTest.WebAii.Design.AutomationStepResult" Version="2011.2.927.0">
                        <ResultType Type="ArtOfTest.Common.Design.ResultType">Pass</ResultType>
                        <StepDescription Type="System.String">Click 'LoginButtonSubmit'</StepDescription>
                        <TestId Type="System.String">d85de241-5219-4b09-b501-7a7aa86be76b</TestId>
                        <TestName Type="System.String">Logging in as test user displays proper header</TestName>
                        <TestPath Type="System.String">Login\Logging in as test user displays proper header.tstest</TestPath>
                        <TestStepNumber Type="System.Int32">4</TestStepNumber>
                        <Order Type="System.Int32">5</Order>
                        <LogMessageOnError Type="System.String">
                        </LogMessageOnError>
                        <HashCode Type="System.Int32">2087960564</HashCode>
                        <IsManual Type="System.Boolean">False</IsManual>
                        <WasStepEnabled Type="System.Boolean">False</WasStepEnabled>
                      </Item>
                      <Item Type="ArtOfTest.WebAii.Design.AutomationStepResult" Version="2011.2.927.0">
                        <ResultType Type="ArtOfTest.Common.Design.ResultType">Pass</ResultType>
                        <StepDescription Type="System.String">Verify 'TextContent' 'Contains' 'Logout' on 'LogoutLink'</StepDescription>
                        <TestId Type="System.String">d85de241-5219-4b09-b501-7a7aa86be76b</TestId>
                        <TestName Type="System.String">Logging in as test user displays proper header</TestName>
                        <TestPath Type="System.String">Login\Logging in as test user displays proper header.tstest</TestPath>
                        <TestStepNumber Type="System.Int32">5</TestStepNumber>
                        <Order Type="System.Int32">6</Order>
                        <LogMessageOnError Type="System.String">
                        </LogMessageOnError>
                        <HashCode Type="System.Int32">-1313506168</HashCode>
                        <IsManual Type="System.Boolean">False</IsManual>
                        <WasStepEnabled Type="System.Boolean">False</WasStepEnabled>
                      </Item>
                      <Item Type="ArtOfTest.WebAii.Design.AutomationStepResult" Version="2011.2.927.0">
                        <ResultType Type="ArtOfTest.Common.Design.ResultType">Pass</ResultType>
                        <StepDescription Type="System.String">Verify 'TextContent' 'Contains' 'Home' on 'HomeLink'</StepDescription>
                        <TestId Type="System.String">d85de241-5219-4b09-b501-7a7aa86be76b</TestId>
                        <TestName Type="System.String">Logging in as test user displays proper header</TestName>
                        <TestPath Type="System.String">Login\Logging in as test user displays proper header.tstest</TestPath>
                        <TestStepNumber Type="System.Int32">6</TestStepNumber>
                        <Order Type="System.Int32">7</Order>
                        <LogMessageOnError Type="System.String">
                        </LogMessageOnError>
                        <HashCode Type="System.Int32">-1313506167</HashCode>
                        <IsManual Type="System.Boolean">False</IsManual>
                        <WasStepEnabled Type="System.Boolean">False</WasStepEnabled>
                      </Item>
                      <Item Type="ArtOfTest.WebAii.Design.AutomationStepResult" Version="2011.2.927.0">
                        <ResultType Type="ArtOfTest.Common.Design.ResultType">Pass</ResultType>
                        <StepDescription Type="System.String">Verify 'TextContent' 'Contains' 'Help' on 'HelpLink'</StepDescription>
                        <TestId Type="System.String">d85de241-5219-4b09-b501-7a7aa86be76b</TestId>
                        <TestName Type="System.String">Logging in as test user displays proper header</TestName>
                        <TestPath Type="System.String">Login\Logging in as test user displays proper header.tstest</TestPath>
                        <TestStepNumber Type="System.Int32">7</TestStepNumber>
                        <Order Type="System.Int32">8</Order>
                        <LogMessageOnError Type="System.String">
                        </LogMessageOnError>
                        <HashCode Type="System.Int32">-1313506166</HashCode>
                        <IsManual Type="System.Boolean">False</IsManual>
                        <WasStepEnabled Type="System.Boolean">False</WasStepEnabled>
                      </Item>
                    </AutomationStepResults>
                    <NotRunStepDescriptions />
                    <PerStepMessages Type="System.String">Overall Result: Pass
------------------------------------------------------------
'9/27/2011 5:20:12 PM' - Enabling Html Popup Tracker. Test expecting Popups.
'9/27/2011 5:20:14 PM' - 'Pass' : 1. Navigate to : 'http://localhost:3000'
'9/27/2011 5:20:14 PM' - 'Pass' : 2. Click 'LoginLinkLink'
'9/27/2011 5:20:14 PM' - 'Pass' : 3. Set 'UsernameText' text to 'testuser'
'9/27/2011 5:20:16 PM' - 'Pass' : 4. Set 'PasswordPassword' text to 'abc123'
'9/27/2011 5:20:16 PM' - 'Pass' : 5. Click 'LoginButtonSubmit'
'9/27/2011 5:20:17 PM' - 'Pass' : 6. Verify 'TextContent' 'Contains' 'Logout' on 'LogoutLink'
'9/27/2011 5:20:17 PM' - 'Pass' : 7. Verify 'TextContent' 'Contains' 'Home' on 'HomeLink'
'9/27/2011 5:20:17 PM' - 'Pass' : 8. Verify 'TextContent' 'Contains' 'Help' on 'HelpLink'
------------------------------------------------------------
'9/27/2011 5:20:17 PM' - Overall Result: Pass
'9/27/2011 5:20:17 PM' - Duration: [0 min: 5 sec: 179 msec]
------------------------------------------------------------
</PerStepMessages>
                    <TotalNumberOfPassedSteps Type="System.Int32">8</TotalNumberOfPassedSteps>
                    <ExecutingTestStepCount Type="System.Int32">8</ExecutingTestStepCount>
                    <TotalNumberOfNotRunSteps Type="System.Int32">0</TotalNumberOfNotRunSteps>
                    <IsDataDrivenResult Type="System.Boolean">False</IsDataDrivenResult>
                    <SeparatorLineCharCount Type="System.Int32">60</SeparatorLineCharCount>
                    <ExecutionType Type="ArtOfTest.Common.Design.ExecutionType">QuickExecution</ExecutionType>
                    <EndTime Type="System.DateTime">2011-09-27 21:20:17Z</EndTime>
                    <StarTime Type="System.DateTime">2011-09-27 21:20:12Z</StarTime>
                    <DataIterationResults />
                    <VersionGroupKey Type="System.String">00000000-0000-0000-0000-000000000000</VersionGroupKey>
                  </TestResult>
                </Item>
                <Item Type="ArtOfTest.WebAii.Design.AutomationStepResult" Version="2011.2.927.0">
                  <ResultType Type="ArtOfTest.Common.Design.ResultType">Pass</ResultType>
                  <StepDescription Type="System.String">Click 'NewContactLink'</StepDescription>
                  <TestId Type="System.String">6ef4f20c-2dda-419c-997c-854a69210f65</TestId>
                  <TestName Type="System.String">Clicking New Contact from grid opens form in new window</TestName>
                  <TestPath Type="System.String">New Contact\Clicking New Contact from grid opens form in new window.tstest</TestPath>
                  <TestStepNumber Type="System.Int32">1</TestStepNumber>
                  <Order Type="System.Int32">2</Order>
                  <LogMessageOnError Type="System.String">
                  </LogMessageOnError>
                  <HashCode Type="System.Int32">2087960561</HashCode>
                  <IsManual Type="System.Boolean">False</IsManual>
                  <WasStepEnabled Type="System.Boolean">False</WasStepEnabled>
                </Item>
                <Item Type="ArtOfTest.WebAii.Design.AutomationStepResult" Version="2011.2.927.0">
                  <ResultType Type="ArtOfTest.Common.Design.ResultType">Pass</ResultType>
                  <StepDescription Type="System.String">Connect to pop-up window : 'http://localhost:3000/contacts/new'</StepDescription>
                  <TestId Type="System.String">6ef4f20c-2dda-419c-997c-854a69210f65</TestId>
                  <TestName Type="System.String">Clicking New Contact from grid opens form in new window</TestName>
                  <TestPath Type="System.String">New Contact\Clicking New Contact from grid opens form in new window.tstest</TestPath>
                  <TestStepNumber Type="System.Int32">2</TestStepNumber>
                  <Order Type="System.Int32">3</Order>
                  <LogMessageOnError Type="System.String">
                  </LogMessageOnError>
                  <HashCode Type="System.Int32">512605107</HashCode>
                  <IsManual Type="System.Boolean">False</IsManual>
                  <WasStepEnabled Type="System.Boolean">False</WasStepEnabled>
                </Item>
                <Item Type="ArtOfTest.WebAii.Design.AutomationStepResult" Version="2011.2.927.0">
                  <ResultType Type="ArtOfTest.Common.Design.ResultType">Pass</ResultType>
                  <StepDescription Type="System.String">Verify 'TextContent' 'Contains' 'New contact' on 'NewContactH1Tag'</StepDescription>
                  <TestId Type="System.String">6ef4f20c-2dda-419c-997c-854a69210f65</TestId>
                  <TestName Type="System.String">Clicking New Contact from grid opens form in new window</TestName>
                  <TestPath Type="System.String">New Contact\Clicking New Contact from grid opens form in new window.tstest</TestPath>
                  <TestStepNumber Type="System.Int32">3</TestStepNumber>
                  <Order Type="System.Int32">4</Order>
                  <LogMessageOnError Type="System.String">
                  </LogMessageOnError>
                  <HashCode Type="System.Int32">-1313506170</HashCode>
                  <IsManual Type="System.Boolean">False</IsManual>
                  <WasStepEnabled Type="System.Boolean">False</WasStepEnabled>
                </Item>
                <Item Type="ArtOfTest.WebAii.Design.AutomationStepResult" Version="2011.2.927.0">
                  <ResultType Type="ArtOfTest.Common.Design.ResultType">Pass</ResultType>
                  <StepDescription Type="System.String">Verify element 'CommitSubmit' 'is' visible.</StepDescription>
                  <TestId Type="System.String">6ef4f20c-2dda-419c-997c-854a69210f65</TestId>
                  <TestName Type="System.String">Clicking New Contact from grid opens form in new window</TestName>
                  <TestPath Type="System.String">New Contact\Clicking New Contact from grid opens form in new window.tstest</TestPath>
                  <TestStepNumber Type="System.Int32">4</TestStepNumber>
                  <Order Type="System.Int32">5</Order>
                  <LogMessageOnError Type="System.String">
                  </LogMessageOnError>
                  <HashCode Type="System.Int32">1164883281</HashCode>
                  <IsManual Type="System.Boolean">False</IsManual>
                  <WasStepEnabled Type="System.Boolean">False</WasStepEnabled>
                </Item>
                <Item Type="ArtOfTest.WebAii.Design.AutomationStepResult" Version="2011.2.927.0">
                  <ResultType Type="ArtOfTest.Common.Design.ResultType">Pass</ResultType>
                  <StepDescription Type="System.String">Verify attribute 'value' has 'Same' value of 'Create Contact' on 'CommitSubmit'</StepDescription>
                  <TestId Type="System.String">6ef4f20c-2dda-419c-997c-854a69210f65</TestId>
                  <TestName Type="System.String">Clicking New Contact from grid opens form in new window</TestName>
                  <TestPath Type="System.String">New Contact\Clicking New Contact from grid opens form in new window.tstest</TestPath>
                  <TestStepNumber Type="System.Int32">5</TestStepNumber>
                  <Order Type="System.Int32">6</Order>
                  <LogMessageOnError Type="System.String">
                  </LogMessageOnError>
                  <HashCode Type="System.Int32">-426161341</HashCode>
                  <IsManual Type="System.Boolean">False</IsManual>
                  <WasStepEnabled Type="System.Boolean">False</WasStepEnabled>
                </Item>
              </AutomationStepResults>
              <NotRunStepDescriptions />
              <PerStepMessages Type="System.String">Overall Result: Pass
------------------------------------------------------------
'9/27/2011 5:20:11 PM' - Enabling Html Popup Tracker. Test expecting Popups.
'9/27/2011 5:20:17 PM' - 'Pass' : 1. Execute test 'Logging in as test user displays proper header.tstest'

&gt;&gt;&gt; Test-as-Step 'Login\Logging in as test user displays proper header.tstest' log starts:

Overall Result: Pass
------------------------------------------------------------
'9/27/2011 5:20:12 PM' - Enabling Html Popup Tracker. Test expecting Popups.
'9/27/2011 5:20:14 PM' - 'Pass' : 1. Navigate to : 'http://localhost:3000'
'9/27/2011 5:20:14 PM' - 'Pass' : 2. Click 'LoginLinkLink'
'9/27/2011 5:20:14 PM' - 'Pass' : 3. Set 'UsernameText' text to 'testuser'
'9/27/2011 5:20:16 PM' - 'Pass' : 4. Set 'PasswordPassword' text to 'abc123'
'9/27/2011 5:20:16 PM' - 'Pass' : 5. Click 'LoginButtonSubmit'
'9/27/2011 5:20:17 PM' - 'Pass' : 6. Verify 'TextContent' 'Contains' 'Logout' on 'LogoutLink'
'9/27/2011 5:20:17 PM' - 'Pass' : 7. Verify 'TextContent' 'Contains' 'Home' on 'HomeLink'
'9/27/2011 5:20:17 PM' - 'Pass' : 8. Verify 'TextContent' 'Contains' 'Help' on 'HelpLink'
------------------------------------------------------------
'9/27/2011 5:20:17 PM' - Overall Result: Pass
'9/27/2011 5:20:17 PM' - Duration: [0 min: 5 sec: 179 msec]
------------------------------------------------------------

&lt;&lt;&lt; Test-as-Step 'Login\Logging in as test user displays proper header.tstest' log ends.

'9/27/2011 5:20:17 PM' - 'Pass' : 2. Click 'NewContactLink'
'9/27/2011 5:20:19 PM' - 'Pass' : 3. Connect to pop-up window : 'http://localhost:3000/contacts/new'
'9/27/2011 5:20:19 PM' - 'Pass' : 4. Verify 'TextContent' 'Contains' 'New contact' on 'NewContactH1Tag'
'9/27/2011 5:20:19 PM' - 'Pass' : 5. Verify element 'CommitSubmit' 'is' visible.
'9/27/2011 5:20:19 PM' - 'Pass' : 6. Verify attribute 'value' has 'Same' value of 'Create Contact' on 'CommitSubmit'
------------------------------------------------------------
'9/27/2011 5:20:19 PM' - Overall Result: Pass
'9/27/2011 5:20:19 PM' - Duration: [0 min: 7 sec: 778 msec]
------------------------------------------------------------
</PerStepMessages>
              <TotalNumberOfPassedSteps Type="System.Int32">6</TotalNumberOfPassedSteps>
              <ExecutingTestStepCount Type="System.Int32">6</ExecutingTestStepCount>
              <TotalNumberOfNotRunSteps Type="System.Int32">0</TotalNumberOfNotRunSteps>
              <IsDataDrivenResult Type="System.Boolean">False</IsDataDrivenResult>
              <SeparatorLineCharCount Type="System.Int32">60</SeparatorLineCharCount>
              <ExecutionType Type="ArtOfTest.Common.Design.ExecutionType">QuickExecution</ExecutionType>
              <EndTime Type="System.DateTime">2011-09-27 21:20:19Z</EndTime>
              <StarTime Type="System.DateTime">2011-09-27 21:20:11Z</StarTime>
              <DataIterationResults />
              <VersionGroupKey Type="System.String">00000000-0000-0000-0000-000000000000</VersionGroupKey>
            </TestResult>
          </Item>
        </AutomationStepResults>
        <NotRunStepDescriptions />
        <PerStepMessages Type="System.String">Overall Result: Pass
------------------------------------------------------------
'9/27/2011 5:20:08 PM' - Starting execution....
------------------------------------------------------------
'9/27/2011 5:20:19 PM' - 'Pass' : 1. Execute test 'Clicking New Contact from grid opens form in new window'

&gt;&gt;&gt; Test-as-Step 'New Contact\Clicking New Contact from grid opens form in new window.tstest' log starts:

Overall Result: Pass
------------------------------------------------------------
'9/27/2011 5:20:11 PM' - Enabling Html Popup Tracker. Test expecting Popups.
'9/27/2011 5:20:17 PM' - 'Pass' : 1. Execute test 'Logging in as test user displays proper header.tstest'

&gt;&gt;&gt; Test-as-Step 'Login\Logging in as test user displays proper header.tstest' log starts:

Overall Result: Pass
------------------------------------------------------------
'9/27/2011 5:20:12 PM' - Enabling Html Popup Tracker. Test expecting Popups.
'9/27/2011 5:20:14 PM' - 'Pass' : 1. Navigate to : 'http://localhost:3000'
'9/27/2011 5:20:14 PM' - 'Pass' : 2. Click 'LoginLinkLink'
'9/27/2011 5:20:14 PM' - 'Pass' : 3. Set 'UsernameText' text to 'testuser'
'9/27/2011 5:20:16 PM' - 'Pass' : 4. Set 'PasswordPassword' text to 'abc123'
'9/27/2011 5:20:16 PM' - 'Pass' : 5. Click 'LoginButtonSubmit'
'9/27/2011 5:20:17 PM' - 'Pass' : 6. Verify 'TextContent' 'Contains' 'Logout' on 'LogoutLink'
'9/27/2011 5:20:17 PM' - 'Pass' : 7. Verify 'TextContent' 'Contains' 'Home' on 'HomeLink'
'9/27/2011 5:20:17 PM' - 'Pass' : 8. Verify 'TextContent' 'Contains' 'Help' on 'HelpLink'
------------------------------------------------------------
'9/27/2011 5:20:17 PM' - Overall Result: Pass
'9/27/2011 5:20:17 PM' - Duration: [0 min: 5 sec: 179 msec]
------------------------------------------------------------

&lt;&lt;&lt; Test-as-Step 'Login\Logging in as test user displays proper header.tstest' log ends.

'9/27/2011 5:20:17 PM' - 'Pass' : 2. Click 'NewContactLink'
'9/27/2011 5:20:19 PM' - 'Pass' : 3. Connect to pop-up window : 'http://localhost:3000/contacts/new'
'9/27/2011 5:20:19 PM' - 'Pass' : 4. Verify 'TextContent' 'Contains' 'New contact' on 'NewContactH1Tag'
'9/27/2011 5:20:19 PM' - 'Pass' : 5. Verify element 'CommitSubmit' 'is' visible.
'9/27/2011 5:20:19 PM' - 'Pass' : 6. Verify attribute 'value' has 'Same' value of 'Create Contact' on 'CommitSubmit'
------------------------------------------------------------
'9/27/2011 5:20:19 PM' - Overall Result: Pass
'9/27/2011 5:20:19 PM' - Duration: [0 min: 7 sec: 778 msec]
------------------------------------------------------------

&lt;&lt;&lt; Test-as-Step 'New Contact\Clicking New Contact from grid opens form in new window.tstest' log ends.

------------------------------------------------------------
'9/27/2011 5:20:19 PM' - Overall Result: Pass
'9/27/2011 5:20:19 PM' - Duration: [0 min: 7 sec: 897 msec]
------------------------------------------------------------
'9/27/2011 5:20:21 PM' - Test completed!
</PerStepMessages>
        <TotalNumberOfPassedSteps Type="System.Int32">1</TotalNumberOfPassedSteps>
        <ExecutingTestStepCount Type="System.Int32">1</ExecutingTestStepCount>
        <TotalNumberOfNotRunSteps Type="System.Int32">0</TotalNumberOfNotRunSteps>
        <IsDataDrivenResult Type="System.Boolean">False</IsDataDrivenResult>
        <SeparatorLineCharCount Type="System.Int32">60</SeparatorLineCharCount>
        <ExecutionType Type="ArtOfTest.Common.Design.ExecutionType">QuickExecution</ExecutionType>
        <EndTime Type="System.DateTime">2011-09-27 21:20:19Z</EndTime>
        <StarTime Type="System.DateTime">2011-09-27 21:20:11Z</StarTime>
        <DataIterationResults />
        <VersionGroupKey Type="System.String">00000000-0000-0000-0000-000000000000</VersionGroupKey>
      </WebAiiTestResult>
    </WebAiiTestResult>
    <WebAiiTestResult executionId="cc5896e5-34ae-4ef2-8fb1-1c59a187ef2e" testId="3a67af50-a176-4237-97df-8c6a66252944" testName="Exporting Grid to PDF saves a file to filesystem" computerName="DEMO" duration="00:00:17.9023705" startTime="2011-09-27T17:20:33.1697500-04:00" endTime="2011-09-27T17:20:51.0730703-04:00" testType="c4241296-3c6e-46b1-bf92-e0bd3e0eb017" outcome="Failed" testListId="8c84fa94-04c1-424b-9868-57a2d4851a1d" relativeResultsDirectory="cc5896e5-34ae-4ef2-8fb1-1c59a187ef2e" xmlns="http://artoftest.com/schemas/WebAiiDesignCanvas/1.0.0">
      <Output xmlns="http://microsoft.com/schemas/VisualStudio/TeamTest/2010">
        <ErrorInfo>
          <Message>Overall Result: Fail
------------------------------------------------------------
'9/27/2011 5:20:33 PM' - Starting execution....
'9/27/2011 5:20:35 PM' - Detected custom code in test. Locating test assembly: Telerik_Demo_App.dll.
'9/27/2011 5:20:35 PM' - Assembly Found: D:\projects\Telerik-Demo\test\TestStudio\Telerik_Demo_App\TestResults\Administrator_DEMO 2011-09-27 17_19_52\Out\Telerik_Demo_App.dll
'9/27/2011 5:20:35 PM' - Loading code class: 'Telerik_Demo_App.Exporting_Grid_to_PDF_saves_a_file_to_filesystem'.
------------------------------------------------------------
'9/27/2011 5:20:39 PM' - 'Pass' : 1. Execute test 'Logging in as test user displays proper header'

&gt;&gt;&gt; Test-as-Step 'Login\Logging in as test user displays proper header.tstest' log starts:

Overall Result: Pass
'9/27/2011 5:20:36 PM' - 'Pass' : 1. Navigate to : 'http://localhost:3000'
'9/27/2011 5:20:36 PM' - 'Pass' : 2. Click 'LoginLinkLink'
'9/27/2011 5:20:37 PM' - 'Pass' : 3. Set 'UsernameText' text to 'testuser'
'9/27/2011 5:20:38 PM' - 'Pass' : 4. Set 'PasswordPassword' text to 'abc123'
'9/27/2011 5:20:38 PM' - 'Pass' : 5. Click 'LoginButtonSubmit'
'9/27/2011 5:20:39 PM' - 'Pass' : 6. Verify 'TextContent' 'Contains' 'Logout' on 'LogoutLink'
'9/27/2011 5:20:39 PM' - 'Pass' : 7. Verify 'TextContent' 'Contains' 'Home' on 'HomeLink'
'9/27/2011 5:20:39 PM' - 'Pass' : 8. Verify 'TextContent' 'Contains' 'Help' on 'HelpLink'
------------------------------------------------------------
'9/27/2011 5:20:39 PM' - Overall Result: Pass
'9/27/2011 5:20:39 PM' - Duration: [0 min: 4 sec: 119 msec]
------------------------------------------------------------

&lt;&lt;&lt; Test-as-Step 'Login\Logging in as test user displays proper header.tstest' log ends.

'9/27/2011 5:20:39 PM' - 'Pass' : 2. Click 'ExportToPDFLink'
'9/27/2011 5:20:40 PM' - 'Fail' : 3. Verify the exported file exists on the physical file system
------------------------------------------------------------
Failure Information: 
~~~~~~~~~~~~~~~
Exception thrown executing coded step: 'Verify the exported file exists on the physical file system'.
InnerException:
ArtOfTest.Common.Exceptions.AssertException: Assert.IsTrue - [Expected:True],[Actual:False]
   at ArtOfTest.Common.UnitTesting.Assert.IsTrue(Boolean condition, String message)
   at ArtOfTest.Common.UnitTesting.Assert.IsTrue(Boolean condition)
   at Telerik_Demo_App.Exporting_Grid_to_PDF_saves_a_file_to_filesystem.Exporting_Grid_to_PDF_saves_a_file_to_filesystem_CodedStep() in D:\projects\Telerik-Demo\test\TestStudio\Telerik_Demo_App\New Contact\Exporting Grid to PDF saves a file to filesystem.tstest.cs:line 82
------------------------------------------------------------
'9/27/2011 5:20:40 PM' - Detected a failure. Step is marked 'ContinueOnFailure=False' aborting test execution.
------------------------------------------------------------
'9/27/2011 5:20:40 PM' - Overall Result: Fail
'9/27/2011 5:20:40 PM' - Duration: [0 min: 4 sec: 866 msec]
------------------------------------------------------------
'9/27/2011 5:20:40 PM' - Test completed!
</Message>
        </ErrorInfo>
      </Output>
      <WebAiiTestResult Type="ArtOfTest.WebAii.Design.Execution.TestResult" Version="2011.2.927.0" xmlns="">
        <TestId Type="System.String">3a67af50-a176-4237-97df-8c6a66252944</TestId>
        <TestName Type="System.String">Exporting Grid to PDF saves a file to filesystem</TestName>
        <TestPath Type="System.String">New Contact\Exporting Grid to PDF saves a file to filesystem.tstest</TestPath>
        <ProjectPath Type="System.String">
        </ProjectPath>
        <ResultType Type="ArtOfTest.Common.Design.ResultType">Fail</ResultType>
        <AutomationStepResults>
          <Item Type="ArtOfTest.WebAii.Design.Execution.TestAsStepResult" Version="2011.2.927.0">
            <ResultType Type="ArtOfTest.Common.Design.ResultType">Pass</ResultType>
            <StepDescription Type="System.String">Execute test 'Logging in as test user displays proper header'</StepDescription>
            <TestId Type="System.String">3a67af50-a176-4237-97df-8c6a66252944</TestId>
            <TestName Type="System.String">Exporting Grid to PDF saves a file to filesystem</TestName>
            <TestPath Type="System.String">New Contact\Exporting Grid to PDF saves a file to filesystem.tstest</TestPath>
            <TestStepNumber Type="System.Int32">0</TestStepNumber>
            <Order Type="System.Int32">1</Order>
            <LogMessageOnError Type="System.String">
            </LogMessageOnError>
            <HashCode Type="System.Int32">-832664899</HashCode>
            <IsManual Type="System.Boolean">False</IsManual>
            <WasStepEnabled Type="System.Boolean">False</WasStepEnabled>
            <TestResult Type="ArtOfTest.WebAii.Design.Execution.TestResult" Version="2011.2.927.0">
              <TestId Type="System.String">d85de241-5219-4b09-b501-7a7aa86be76b</TestId>
              <TestName Type="System.String">Logging in as test user displays proper header</TestName>
              <TestPath Type="System.String">Login\Logging in as test user displays proper header.tstest</TestPath>
              <ProjectPath Type="System.String">
              </ProjectPath>
              <ResultType Type="ArtOfTest.Common.Design.ResultType">Pass</ResultType>
              <AutomationStepResults>
                <Item Type="ArtOfTest.WebAii.Design.AutomationStepResult" Version="2011.2.927.0">
                  <ResultType Type="ArtOfTest.Common.Design.ResultType">Pass</ResultType>
                  <StepDescription Type="System.String">Navigate to : 'http://localhost:3000'</StepDescription>
                  <TestId Type="System.String">d85de241-5219-4b09-b501-7a7aa86be76b</TestId>
                  <TestName Type="System.String">Logging in as test user displays proper header</TestName>
                  <TestPath Type="System.String">Login\Logging in as test user displays proper header.tstest</TestPath>
                  <TestStepNumber Type="System.Int32">0</TestStepNumber>
                  <Order Type="System.Int32">1</Order>
                  <LogMessageOnError Type="System.String">
                  </LogMessageOnError>
                  <HashCode Type="System.Int32">1347723234</HashCode>
                  <IsManual Type="System.Boolean">False</IsManual>
                  <WasStepEnabled Type="System.Boolean">False</WasStepEnabled>
                </Item>
                <Item Type="ArtOfTest.WebAii.Design.AutomationStepResult" Version="2011.2.927.0">
                  <ResultType Type="ArtOfTest.Common.Design.ResultType">Pass</ResultType>
                  <StepDescription Type="System.String">Click 'LoginLinkLink'</StepDescription>
                  <TestId Type="System.String">d85de241-5219-4b09-b501-7a7aa86be76b</TestId>
                  <TestName Type="System.String">Logging in as test user displays proper header</TestName>
                  <TestPath Type="System.String">Login\Logging in as test user displays proper header.tstest</TestPath>
                  <TestStepNumber Type="System.Int32">1</TestStepNumber>
                  <Order Type="System.Int32">2</Order>
                  <LogMessageOnError Type="System.String">
                  </LogMessageOnError>
                  <HashCode Type="System.Int32">2087960561</HashCode>
                  <IsManual Type="System.Boolean">False</IsManual>
                  <WasStepEnabled Type="System.Boolean">False</WasStepEnabled>
                </Item>
                <Item Type="ArtOfTest.WebAii.Design.AutomationStepResult" Version="2011.2.927.0">
                  <ResultType Type="ArtOfTest.Common.Design.ResultType">Pass</ResultType>
                  <StepDescription Type="System.String">Set 'UsernameText' text to 'testuser'</StepDescription>
                  <TestId Type="System.String">d85de241-5219-4b09-b501-7a7aa86be76b</TestId>
                  <TestName Type="System.String">Logging in as test user displays proper header</TestName>
                  <TestPath Type="System.String">Login\Logging in as test user displays proper header.tstest</TestPath>
                  <TestStepNumber Type="System.Int32">2</TestStepNumber>
                  <Order Type="System.Int32">3</Order>
                  <LogMessageOnError Type="System.String">
                  </LogMessageOnError>
                  <HashCode Type="System.Int32">1106498605</HashCode>
                  <IsManual Type="System.Boolean">False</IsManual>
                  <WasStepEnabled Type="System.Boolean">False</WasStepEnabled>
                </Item>
                <Item Type="ArtOfTest.WebAii.Design.AutomationStepResult" Version="2011.2.927.0">
                  <ResultType Type="ArtOfTest.Common.Design.ResultType">Pass</ResultType>
                  <StepDescription Type="System.String">Set 'PasswordPassword' text to 'abc123'</StepDescription>
                  <TestId Type="System.String">d85de241-5219-4b09-b501-7a7aa86be76b</TestId>
                  <TestName Type="System.String">Logging in as test user displays proper header</TestName>
                  <TestPath Type="System.String">Login\Logging in as test user displays proper header.tstest</TestPath>
                  <TestStepNumber Type="System.Int32">3</TestStepNumber>
                  <Order Type="System.Int32">4</Order>
                  <LogMessageOnError Type="System.String">
                  </LogMessageOnError>
                  <HashCode Type="System.Int32">1106498606</HashCode>
                  <IsManual Type="System.Boolean">False</IsManual>
                  <WasStepEnabled Type="System.Boolean">False</WasStepEnabled>
                </Item>
                <Item Type="ArtOfTest.WebAii.Design.AutomationStepResult" Version="2011.2.927.0">
                  <ResultType Type="ArtOfTest.Common.Design.ResultType">Pass</ResultType>
                  <StepDescription Type="System.String">Click 'LoginButtonSubmit'</StepDescription>
                  <TestId Type="System.String">d85de241-5219-4b09-b501-7a7aa86be76b</TestId>
                  <TestName Type="System.String">Logging in as test user displays proper header</TestName>
                  <TestPath Type="System.String">Login\Logging in as test user displays proper header.tstest</TestPath>
                  <TestStepNumber Type="System.Int32">4</TestStepNumber>
                  <Order Type="System.Int32">5</Order>
                  <LogMessageOnError Type="System.String">
                  </LogMessageOnError>
                  <HashCode Type="System.Int32">2087960564</HashCode>
                  <IsManual Type="System.Boolean">False</IsManual>
                  <WasStepEnabled Type="System.Boolean">False</WasStepEnabled>
                </Item>
                <Item Type="ArtOfTest.WebAii.Design.AutomationStepResult" Version="2011.2.927.0">
                  <ResultType Type="ArtOfTest.Common.Design.ResultType">Pass</ResultType>
                  <StepDescription Type="System.String">Verify 'TextContent' 'Contains' 'Logout' on 'LogoutLink'</StepDescription>
                  <TestId Type="System.String">d85de241-5219-4b09-b501-7a7aa86be76b</TestId>
                  <TestName Type="System.String">Logging in as test user displays proper header</TestName>
                  <TestPath Type="System.String">Login\Logging in as test user displays proper header.tstest</TestPath>
                  <TestStepNumber Type="System.Int32">5</TestStepNumber>
                  <Order Type="System.Int32">6</Order>
                  <LogMessageOnError Type="System.String">
                  </LogMessageOnError>
                  <HashCode Type="System.Int32">-1313506168</HashCode>
                  <IsManual Type="System.Boolean">False</IsManual>
                  <WasStepEnabled Type="System.Boolean">False</WasStepEnabled>
                </Item>
                <Item Type="ArtOfTest.WebAii.Design.AutomationStepResult" Version="2011.2.927.0">
                  <ResultType Type="ArtOfTest.Common.Design.ResultType">Pass</ResultType>
                  <StepDescription Type="System.String">Verify 'TextContent' 'Contains' 'Home' on 'HomeLink'</StepDescription>
                  <TestId Type="System.String">d85de241-5219-4b09-b501-7a7aa86be76b</TestId>
                  <TestName Type="System.String">Logging in as test user displays proper header</TestName>
                  <TestPath Type="System.String">Login\Logging in as test user displays proper header.tstest</TestPath>
                  <TestStepNumber Type="System.Int32">6</TestStepNumber>
                  <Order Type="System.Int32">7</Order>
                  <LogMessageOnError Type="System.String">
                  </LogMessageOnError>
                  <HashCode Type="System.Int32">-1313506167</HashCode>
                  <IsManual Type="System.Boolean">False</IsManual>
                  <WasStepEnabled Type="System.Boolean">False</WasStepEnabled>
                </Item>
                <Item Type="ArtOfTest.WebAii.Design.AutomationStepResult" Version="2011.2.927.0">
                  <ResultType Type="ArtOfTest.Common.Design.ResultType">Pass</ResultType>
                  <StepDescription Type="System.String">Verify 'TextContent' 'Contains' 'Help' on 'HelpLink'</StepDescription>
                  <TestId Type="System.String">d85de241-5219-4b09-b501-7a7aa86be76b</TestId>
                  <TestName Type="System.String">Logging in as test user displays proper header</TestName>
                  <TestPath Type="System.String">Login\Logging in as test user displays proper header.tstest</TestPath>
                  <TestStepNumber Type="System.Int32">7</TestStepNumber>
                  <Order Type="System.Int32">8</Order>
                  <LogMessageOnError Type="System.String">
                  </LogMessageOnError>
                  <HashCode Type="System.Int32">-1313506166</HashCode>
                  <IsManual Type="System.Boolean">False</IsManual>
                  <WasStepEnabled Type="System.Boolean">False</WasStepEnabled>
                </Item>
              </AutomationStepResults>
              <NotRunStepDescriptions />
              <PerStepMessages Type="System.String">Overall Result: Pass
'9/27/2011 5:20:36 PM' - 'Pass' : 1. Navigate to : 'http://localhost:3000'
'9/27/2011 5:20:36 PM' - 'Pass' : 2. Click 'LoginLinkLink'
'9/27/2011 5:20:37 PM' - 'Pass' : 3. Set 'UsernameText' text to 'testuser'
'9/27/2011 5:20:38 PM' - 'Pass' : 4. Set 'PasswordPassword' text to 'abc123'
'9/27/2011 5:20:38 PM' - 'Pass' : 5. Click 'LoginButtonSubmit'
'9/27/2011 5:20:39 PM' - 'Pass' : 6. Verify 'TextContent' 'Contains' 'Logout' on 'LogoutLink'
'9/27/2011 5:20:39 PM' - 'Pass' : 7. Verify 'TextContent' 'Contains' 'Home' on 'HomeLink'
'9/27/2011 5:20:39 PM' - 'Pass' : 8. Verify 'TextContent' 'Contains' 'Help' on 'HelpLink'
------------------------------------------------------------
'9/27/2011 5:20:39 PM' - Overall Result: Pass
'9/27/2011 5:20:39 PM' - Duration: [0 min: 4 sec: 119 msec]
------------------------------------------------------------
</PerStepMessages>
              <TotalNumberOfPassedSteps Type="System.Int32">8</TotalNumberOfPassedSteps>
              <ExecutingTestStepCount Type="System.Int32">8</ExecutingTestStepCount>
              <TotalNumberOfNotRunSteps Type="System.Int32">0</TotalNumberOfNotRunSteps>
              <IsDataDrivenResult Type="System.Boolean">False</IsDataDrivenResult>
              <SeparatorLineCharCount Type="System.Int32">60</SeparatorLineCharCount>
              <ExecutionType Type="ArtOfTest.Common.Design.ExecutionType">QuickExecution</ExecutionType>
              <EndTime Type="System.DateTime">2011-09-27 21:20:39Z</EndTime>
              <StarTime Type="System.DateTime">2011-09-27 21:20:35Z</StarTime>
              <DataIterationResults />
              <VersionGroupKey Type="System.String">00000000-0000-0000-0000-000000000000</VersionGroupKey>
            </TestResult>
          </Item>
          <Item Type="ArtOfTest.WebAii.Design.AutomationStepResult" Version="2011.2.927.0">
            <ResultType Type="ArtOfTest.Common.Design.ResultType">Pass</ResultType>
            <StepDescription Type="System.String">Click 'ExportToPDFLink'</StepDescription>
            <TestId Type="System.String">3a67af50-a176-4237-97df-8c6a66252944</TestId>
            <TestName Type="System.String">Exporting Grid to PDF saves a file to filesystem</TestName>
            <TestPath Type="System.String">New Contact\Exporting Grid to PDF saves a file to filesystem.tstest</TestPath>
            <TestStepNumber Type="System.Int32">1</TestStepNumber>
            <Order Type="System.Int32">2</Order>
            <LogMessageOnError Type="System.String">
            </LogMessageOnError>
            <HashCode Type="System.Int32">2087960561</HashCode>
            <IsManual Type="System.Boolean">False</IsManual>
            <WasStepEnabled Type="System.Boolean">False</WasStepEnabled>
          </Item>
          <Item Type="ArtOfTest.WebAii.Design.AutomationStepResult" Version="2011.2.927.0">
            <ResultType Type="ArtOfTest.Common.Design.ResultType">Fail</ResultType>
            <ExecutionException Type="ArtOfTest.Common.Design.Exceptions.ExecutionException" Version="2011.2.927.0">
              <HostState Type="ArtOfTest.WebAii.Design.AutomationHostState" Version="2011.2.927.0">
                <Mode Type="ArtOfTest.WebAii.Design.BrowserStateCaptureMode">DomAndImage</Mode>
                <TechType Type="ArtOfTest.Common.TechnologyType">Html</TechType>
                <FriendlyName Type="System.String">Capture Of 'Page (DemoApp)' @9/27/2011 5:20:40 PM</FriendlyName>
              </HostState>
              <ExceptionMessage Type="System.String">Exception thrown executing coded step: 'Verify the exported file exists on the physical file system'.</ExceptionMessage>
            </ExecutionException>
            <StepDescription Type="System.String">Verify the exported file exists on the physical file system</StepDescription>
            <TestId Type="System.String">3a67af50-a176-4237-97df-8c6a66252944</TestId>
            <TestName Type="System.String">Exporting Grid to PDF saves a file to filesystem</TestName>
            <TestPath Type="System.String">New Contact\Exporting Grid to PDF saves a file to filesystem.tstest</TestPath>
            <TestStepNumber Type="System.Int32">2</TestStepNumber>
            <Order Type="System.Int32">3</Order>
            <LogMessageOnError Type="System.String">
            </LogMessageOnError>
            <HashCode Type="System.Int32">2113398268</HashCode>
            <IsManual Type="System.Boolean">False</IsManual>
            <WasStepEnabled Type="System.Boolean">False</WasStepEnabled>
          </Item>
        </AutomationStepResults>
        <NotRunStepDescriptions />
        <PerStepMessages Type="System.String">Overall Result: Fail
------------------------------------------------------------
'9/27/2011 5:20:33 PM' - Starting execution....
'9/27/2011 5:20:35 PM' - Detected custom code in test. Locating test assembly: Telerik_Demo_App.dll.
'9/27/2011 5:20:35 PM' - Assembly Found: D:\projects\Telerik-Demo\test\TestStudio\Telerik_Demo_App\TestResults\Administrator_DEMO 2011-09-27 17_19_52\Out\Telerik_Demo_App.dll
'9/27/2011 5:20:35 PM' - Loading code class: 'Telerik_Demo_App.Exporting_Grid_to_PDF_saves_a_file_to_filesystem'.
------------------------------------------------------------
'9/27/2011 5:20:39 PM' - 'Pass' : 1. Execute test 'Logging in as test user displays proper header'

&gt;&gt;&gt; Test-as-Step 'Login\Logging in as test user displays proper header.tstest' log starts:

Overall Result: Pass
'9/27/2011 5:20:36 PM' - 'Pass' : 1. Navigate to : 'http://localhost:3000'
'9/27/2011 5:20:36 PM' - 'Pass' : 2. Click 'LoginLinkLink'
'9/27/2011 5:20:37 PM' - 'Pass' : 3. Set 'UsernameText' text to 'testuser'
'9/27/2011 5:20:38 PM' - 'Pass' : 4. Set 'PasswordPassword' text to 'abc123'
'9/27/2011 5:20:38 PM' - 'Pass' : 5. Click 'LoginButtonSubmit'
'9/27/2011 5:20:39 PM' - 'Pass' : 6. Verify 'TextContent' 'Contains' 'Logout' on 'LogoutLink'
'9/27/2011 5:20:39 PM' - 'Pass' : 7. Verify 'TextContent' 'Contains' 'Home' on 'HomeLink'
'9/27/2011 5:20:39 PM' - 'Pass' : 8. Verify 'TextContent' 'Contains' 'Help' on 'HelpLink'
------------------------------------------------------------
'9/27/2011 5:20:39 PM' - Overall Result: Pass
'9/27/2011 5:20:39 PM' - Duration: [0 min: 4 sec: 119 msec]
------------------------------------------------------------

&lt;&lt;&lt; Test-as-Step 'Login\Logging in as test user displays proper header.tstest' log ends.

'9/27/2011 5:20:39 PM' - 'Pass' : 2. Click 'ExportToPDFLink'
'9/27/2011 5:20:40 PM' - 'Fail' : 3. Verify the exported file exists on the physical file system
------------------------------------------------------------
Failure Information: 
~~~~~~~~~~~~~~~
Exception thrown executing coded step: 'Verify the exported file exists on the physical file system'.
InnerException:
ArtOfTest.Common.Exceptions.AssertException: Assert.IsTrue - [Expected:True],[Actual:False]
   at ArtOfTest.Common.UnitTesting.Assert.IsTrue(Boolean condition, String message)
   at ArtOfTest.Common.UnitTesting.Assert.IsTrue(Boolean condition)
   at Telerik_Demo_App.Exporting_Grid_to_PDF_saves_a_file_to_filesystem.Exporting_Grid_to_PDF_saves_a_file_to_filesystem_CodedStep() in D:\projects\Telerik-Demo\test\TestStudio\Telerik_Demo_App\New Contact\Exporting Grid to PDF saves a file to filesystem.tstest.cs:line 82
------------------------------------------------------------
'9/27/2011 5:20:40 PM' - Detected a failure. Step is marked 'ContinueOnFailure=False' aborting test execution.
------------------------------------------------------------
'9/27/2011 5:20:40 PM' - Overall Result: Fail
'9/27/2011 5:20:40 PM' - Duration: [0 min: 4 sec: 866 msec]
------------------------------------------------------------
'9/27/2011 5:20:40 PM' - Test completed!
</PerStepMessages>
        <TotalNumberOfPassedSteps Type="System.Int32">2</TotalNumberOfPassedSteps>
        <ExecutingTestStepCount Type="System.Int32">3</ExecutingTestStepCount>
        <TotalNumberOfNotRunSteps Type="System.Int32">0</TotalNumberOfNotRunSteps>
        <IsDataDrivenResult Type="System.Boolean">False</IsDataDrivenResult>
        <SeparatorLineCharCount Type="System.Int32">60</SeparatorLineCharCount>
        <ExecutionType Type="ArtOfTest.Common.Design.ExecutionType">QuickExecution</ExecutionType>
        <FailureException Type="ArtOfTest.Common.Design.Exceptions.ExecutionException" Version="2011.2.927.0">
          <HostState Type="ArtOfTest.WebAii.Design.AutomationHostState" Version="2011.2.927.0">
            <Mode Type="ArtOfTest.WebAii.Design.BrowserStateCaptureMode">DomAndImage</Mode>
            <TechType Type="ArtOfTest.Common.TechnologyType">Html</TechType>
            <FriendlyName Type="System.String">Capture Of 'Page (DemoApp)' @9/27/2011 5:20:40 PM</FriendlyName>
          </HostState>
          <ExceptionMessage Type="System.String">Exception thrown executing coded step: 'Verify the exported file exists on the physical file system'.</ExceptionMessage>
        </FailureException>
        <EndTime Type="System.DateTime">2011-09-27 21:20:40Z</EndTime>
        <StarTime Type="System.DateTime">2011-09-27 21:20:35Z</StarTime>
        <DataIterationResults />
        <VersionGroupKey Type="System.String">00000000-0000-0000-0000-000000000000</VersionGroupKey>
      </WebAiiTestResult>
    </WebAiiTestResult>
    <WebAiiTestResult executionId="fa96085d-a2a0-4843-b28e-85679fde2a75" testId="6ef4f20c-2dda-419c-997c-854a69210f65" testName="Clicking New Contact from grid opens form in new window" computerName="DEMO" duration="00:00:23.1399054" startTime="2011-09-27T17:20:51.1433828-04:00" endTime="2011-09-27T17:21:14.2840078-04:00" testType="c4241296-3c6e-46b1-bf92-e0bd3e0eb017" outcome="Passed" testListId="8c84fa94-04c1-424b-9868-57a2d4851a1d" relativeResultsDirectory="fa96085d-a2a0-4843-b28e-85679fde2a75" xmlns="http://artoftest.com/schemas/WebAiiDesignCanvas/1.0.0">
      <Output xmlns="http://microsoft.com/schemas/VisualStudio/TeamTest/2010">
        <ErrorInfo>
          <Message>Overall Result: Pass
------------------------------------------------------------
'9/27/2011 5:20:51 PM' - Starting execution....
------------------------------------------------------------
------------------------------------------------------------
'9/27/2011 5:20:53 PM' - Enabling Html Popup Tracker. Test expecting Popups.
'9/27/2011 5:20:58 PM' - 'Pass' : 1. Execute test 'Logging in as test user displays proper header.tstest'

&gt;&gt;&gt; Test-as-Step 'Login\Logging in as test user displays proper header.tstest' log starts:

Overall Result: Pass
------------------------------------------------------------
'9/27/2011 5:20:53 PM' - Enabling Html Popup Tracker. Test expecting Popups.
'9/27/2011 5:20:54 PM' - 'Pass' : 1. Navigate to : 'http://localhost:3000'
'9/27/2011 5:20:54 PM' - 'Pass' : 2. Click 'LoginLinkLink'
'9/27/2011 5:20:55 PM' - 'Pass' : 3. Set 'UsernameText' text to 'testuser'
'9/27/2011 5:20:56 PM' - 'Pass' : 4. Set 'PasswordPassword' text to 'abc123'
'9/27/2011 5:20:56 PM' - 'Pass' : 5. Click 'LoginButtonSubmit'
'9/27/2011 5:20:57 PM' - 'Pass' : 6. Verify 'TextContent' 'Contains' 'Logout' on 'LogoutLink'
'9/27/2011 5:20:57 PM' - 'Pass' : 7. Verify 'TextContent' 'Contains' 'Home' on 'HomeLink'
'9/27/2011 5:20:58 PM' - 'Pass' : 8. Verify 'TextContent' 'Contains' 'Help' on 'HelpLink'
------------------------------------------------------------
'9/27/2011 5:20:58 PM' - Overall Result: Pass
'9/27/2011 5:20:58 PM' - Duration: [0 min: 4 sec: 715 msec]
------------------------------------------------------------

&lt;&lt;&lt; Test-as-Step 'Login\Logging in as test user displays proper header.tstest' log ends.

'9/27/2011 5:20:59 PM' - 'Pass' : 2. Click 'NewContactLink'
'9/27/2011 5:21:00 PM' - 'Pass' : 3. Connect to pop-up window : 'http://localhost:3000/contacts/new'
'9/27/2011 5:21:00 PM' - 'Pass' : 4. Verify 'TextContent' 'Contains' 'New contact' on 'NewContactH1Tag'
'9/27/2011 5:21:01 PM' - 'Pass' : 5. Verify element 'CommitSubmit' 'is' visible.
'9/27/2011 5:21:01 PM' - 'Pass' : 6. Verify attribute 'value' has 'Same' value of 'Create Contact' on 'CommitSubmit'
------------------------------------------------------------
'9/27/2011 5:21:01 PM' - Overall Result: Pass
'9/27/2011 5:21:01 PM' - Duration: [0 min: 7 sec: 942 msec]
------------------------------------------------------------
'9/27/2011 5:21:03 PM' - Test completed!
</Message>
        </ErrorInfo>
      </Output>
      <WebAiiTestResult Type="ArtOfTest.WebAii.Design.Execution.TestResult" Version="2011.2.927.0" xmlns="">
        <TestId Type="System.String">6ef4f20c-2dda-419c-997c-854a69210f65</TestId>
        <TestName Type="System.String">Clicking New Contact from grid opens form in new window</TestName>
        <TestPath Type="System.String">New Contact\Clicking New Contact from grid opens form in new window.tstest</TestPath>
        <ProjectPath Type="System.String">
        </ProjectPath>
        <ResultType Type="ArtOfTest.Common.Design.ResultType">Pass</ResultType>
        <AutomationStepResults>
          <Item Type="ArtOfTest.WebAii.Design.Execution.TestAsStepResult" Version="2011.2.927.0">
            <ResultType Type="ArtOfTest.Common.Design.ResultType">Pass</ResultType>
            <StepDescription Type="System.String">Execute test 'Logging in as test user displays proper header.tstest'</StepDescription>
            <TestId Type="System.String">6ef4f20c-2dda-419c-997c-854a69210f65</TestId>
            <TestName Type="System.String">Clicking New Contact from grid opens form in new window</TestName>
            <TestPath Type="System.String">New Contact\Clicking New Contact from grid opens form in new window.tstest</TestPath>
            <TestStepNumber Type="System.Int32">0</TestStepNumber>
            <Order Type="System.Int32">1</Order>
            <LogMessageOnError Type="System.String">
            </LogMessageOnError>
            <HashCode Type="System.Int32">-832664899</HashCode>
            <IsManual Type="System.Boolean">False</IsManual>
            <WasStepEnabled Type="System.Boolean">False</WasStepEnabled>
            <TestResult Type="ArtOfTest.WebAii.Design.Execution.TestResult" Version="2011.2.927.0">
              <TestId Type="System.String">d85de241-5219-4b09-b501-7a7aa86be76b</TestId>
              <TestName Type="System.String">Logging in as test user displays proper header</TestName>
              <TestPath Type="System.String">Login\Logging in as test user displays proper header.tstest</TestPath>
              <ProjectPath Type="System.String">
              </ProjectPath>
              <ResultType Type="ArtOfTest.Common.Design.ResultType">Pass</ResultType>
              <AutomationStepResults>
                <Item Type="ArtOfTest.WebAii.Design.AutomationStepResult" Version="2011.2.927.0">
                  <ResultType Type="ArtOfTest.Common.Design.ResultType">Pass</ResultType>
                  <StepDescription Type="System.String">Navigate to : 'http://localhost:3000'</StepDescription>
                  <TestId Type="System.String">d85de241-5219-4b09-b501-7a7aa86be76b</TestId>
                  <TestName Type="System.String">Logging in as test user displays proper header</TestName>
                  <TestPath Type="System.String">Login\Logging in as test user displays proper header.tstest</TestPath>
                  <TestStepNumber Type="System.Int32">0</TestStepNumber>
                  <Order Type="System.Int32">1</Order>
                  <LogMessageOnError Type="System.String">
                  </LogMessageOnError>
                  <HashCode Type="System.Int32">1347723234</HashCode>
                  <IsManual Type="System.Boolean">False</IsManual>
                  <WasStepEnabled Type="System.Boolean">False</WasStepEnabled>
                </Item>
                <Item Type="ArtOfTest.WebAii.Design.AutomationStepResult" Version="2011.2.927.0">
                  <ResultType Type="ArtOfTest.Common.Design.ResultType">Pass</ResultType>
                  <StepDescription Type="System.String">Click 'LoginLinkLink'</StepDescription>
                  <TestId Type="System.String">d85de241-5219-4b09-b501-7a7aa86be76b</TestId>
                  <TestName Type="System.String">Logging in as test user displays proper header</TestName>
                  <TestPath Type="System.String">Login\Logging in as test user displays proper header.tstest</TestPath>
                  <TestStepNumber Type="System.Int32">1</TestStepNumber>
                  <Order Type="System.Int32">2</Order>
                  <LogMessageOnError Type="System.String">
                  </LogMessageOnError>
                  <HashCode Type="System.Int32">2087960561</HashCode>
                  <IsManual Type="System.Boolean">False</IsManual>
                  <WasStepEnabled Type="System.Boolean">False</WasStepEnabled>
                </Item>
                <Item Type="ArtOfTest.WebAii.Design.AutomationStepResult" Version="2011.2.927.0">
                  <ResultType Type="ArtOfTest.Common.Design.ResultType">Pass</ResultType>
                  <StepDescription Type="System.String">Set 'UsernameText' text to 'testuser'</StepDescription>
                  <TestId Type="System.String">d85de241-5219-4b09-b501-7a7aa86be76b</TestId>
                  <TestName Type="System.String">Logging in as test user displays proper header</TestName>
                  <TestPath Type="System.String">Login\Logging in as test user displays proper header.tstest</TestPath>
                  <TestStepNumber Type="System.Int32">2</TestStepNumber>
                  <Order Type="System.Int32">3</Order>
                  <LogMessageOnError Type="System.String">
                  </LogMessageOnError>
                  <HashCode Type="System.Int32">1106498605</HashCode>
                  <IsManual Type="System.Boolean">False</IsManual>
                  <WasStepEnabled Type="System.Boolean">False</WasStepEnabled>
                </Item>
                <Item Type="ArtOfTest.WebAii.Design.AutomationStepResult" Version="2011.2.927.0">
                  <ResultType Type="ArtOfTest.Common.Design.ResultType">Pass</ResultType>
                  <StepDescription Type="System.String">Set 'PasswordPassword' text to 'abc123'</StepDescription>
                  <TestId Type="System.String">d85de241-5219-4b09-b501-7a7aa86be76b</TestId>
                  <TestName Type="System.String">Logging in as test user displays proper header</TestName>
                  <TestPath Type="System.String">Login\Logging in as test user displays proper header.tstest</TestPath>
                  <TestStepNumber Type="System.Int32">3</TestStepNumber>
                  <Order Type="System.Int32">4</Order>
                  <LogMessageOnError Type="System.String">
                  </LogMessageOnError>
                  <HashCode Type="System.Int32">1106498606</HashCode>
                  <IsManual Type="System.Boolean">False</IsManual>
                  <WasStepEnabled Type="System.Boolean">False</WasStepEnabled>
                </Item>
                <Item Type="ArtOfTest.WebAii.Design.AutomationStepResult" Version="2011.2.927.0">
                  <ResultType Type="ArtOfTest.Common.Design.ResultType">Pass</ResultType>
                  <StepDescription Type="System.String">Click 'LoginButtonSubmit'</StepDescription>
                  <TestId Type="System.String">d85de241-5219-4b09-b501-7a7aa86be76b</TestId>
                  <TestName Type="System.String">Logging in as test user displays proper header</TestName>
                  <TestPath Type="System.String">Login\Logging in as test user displays proper header.tstest</TestPath>
                  <TestStepNumber Type="System.Int32">4</TestStepNumber>
                  <Order Type="System.Int32">5</Order>
                  <LogMessageOnError Type="System.String">
                  </LogMessageOnError>
                  <HashCode Type="System.Int32">2087960564</HashCode>
                  <IsManual Type="System.Boolean">False</IsManual>
                  <WasStepEnabled Type="System.Boolean">False</WasStepEnabled>
                </Item>
                <Item Type="ArtOfTest.WebAii.Design.AutomationStepResult" Version="2011.2.927.0">
                  <ResultType Type="ArtOfTest.Common.Design.ResultType">Pass</ResultType>
                  <StepDescription Type="System.String">Verify 'TextContent' 'Contains' 'Logout' on 'LogoutLink'</StepDescription>
                  <TestId Type="System.String">d85de241-5219-4b09-b501-7a7aa86be76b</TestId>
                  <TestName Type="System.String">Logging in as test user displays proper header</TestName>
                  <TestPath Type="System.String">Login\Logging in as test user displays proper header.tstest</TestPath>
                  <TestStepNumber Type="System.Int32">5</TestStepNumber>
                  <Order Type="System.Int32">6</Order>
                  <LogMessageOnError Type="System.String">
                  </LogMessageOnError>
                  <HashCode Type="System.Int32">-1313506168</HashCode>
                  <IsManual Type="System.Boolean">False</IsManual>
                  <WasStepEnabled Type="System.Boolean">False</WasStepEnabled>
                </Item>
                <Item Type="ArtOfTest.WebAii.Design.AutomationStepResult" Version="2011.2.927.0">
                  <ResultType Type="ArtOfTest.Common.Design.ResultType">Pass</ResultType>
                  <StepDescription Type="System.String">Verify 'TextContent' 'Contains' 'Home' on 'HomeLink'</StepDescription>
                  <TestId Type="System.String">d85de241-5219-4b09-b501-7a7aa86be76b</TestId>
                  <TestName Type="System.String">Logging in as test user displays proper header</TestName>
                  <TestPath Type="System.String">Login\Logging in as test user displays proper header.tstest</TestPath>
                  <TestStepNumber Type="System.Int32">6</TestStepNumber>
                  <Order Type="System.Int32">7</Order>
                  <LogMessageOnError Type="System.String">
                  </LogMessageOnError>
                  <HashCode Type="System.Int32">-1313506167</HashCode>
                  <IsManual Type="System.Boolean">False</IsManual>
                  <WasStepEnabled Type="System.Boolean">False</WasStepEnabled>
                </Item>
                <Item Type="ArtOfTest.WebAii.Design.AutomationStepResult" Version="2011.2.927.0">
                  <ResultType Type="ArtOfTest.Common.Design.ResultType">Pass</ResultType>
                  <StepDescription Type="System.String">Verify 'TextContent' 'Contains' 'Help' on 'HelpLink'</StepDescription>
                  <TestId Type="System.String">d85de241-5219-4b09-b501-7a7aa86be76b</TestId>
                  <TestName Type="System.String">Logging in as test user displays proper header</TestName>
                  <TestPath Type="System.String">Login\Logging in as test user displays proper header.tstest</TestPath>
                  <TestStepNumber Type="System.Int32">7</TestStepNumber>
                  <Order Type="System.Int32">8</Order>
                  <LogMessageOnError Type="System.String">
                  </LogMessageOnError>
                  <HashCode Type="System.Int32">-1313506166</HashCode>
                  <IsManual Type="System.Boolean">False</IsManual>
                  <WasStepEnabled Type="System.Boolean">False</WasStepEnabled>
                </Item>
              </AutomationStepResults>
              <NotRunStepDescriptions />
              <PerStepMessages Type="System.String">Overall Result: Pass
------------------------------------------------------------
'9/27/2011 5:20:53 PM' - Enabling Html Popup Tracker. Test expecting Popups.
'9/27/2011 5:20:54 PM' - 'Pass' : 1. Navigate to : 'http://localhost:3000'
'9/27/2011 5:20:54 PM' - 'Pass' : 2. Click 'LoginLinkLink'
'9/27/2011 5:20:55 PM' - 'Pass' : 3. Set 'UsernameText' text to 'testuser'
'9/27/2011 5:20:56 PM' - 'Pass' : 4. Set 'PasswordPassword' text to 'abc123'
'9/27/2011 5:20:56 PM' - 'Pass' : 5. Click 'LoginButtonSubmit'
'9/27/2011 5:20:57 PM' - 'Pass' : 6. Verify 'TextContent' 'Contains' 'Logout' on 'LogoutLink'
'9/27/2011 5:20:57 PM' - 'Pass' : 7. Verify 'TextContent' 'Contains' 'Home' on 'HomeLink'
'9/27/2011 5:20:58 PM' - 'Pass' : 8. Verify 'TextContent' 'Contains' 'Help' on 'HelpLink'
------------------------------------------------------------
'9/27/2011 5:20:58 PM' - Overall Result: Pass
'9/27/2011 5:20:58 PM' - Duration: [0 min: 4 sec: 715 msec]
------------------------------------------------------------
</PerStepMessages>
              <TotalNumberOfPassedSteps Type="System.Int32">8</TotalNumberOfPassedSteps>
              <ExecutingTestStepCount Type="System.Int32">8</ExecutingTestStepCount>
              <TotalNumberOfNotRunSteps Type="System.Int32">0</TotalNumberOfNotRunSteps>
              <IsDataDrivenResult Type="System.Boolean">False</IsDataDrivenResult>
              <SeparatorLineCharCount Type="System.Int32">60</SeparatorLineCharCount>
              <ExecutionType Type="ArtOfTest.Common.Design.ExecutionType">QuickExecution</ExecutionType>
              <EndTime Type="System.DateTime">2011-09-27 21:20:58Z</EndTime>
              <StarTime Type="System.DateTime">2011-09-27 21:20:53Z</StarTime>
              <DataIterationResults />
              <VersionGroupKey Type="System.String">00000000-0000-0000-0000-000000000000</VersionGroupKey>
            </TestResult>
          </Item>
          <Item Type="ArtOfTest.WebAii.Design.AutomationStepResult" Version="2011.2.927.0">
            <ResultType Type="ArtOfTest.Common.Design.ResultType">Pass</ResultType>
            <StepDescription Type="System.String">Click 'NewContactLink'</StepDescription>
            <TestId Type="System.String">6ef4f20c-2dda-419c-997c-854a69210f65</TestId>
            <TestName Type="System.String">Clicking New Contact from grid opens form in new window</TestName>
            <TestPath Type="System.String">New Contact\Clicking New Contact from grid opens form in new window.tstest</TestPath>
            <TestStepNumber Type="System.Int32">1</TestStepNumber>
            <Order Type="System.Int32">2</Order>
            <LogMessageOnError Type="System.String">
            </LogMessageOnError>
            <HashCode Type="System.Int32">2087960561</HashCode>
            <IsManual Type="System.Boolean">False</IsManual>
            <WasStepEnabled Type="System.Boolean">False</WasStepEnabled>
          </Item>
          <Item Type="ArtOfTest.WebAii.Design.AutomationStepResult" Version="2011.2.927.0">
            <ResultType Type="ArtOfTest.Common.Design.ResultType">Pass</ResultType>
            <StepDescription Type="System.String">Connect to pop-up window : 'http://localhost:3000/contacts/new'</StepDescription>
            <TestId Type="System.String">6ef4f20c-2dda-419c-997c-854a69210f65</TestId>
            <TestName Type="System.String">Clicking New Contact from grid opens form in new window</TestName>
            <TestPath Type="System.String">New Contact\Clicking New Contact from grid opens form in new window.tstest</TestPath>
            <TestStepNumber Type="System.Int32">2</TestStepNumber>
            <Order Type="System.Int32">3</Order>
            <LogMessageOnError Type="System.String">
            </LogMessageOnError>
            <HashCode Type="System.Int32">512605107</HashCode>
            <IsManual Type="System.Boolean">False</IsManual>
            <WasStepEnabled Type="System.Boolean">False</WasStepEnabled>
          </Item>
          <Item Type="ArtOfTest.WebAii.Design.AutomationStepResult" Version="2011.2.927.0">
            <ResultType Type="ArtOfTest.Common.Design.ResultType">Pass</ResultType>
            <StepDescription Type="System.String">Verify 'TextContent' 'Contains' 'New contact' on 'NewContactH1Tag'</StepDescription>
            <TestId Type="System.String">6ef4f20c-2dda-419c-997c-854a69210f65</TestId>
            <TestName Type="System.String">Clicking New Contact from grid opens form in new window</TestName>
            <TestPath Type="System.String">New Contact\Clicking New Contact from grid opens form in new window.tstest</TestPath>
            <TestStepNumber Type="System.Int32">3</TestStepNumber>
            <Order Type="System.Int32">4</Order>
            <LogMessageOnError Type="System.String">
            </LogMessageOnError>
            <HashCode Type="System.Int32">-1313506170</HashCode>
            <IsManual Type="System.Boolean">False</IsManual>
            <WasStepEnabled Type="System.Boolean">False</WasStepEnabled>
          </Item>
          <Item Type="ArtOfTest.WebAii.Design.AutomationStepResult" Version="2011.2.927.0">
            <ResultType Type="ArtOfTest.Common.Design.ResultType">Pass</ResultType>
            <StepDescription Type="System.String">Verify element 'CommitSubmit' 'is' visible.</StepDescription>
            <TestId Type="System.String">6ef4f20c-2dda-419c-997c-854a69210f65</TestId>
            <TestName Type="System.String">Clicking New Contact from grid opens form in new window</TestName>
            <TestPath Type="System.String">New Contact\Clicking New Contact from grid opens form in new window.tstest</TestPath>
            <TestStepNumber Type="System.Int32">4</TestStepNumber>
            <Order Type="System.Int32">5</Order>
            <LogMessageOnError Type="System.String">
            </LogMessageOnError>
            <HashCode Type="System.Int32">1164883281</HashCode>
            <IsManual Type="System.Boolean">False</IsManual>
            <WasStepEnabled Type="System.Boolean">False</WasStepEnabled>
          </Item>
          <Item Type="ArtOfTest.WebAii.Design.AutomationStepResult" Version="2011.2.927.0">
            <ResultType Type="ArtOfTest.Common.Design.ResultType">Pass</ResultType>
            <StepDescription Type="System.String">Verify attribute 'value' has 'Same' value of 'Create Contact' on 'CommitSubmit'</StepDescription>
            <TestId Type="System.String">6ef4f20c-2dda-419c-997c-854a69210f65</TestId>
            <TestName Type="System.String">Clicking New Contact from grid opens form in new window</TestName>
            <TestPath Type="System.String">New Contact\Clicking New Contact from grid opens form in new window.tstest</TestPath>
            <TestStepNumber Type="System.Int32">5</TestStepNumber>
            <Order Type="System.Int32">6</Order>
            <LogMessageOnError Type="System.String">
            </LogMessageOnError>
            <HashCode Type="System.Int32">-426161341</HashCode>
            <IsManual Type="System.Boolean">False</IsManual>
            <WasStepEnabled Type="System.Boolean">False</WasStepEnabled>
          </Item>
        </AutomationStepResults>
        <NotRunStepDescriptions />
        <PerStepMessages Type="System.String">Overall Result: Pass
------------------------------------------------------------
'9/27/2011 5:20:51 PM' - Starting execution....
------------------------------------------------------------
------------------------------------------------------------
'9/27/2011 5:20:53 PM' - Enabling Html Popup Tracker. Test expecting Popups.
'9/27/2011 5:20:58 PM' - 'Pass' : 1. Execute test 'Logging in as test user displays proper header.tstest'

&gt;&gt;&gt; Test-as-Step 'Login\Logging in as test user displays proper header.tstest' log starts:

Overall Result: Pass
------------------------------------------------------------
'9/27/2011 5:20:53 PM' - Enabling Html Popup Tracker. Test expecting Popups.
'9/27/2011 5:20:54 PM' - 'Pass' : 1. Navigate to : 'http://localhost:3000'
'9/27/2011 5:20:54 PM' - 'Pass' : 2. Click 'LoginLinkLink'
'9/27/2011 5:20:55 PM' - 'Pass' : 3. Set 'UsernameText' text to 'testuser'
'9/27/2011 5:20:56 PM' - 'Pass' : 4. Set 'PasswordPassword' text to 'abc123'
'9/27/2011 5:20:56 PM' - 'Pass' : 5. Click 'LoginButtonSubmit'
'9/27/2011 5:20:57 PM' - 'Pass' : 6. Verify 'TextContent' 'Contains' 'Logout' on 'LogoutLink'
'9/27/2011 5:20:57 PM' - 'Pass' : 7. Verify 'TextContent' 'Contains' 'Home' on 'HomeLink'
'9/27/2011 5:20:58 PM' - 'Pass' : 8. Verify 'TextContent' 'Contains' 'Help' on 'HelpLink'
------------------------------------------------------------
'9/27/2011 5:20:58 PM' - Overall Result: Pass
'9/27/2011 5:20:58 PM' - Duration: [0 min: 4 sec: 715 msec]
------------------------------------------------------------

&lt;&lt;&lt; Test-as-Step 'Login\Logging in as test user displays proper header.tstest' log ends.

'9/27/2011 5:20:59 PM' - 'Pass' : 2. Click 'NewContactLink'
'9/27/2011 5:21:00 PM' - 'Pass' : 3. Connect to pop-up window : 'http://localhost:3000/contacts/new'
'9/27/2011 5:21:00 PM' - 'Pass' : 4. Verify 'TextContent' 'Contains' 'New contact' on 'NewContactH1Tag'
'9/27/2011 5:21:01 PM' - 'Pass' : 5. Verify element 'CommitSubmit' 'is' visible.
'9/27/2011 5:21:01 PM' - 'Pass' : 6. Verify attribute 'value' has 'Same' value of 'Create Contact' on 'CommitSubmit'
------------------------------------------------------------
'9/27/2011 5:21:01 PM' - Overall Result: Pass
'9/27/2011 5:21:01 PM' - Duration: [0 min: 7 sec: 942 msec]
------------------------------------------------------------
'9/27/2011 5:21:03 PM' - Test completed!
</PerStepMessages>
        <TotalNumberOfPassedSteps Type="System.Int32">6</TotalNumberOfPassedSteps>
        <ExecutingTestStepCount Type="System.Int32">6</ExecutingTestStepCount>
        <TotalNumberOfNotRunSteps Type="System.Int32">0</TotalNumberOfNotRunSteps>
        <IsDataDrivenResult Type="System.Boolean">False</IsDataDrivenResult>
        <SeparatorLineCharCount Type="System.Int32">60</SeparatorLineCharCount>
        <ExecutionType Type="ArtOfTest.Common.Design.ExecutionType">QuickExecution</ExecutionType>
        <EndTime Type="System.DateTime">2011-09-27 21:21:01Z</EndTime>
        <StarTime Type="System.DateTime">2011-09-27 21:20:53Z</StarTime>
        <DataIterationResults />
        <VersionGroupKey Type="System.String">00000000-0000-0000-0000-000000000000</VersionGroupKey>
      </WebAiiTestResult>
    </WebAiiTestResult>
    <WebAiiTestResult executionId="e6d4b215-fffe-437d-be2a-a18886635138" testId="b0cbe79a-5836-4d42-9a31-1836b210f99c" testName="Adding empty contact generates appropriate four errors" computerName="DEMO" duration="00:00:27.4003285" startTime="2011-09-27T17:21:14.2918203-04:00" endTime="2011-09-27T17:21:41.6922110-04:00" testType="c4241296-3c6e-46b1-bf92-e0bd3e0eb017" outcome="Passed" testListId="8c84fa94-04c1-424b-9868-57a2d4851a1d" relativeResultsDirectory="e6d4b215-fffe-437d-be2a-a18886635138" xmlns="http://artoftest.com/schemas/WebAiiDesignCanvas/1.0.0">
      <Output xmlns="http://microsoft.com/schemas/VisualStudio/TeamTest/2010">
        <ErrorInfo>
          <Message>Overall Result: Pass
------------------------------------------------------------
'9/27/2011 5:21:14 PM' - Starting execution....
------------------------------------------------------------
'9/27/2011 5:21:24 PM' - 'Pass' : 1. Execute test 'Clicking New Contact from grid opens form in new window'

&gt;&gt;&gt; Test-as-Step 'New Contact\Clicking New Contact from grid opens form in new window.tstest' log starts:

Overall Result: Pass
------------------------------------------------------------
'9/27/2011 5:21:16 PM' - Enabling Html Popup Tracker. Test expecting Popups.
'9/27/2011 5:21:20 PM' - 'Pass' : 1. Execute test 'Logging in as test user displays proper header.tstest'

&gt;&gt;&gt; Test-as-Step 'Login\Logging in as test user displays proper header.tstest' log starts:

Overall Result: Pass
------------------------------------------------------------
'9/27/2011 5:21:16 PM' - Enabling Html Popup Tracker. Test expecting Popups.
'9/27/2011 5:21:18 PM' - 'Pass' : 1. Navigate to : 'http://localhost:3000'
'9/27/2011 5:21:18 PM' - 'Pass' : 2. Click 'LoginLinkLink'
'9/27/2011 5:21:18 PM' - 'Pass' : 3. Set 'UsernameText' text to 'testuser'
'9/27/2011 5:21:19 PM' - 'Pass' : 4. Set 'PasswordPassword' text to 'abc123'
'9/27/2011 5:21:20 PM' - 'Pass' : 5. Click 'LoginButtonSubmit'
'9/27/2011 5:21:20 PM' - 'Pass' : 6. Verify 'TextContent' 'Contains' 'Logout' on 'LogoutLink'
'9/27/2011 5:21:20 PM' - 'Pass' : 7. Verify 'TextContent' 'Contains' 'Home' on 'HomeLink'
'9/27/2011 5:21:20 PM' - 'Pass' : 8. Verify 'TextContent' 'Contains' 'Help' on 'HelpLink'
------------------------------------------------------------
'9/27/2011 5:21:20 PM' - Overall Result: Pass
'9/27/2011 5:21:20 PM' - Duration: [0 min: 3 sec: 843 msec]
------------------------------------------------------------

&lt;&lt;&lt; Test-as-Step 'Login\Logging in as test user displays proper header.tstest' log ends.

'9/27/2011 5:21:20 PM' - 'Pass' : 2. Click 'NewContactLink'
'9/27/2011 5:21:23 PM' - 'Pass' : 3. Connect to pop-up window : 'http://localhost:3000/contacts/new'
'9/27/2011 5:21:23 PM' - 'Pass' : 4. Verify 'TextContent' 'Contains' 'New contact' on 'NewContactH1Tag'
'9/27/2011 5:21:23 PM' - 'Pass' : 5. Verify element 'CommitSubmit' 'is' visible.
'9/27/2011 5:21:24 PM' - 'Pass' : 6. Verify attribute 'value' has 'Same' value of 'Create Contact' on 'CommitSubmit'
------------------------------------------------------------
'9/27/2011 5:21:24 PM' - Overall Result: Pass
'9/27/2011 5:21:24 PM' - Duration: [0 min: 7 sec: 466 msec]
------------------------------------------------------------

&lt;&lt;&lt; Test-as-Step 'New Contact\Clicking New Contact from grid opens form in new window.tstest' log ends.

'9/27/2011 5:21:24 PM' - 'Pass' : 2. Click 'CommitSubmit'
'9/27/2011 5:21:24 PM' - 'Pass' : 3. Verify 'TextContent' 'Contains' 'First name can't be blank' on 'FirstNameListItem'
'9/27/2011 5:21:24 PM' - 'Pass' : 4. Verify 'TextContent' 'Contains' 'Last name can't be blank' on 'LastNameListItem'
'9/27/2011 5:21:24 PM' - 'Pass' : 5. Verify 'TextContent' 'Contains' 'Email can't be blank' on 'EmailCanTListItem'
'9/27/2011 5:21:24 PM' - 'Pass' : 6. Verify 'TextContent' 'Contains' 'Lead type can't be blank' on 'LeadTypeListItem'
'9/27/2011 5:21:24 PM' - 'Pass' : 7. Verify 'ColorAndBackground:Color' style 'Exact' '#333333' on 'FirstNameLabelTag'
'9/27/2011 5:21:24 PM' - 'Pass' : 8. Verify 'ColorAndBackground:Color' style 'Exact' '#333333' on 'LastNameLabelTag'
'9/27/2011 5:21:24 PM' - 'Pass' : 9. Verify 'ColorAndBackground:Color' style 'Exact' '#333333' on 'EmailLabelTag'
'9/27/2011 5:21:24 PM' - 'Pass' : 10. Verify 'ColorAndBackground:Color' style 'Exact' '#333333' on 'LeadTypeLabelTag'
------------------------------------------------------------
'9/27/2011 5:21:24 PM' - Overall Result: Pass
'9/27/2011 5:21:24 PM' - Duration: [0 min: 8 sec: 507 msec]
------------------------------------------------------------
'9/27/2011 5:21:27 PM' - Test completed!
</Message>
        </ErrorInfo>
      </Output>
      <WebAiiTestResult Type="ArtOfTest.WebAii.Design.Execution.TestResult" Version="2011.2.927.0" xmlns="">
        <TestId Type="System.String">b0cbe79a-5836-4d42-9a31-1836b210f99c</TestId>
        <TestName Type="System.String">Adding empty contact generates appropriate four errors</TestName>
        <TestPath Type="System.String">New Contact\Adding empty contact generates appropriate field and style errors.tstest</TestPath>
        <ProjectPath Type="System.String">
        </ProjectPath>
        <ResultType Type="ArtOfTest.Common.Design.ResultType">Pass</ResultType>
        <AutomationStepResults>
          <Item Type="ArtOfTest.WebAii.Design.Execution.TestAsStepResult" Version="2011.2.927.0">
            <ResultType Type="ArtOfTest.Common.Design.ResultType">Pass</ResultType>
            <StepDescription Type="System.String">Execute test 'Clicking New Contact from grid opens form in new window'</StepDescription>
            <TestId Type="System.String">b0cbe79a-5836-4d42-9a31-1836b210f99c</TestId>
            <TestName Type="System.String">Adding empty contact generates appropriate four errors</TestName>
            <TestPath Type="System.String">New Contact\Adding empty contact generates appropriate field and style errors.tstest</TestPath>
            <TestStepNumber Type="System.Int32">0</TestStepNumber>
            <Order Type="System.Int32">1</Order>
            <LogMessageOnError Type="System.String">
            </LogMessageOnError>
            <HashCode Type="System.Int32">-832664899</HashCode>
            <IsManual Type="System.Boolean">False</IsManual>
            <WasStepEnabled Type="System.Boolean">False</WasStepEnabled>
            <TestResult Type="ArtOfTest.WebAii.Design.Execution.TestResult" Version="2011.2.927.0">
              <TestId Type="System.String">6ef4f20c-2dda-419c-997c-854a69210f65</TestId>
              <TestName Type="System.String">Clicking New Contact from grid opens form in new window</TestName>
              <TestPath Type="System.String">New Contact\Clicking New Contact from grid opens form in new window.tstest</TestPath>
              <ProjectPath Type="System.String">
              </ProjectPath>
              <ResultType Type="ArtOfTest.Common.Design.ResultType">Pass</ResultType>
              <AutomationStepResults>
                <Item Type="ArtOfTest.WebAii.Design.Execution.TestAsStepResult" Version="2011.2.927.0">
                  <ResultType Type="ArtOfTest.Common.Design.ResultType">Pass</ResultType>
                  <StepDescription Type="System.String">Execute test 'Logging in as test user displays proper header.tstest'</StepDescription>
                  <TestId Type="System.String">6ef4f20c-2dda-419c-997c-854a69210f65</TestId>
                  <TestName Type="System.String">Clicking New Contact from grid opens form in new window</TestName>
                  <TestPath Type="System.String">New Contact\Clicking New Contact from grid opens form in new window.tstest</TestPath>
                  <TestStepNumber Type="System.Int32">0</TestStepNumber>
                  <Order Type="System.Int32">1</Order>
                  <LogMessageOnError Type="System.String">
                  </LogMessageOnError>
                  <HashCode Type="System.Int32">-832664899</HashCode>
                  <IsManual Type="System.Boolean">False</IsManual>
                  <WasStepEnabled Type="System.Boolean">False</WasStepEnabled>
                  <TestResult Type="ArtOfTest.WebAii.Design.Execution.TestResult" Version="2011.2.927.0">
                    <TestId Type="System.String">d85de241-5219-4b09-b501-7a7aa86be76b</TestId>
                    <TestName Type="System.String">Logging in as test user displays proper header</TestName>
                    <TestPath Type="System.String">Login\Logging in as test user displays proper header.tstest</TestPath>
                    <ProjectPath Type="System.String">
                    </ProjectPath>
                    <ResultType Type="ArtOfTest.Common.Design.ResultType">Pass</ResultType>
                    <AutomationStepResults>
                      <Item Type="ArtOfTest.WebAii.Design.AutomationStepResult" Version="2011.2.927.0">
                        <ResultType Type="ArtOfTest.Common.Design.ResultType">Pass</ResultType>
                        <StepDescription Type="System.String">Navigate to : 'http://localhost:3000'</StepDescription>
                        <TestId Type="System.String">d85de241-5219-4b09-b501-7a7aa86be76b</TestId>
                        <TestName Type="System.String">Logging in as test user displays proper header</TestName>
                        <TestPath Type="System.String">Login\Logging in as test user displays proper header.tstest</TestPath>
                        <TestStepNumber Type="System.Int32">0</TestStepNumber>
                        <Order Type="System.Int32">1</Order>
                        <LogMessageOnError Type="System.String">
                        </LogMessageOnError>
                        <HashCode Type="System.Int32">1347723234</HashCode>
                        <IsManual Type="System.Boolean">False</IsManual>
                        <WasStepEnabled Type="System.Boolean">False</WasStepEnabled>
                      </Item>
                      <Item Type="ArtOfTest.WebAii.Design.AutomationStepResult" Version="2011.2.927.0">
                        <ResultType Type="ArtOfTest.Common.Design.ResultType">Pass</ResultType>
                        <StepDescription Type="System.String">Click 'LoginLinkLink'</StepDescription>
                        <TestId Type="System.String">d85de241-5219-4b09-b501-7a7aa86be76b</TestId>
                        <TestName Type="System.String">Logging in as test user displays proper header</TestName>
                        <TestPath Type="System.String">Login\Logging in as test user displays proper header.tstest</TestPath>
                        <TestStepNumber Type="System.Int32">1</TestStepNumber>
                        <Order Type="System.Int32">2</Order>
                        <LogMessageOnError Type="System.String">
                        </LogMessageOnError>
                        <HashCode Type="System.Int32">2087960561</HashCode>
                        <IsManual Type="System.Boolean">False</IsManual>
                        <WasStepEnabled Type="System.Boolean">False</WasStepEnabled>
                      </Item>
                      <Item Type="ArtOfTest.WebAii.Design.AutomationStepResult" Version="2011.2.927.0">
                        <ResultType Type="ArtOfTest.Common.Design.ResultType">Pass</ResultType>
                        <StepDescription Type="System.String">Set 'UsernameText' text to 'testuser'</StepDescription>
                        <TestId Type="System.String">d85de241-5219-4b09-b501-7a7aa86be76b</TestId>
                        <TestName Type="System.String">Logging in as test user displays proper header</TestName>
                        <TestPath Type="System.String">Login\Logging in as test user displays proper header.tstest</TestPath>
                        <TestStepNumber Type="System.Int32">2</TestStepNumber>
                        <Order Type="System.Int32">3</Order>
                        <LogMessageOnError Type="System.String">
                        </LogMessageOnError>
                        <HashCode Type="System.Int32">1106498605</HashCode>
                        <IsManual Type="System.Boolean">False</IsManual>
                        <WasStepEnabled Type="System.Boolean">False</WasStepEnabled>
                      </Item>
                      <Item Type="ArtOfTest.WebAii.Design.AutomationStepResult" Version="2011.2.927.0">
                        <ResultType Type="ArtOfTest.Common.Design.ResultType">Pass</ResultType>
                        <StepDescription Type="System.String">Set 'PasswordPassword' text to 'abc123'</StepDescription>
                        <TestId Type="System.String">d85de241-5219-4b09-b501-7a7aa86be76b</TestId>
                        <TestName Type="System.String">Logging in as test user displays proper header</TestName>
                        <TestPath Type="System.String">Login\Logging in as test user displays proper header.tstest</TestPath>
                        <TestStepNumber Type="System.Int32">3</TestStepNumber>
                        <Order Type="System.Int32">4</Order>
                        <LogMessageOnError Type="System.String">
                        </LogMessageOnError>
                        <HashCode Type="System.Int32">1106498606</HashCode>
                        <IsManual Type="System.Boolean">False</IsManual>
                        <WasStepEnabled Type="System.Boolean">False</WasStepEnabled>
                      </Item>
                      <Item Type="ArtOfTest.WebAii.Design.AutomationStepResult" Version="2011.2.927.0">
                        <ResultType Type="ArtOfTest.Common.Design.ResultType">Pass</ResultType>
                        <StepDescription Type="System.String">Click 'LoginButtonSubmit'</StepDescription>
                        <TestId Type="System.String">d85de241-5219-4b09-b501-7a7aa86be76b</TestId>
                        <TestName Type="System.String">Logging in as test user displays proper header</TestName>
                        <TestPath Type="System.String">Login\Logging in as test user displays proper header.tstest</TestPath>
                        <TestStepNumber Type="System.Int32">4</TestStepNumber>
                        <Order Type="System.Int32">5</Order>
                        <LogMessageOnError Type="System.String">
                        </LogMessageOnError>
                        <HashCode Type="System.Int32">2087960564</HashCode>
                        <IsManual Type="System.Boolean">False</IsManual>
                        <WasStepEnabled Type="System.Boolean">False</WasStepEnabled>
                      </Item>
                      <Item Type="ArtOfTest.WebAii.Design.AutomationStepResult" Version="2011.2.927.0">
                        <ResultType Type="ArtOfTest.Common.Design.ResultType">Pass</ResultType>
                        <StepDescription Type="System.String">Verify 'TextContent' 'Contains' 'Logout' on 'LogoutLink'</StepDescription>
                        <TestId Type="System.String">d85de241-5219-4b09-b501-7a7aa86be76b</TestId>
                        <TestName Type="System.String">Logging in as test user displays proper header</TestName>
                        <TestPath Type="System.String">Login\Logging in as test user displays proper header.tstest</TestPath>
                        <TestStepNumber Type="System.Int32">5</TestStepNumber>
                        <Order Type="System.Int32">6</Order>
                        <LogMessageOnError Type="System.String">
                        </LogMessageOnError>
                        <HashCode Type="System.Int32">-1313506168</HashCode>
                        <IsManual Type="System.Boolean">False</IsManual>
                        <WasStepEnabled Type="System.Boolean">False</WasStepEnabled>
                      </Item>
                      <Item Type="ArtOfTest.WebAii.Design.AutomationStepResult" Version="2011.2.927.0">
                        <ResultType Type="ArtOfTest.Common.Design.ResultType">Pass</ResultType>
                        <StepDescription Type="System.String">Verify 'TextContent' 'Contains' 'Home' on 'HomeLink'</StepDescription>
                        <TestId Type="System.String">d85de241-5219-4b09-b501-7a7aa86be76b</TestId>
                        <TestName Type="System.String">Logging in as test user displays proper header</TestName>
                        <TestPath Type="System.String">Login\Logging in as test user displays proper header.tstest</TestPath>
                        <TestStepNumber Type="System.Int32">6</TestStepNumber>
                        <Order Type="System.Int32">7</Order>
                        <LogMessageOnError Type="System.String">
                        </LogMessageOnError>
                        <HashCode Type="System.Int32">-1313506167</HashCode>
                        <IsManual Type="System.Boolean">False</IsManual>
                        <WasStepEnabled Type="System.Boolean">False</WasStepEnabled>
                      </Item>
                      <Item Type="ArtOfTest.WebAii.Design.AutomationStepResult" Version="2011.2.927.0">
                        <ResultType Type="ArtOfTest.Common.Design.ResultType">Pass</ResultType>
                        <StepDescription Type="System.String">Verify 'TextContent' 'Contains' 'Help' on 'HelpLink'</StepDescription>
                        <TestId Type="System.String">d85de241-5219-4b09-b501-7a7aa86be76b</TestId>
                        <TestName Type="System.String">Logging in as test user displays proper header</TestName>
                        <TestPath Type="System.String">Login\Logging in as test user displays proper header.tstest</TestPath>
                        <TestStepNumber Type="System.Int32">7</TestStepNumber>
                        <Order Type="System.Int32">8</Order>
                        <LogMessageOnError Type="System.String">
                        </LogMessageOnError>
                        <HashCode Type="System.Int32">-1313506166</HashCode>
                        <IsManual Type="System.Boolean">False</IsManual>
                        <WasStepEnabled Type="System.Boolean">False</WasStepEnabled>
                      </Item>
                    </AutomationStepResults>
                    <NotRunStepDescriptions />
                    <PerStepMessages Type="System.String">Overall Result: Pass
------------------------------------------------------------
'9/27/2011 5:21:16 PM' - Enabling Html Popup Tracker. Test expecting Popups.
'9/27/2011 5:21:18 PM' - 'Pass' : 1. Navigate to : 'http://localhost:3000'
'9/27/2011 5:21:18 PM' - 'Pass' : 2. Click 'LoginLinkLink'
'9/27/2011 5:21:18 PM' - 'Pass' : 3. Set 'UsernameText' text to 'testuser'
'9/27/2011 5:21:19 PM' - 'Pass' : 4. Set 'PasswordPassword' text to 'abc123'
'9/27/2011 5:21:20 PM' - 'Pass' : 5. Click 'LoginButtonSubmit'
'9/27/2011 5:21:20 PM' - 'Pass' : 6. Verify 'TextContent' 'Contains' 'Logout' on 'LogoutLink'
'9/27/2011 5:21:20 PM' - 'Pass' : 7. Verify 'TextContent' 'Contains' 'Home' on 'HomeLink'
'9/27/2011 5:21:20 PM' - 'Pass' : 8. Verify 'TextContent' 'Contains' 'Help' on 'HelpLink'
------------------------------------------------------------
'9/27/2011 5:21:20 PM' - Overall Result: Pass
'9/27/2011 5:21:20 PM' - Duration: [0 min: 3 sec: 843 msec]
------------------------------------------------------------
</PerStepMessages>
                    <TotalNumberOfPassedSteps Type="System.Int32">8</TotalNumberOfPassedSteps>
                    <ExecutingTestStepCount Type="System.Int32">8</ExecutingTestStepCount>
                    <TotalNumberOfNotRunSteps Type="System.Int32">0</TotalNumberOfNotRunSteps>
                    <IsDataDrivenResult Type="System.Boolean">False</IsDataDrivenResult>
                    <SeparatorLineCharCount Type="System.Int32">60</SeparatorLineCharCount>
                    <ExecutionType Type="ArtOfTest.Common.Design.ExecutionType">QuickExecution</ExecutionType>
                    <EndTime Type="System.DateTime">2011-09-27 21:21:20Z</EndTime>
                    <StarTime Type="System.DateTime">2011-09-27 21:21:16Z</StarTime>
                    <DataIterationResults />
                    <VersionGroupKey Type="System.String">00000000-0000-0000-0000-000000000000</VersionGroupKey>
                  </TestResult>
                </Item>
                <Item Type="ArtOfTest.WebAii.Design.AutomationStepResult" Version="2011.2.927.0">
                  <ResultType Type="ArtOfTest.Common.Design.ResultType">Pass</ResultType>
                  <StepDescription Type="System.String">Click 'NewContactLink'</StepDescription>
                  <TestId Type="System.String">6ef4f20c-2dda-419c-997c-854a69210f65</TestId>
                  <TestName Type="System.String">Clicking New Contact from grid opens form in new window</TestName>
                  <TestPath Type="System.String">New Contact\Clicking New Contact from grid opens form in new window.tstest</TestPath>
                  <TestStepNumber Type="System.Int32">1</TestStepNumber>
                  <Order Type="System.Int32">2</Order>
                  <LogMessageOnError Type="System.String">
                  </LogMessageOnError>
                  <HashCode Type="System.Int32">2087960561</HashCode>
                  <IsManual Type="System.Boolean">False</IsManual>
                  <WasStepEnabled Type="System.Boolean">False</WasStepEnabled>
                </Item>
                <Item Type="ArtOfTest.WebAii.Design.AutomationStepResult" Version="2011.2.927.0">
                  <ResultType Type="ArtOfTest.Common.Design.ResultType">Pass</ResultType>
                  <StepDescription Type="System.String">Connect to pop-up window : 'http://localhost:3000/contacts/new'</StepDescription>
                  <TestId Type="System.String">6ef4f20c-2dda-419c-997c-854a69210f65</TestId>
                  <TestName Type="System.String">Clicking New Contact from grid opens form in new window</TestName>
                  <TestPath Type="System.String">New Contact\Clicking New Contact from grid opens form in new window.tstest</TestPath>
                  <TestStepNumber Type="System.Int32">2</TestStepNumber>
                  <Order Type="System.Int32">3</Order>
                  <LogMessageOnError Type="System.String">
                  </LogMessageOnError>
                  <HashCode Type="System.Int32">512605107</HashCode>
                  <IsManual Type="System.Boolean">False</IsManual>
                  <WasStepEnabled Type="System.Boolean">False</WasStepEnabled>
                </Item>
                <Item Type="ArtOfTest.WebAii.Design.AutomationStepResult" Version="2011.2.927.0">
                  <ResultType Type="ArtOfTest.Common.Design.ResultType">Pass</ResultType>
                  <StepDescription Type="System.String">Verify 'TextContent' 'Contains' 'New contact' on 'NewContactH1Tag'</StepDescription>
                  <TestId Type="System.String">6ef4f20c-2dda-419c-997c-854a69210f65</TestId>
                  <TestName Type="System.String">Clicking New Contact from grid opens form in new window</TestName>
                  <TestPath Type="System.String">New Contact\Clicking New Contact from grid opens form in new window.tstest</TestPath>
                  <TestStepNumber Type="System.Int32">3</TestStepNumber>
                  <Order Type="System.Int32">4</Order>
                  <LogMessageOnError Type="System.String">
                  </LogMessageOnError>
                  <HashCode Type="System.Int32">-1313506170</HashCode>
                  <IsManual Type="System.Boolean">False</IsManual>
                  <WasStepEnabled Type="System.Boolean">False</WasStepEnabled>
                </Item>
                <Item Type="ArtOfTest.WebAii.Design.AutomationStepResult" Version="2011.2.927.0">
                  <ResultType Type="ArtOfTest.Common.Design.ResultType">Pass</ResultType>
                  <StepDescription Type="System.String">Verify element 'CommitSubmit' 'is' visible.</StepDescription>
                  <TestId Type="System.String">6ef4f20c-2dda-419c-997c-854a69210f65</TestId>
                  <TestName Type="System.String">Clicking New Contact from grid opens form in new window</TestName>
                  <TestPath Type="System.String">New Contact\Clicking New Contact from grid opens form in new window.tstest</TestPath>
                  <TestStepNumber Type="System.Int32">4</TestStepNumber>
                  <Order Type="System.Int32">5</Order>
                  <LogMessageOnError Type="System.String">
                  </LogMessageOnError>
                  <HashCode Type="System.Int32">1164883281</HashCode>
                  <IsManual Type="System.Boolean">False</IsManual>
                  <WasStepEnabled Type="System.Boolean">False</WasStepEnabled>
                </Item>
                <Item Type="ArtOfTest.WebAii.Design.AutomationStepResult" Version="2011.2.927.0">
                  <ResultType Type="ArtOfTest.Common.Design.ResultType">Pass</ResultType>
                  <StepDescription Type="System.String">Verify attribute 'value' has 'Same' value of 'Create Contact' on 'CommitSubmit'</StepDescription>
                  <TestId Type="System.String">6ef4f20c-2dda-419c-997c-854a69210f65</TestId>
                  <TestName Type="System.String">Clicking New Contact from grid opens form in new window</TestName>
                  <TestPath Type="System.String">New Contact\Clicking New Contact from grid opens form in new window.tstest</TestPath>
                  <TestStepNumber Type="System.Int32">5</TestStepNumber>
                  <Order Type="System.Int32">6</Order>
                  <LogMessageOnError Type="System.String">
                  </LogMessageOnError>
                  <HashCode Type="System.Int32">-426161341</HashCode>
                  <IsManual Type="System.Boolean">False</IsManual>
                  <WasStepEnabled Type="System.Boolean">False</WasStepEnabled>
                </Item>
              </AutomationStepResults>
              <NotRunStepDescriptions />
              <PerStepMessages Type="System.String">Overall Result: Pass
------------------------------------------------------------
'9/27/2011 5:21:16 PM' - Enabling Html Popup Tracker. Test expecting Popups.
'9/27/2011 5:21:20 PM' - 'Pass' : 1. Execute test 'Logging in as test user displays proper header.tstest'

&gt;&gt;&gt; Test-as-Step 'Login\Logging in as test user displays proper header.tstest' log starts:

Overall Result: Pass
------------------------------------------------------------
'9/27/2011 5:21:16 PM' - Enabling Html Popup Tracker. Test expecting Popups.
'9/27/2011 5:21:18 PM' - 'Pass' : 1. Navigate to : 'http://localhost:3000'
'9/27/2011 5:21:18 PM' - 'Pass' : 2. Click 'LoginLinkLink'
'9/27/2011 5:21:18 PM' - 'Pass' : 3. Set 'UsernameText' text to 'testuser'
'9/27/2011 5:21:19 PM' - 'Pass' : 4. Set 'PasswordPassword' text to 'abc123'
'9/27/2011 5:21:20 PM' - 'Pass' : 5. Click 'LoginButtonSubmit'
'9/27/2011 5:21:20 PM' - 'Pass' : 6. Verify 'TextContent' 'Contains' 'Logout' on 'LogoutLink'
'9/27/2011 5:21:20 PM' - 'Pass' : 7. Verify 'TextContent' 'Contains' 'Home' on 'HomeLink'
'9/27/2011 5:21:20 PM' - 'Pass' : 8. Verify 'TextContent' 'Contains' 'Help' on 'HelpLink'
------------------------------------------------------------
'9/27/2011 5:21:20 PM' - Overall Result: Pass
'9/27/2011 5:21:20 PM' - Duration: [0 min: 3 sec: 843 msec]
------------------------------------------------------------

&lt;&lt;&lt; Test-as-Step 'Login\Logging in as test user displays proper header.tstest' log ends.

'9/27/2011 5:21:20 PM' - 'Pass' : 2. Click 'NewContactLink'
'9/27/2011 5:21:23 PM' - 'Pass' : 3. Connect to pop-up window : 'http://localhost:3000/contacts/new'
'9/27/2011 5:21:23 PM' - 'Pass' : 4. Verify 'TextContent' 'Contains' 'New contact' on 'NewContactH1Tag'
'9/27/2011 5:21:23 PM' - 'Pass' : 5. Verify element 'CommitSubmit' 'is' visible.
'9/27/2011 5:21:24 PM' - 'Pass' : 6. Verify attribute 'value' has 'Same' value of 'Create Contact' on 'CommitSubmit'
------------------------------------------------------------
'9/27/2011 5:21:24 PM' - Overall Result: Pass
'9/27/2011 5:21:24 PM' - Duration: [0 min: 7 sec: 466 msec]
------------------------------------------------------------
</PerStepMessages>
              <TotalNumberOfPassedSteps Type="System.Int32">6</TotalNumberOfPassedSteps>
              <ExecutingTestStepCount Type="System.Int32">6</ExecutingTestStepCount>
              <TotalNumberOfNotRunSteps Type="System.Int32">0</TotalNumberOfNotRunSteps>
              <IsDataDrivenResult Type="System.Boolean">False</IsDataDrivenResult>
              <SeparatorLineCharCount Type="System.Int32">60</SeparatorLineCharCount>
              <ExecutionType Type="ArtOfTest.Common.Design.ExecutionType">QuickExecution</ExecutionType>
              <EndTime Type="System.DateTime">2011-09-27 21:21:24Z</EndTime>
              <StarTime Type="System.DateTime">2011-09-27 21:21:16Z</StarTime>
              <DataIterationResults />
              <VersionGroupKey Type="System.String">00000000-0000-0000-0000-000000000000</VersionGroupKey>
            </TestResult>
          </Item>
          <Item Type="ArtOfTest.WebAii.Design.AutomationStepResult" Version="2011.2.927.0">
            <ResultType Type="ArtOfTest.Common.Design.ResultType">Pass</ResultType>
            <StepDescription Type="System.String">Click 'CommitSubmit'</StepDescription>
            <TestId Type="System.String">b0cbe79a-5836-4d42-9a31-1836b210f99c</TestId>
            <TestName Type="System.String">Adding empty contact generates appropriate four errors</TestName>
            <TestPath Type="System.String">New Contact\Adding empty contact generates appropriate field and style errors.tstest</TestPath>
            <TestStepNumber Type="System.Int32">1</TestStepNumber>
            <Order Type="System.Int32">2</Order>
            <LogMessageOnError Type="System.String">
            </LogMessageOnError>
            <HashCode Type="System.Int32">2087960561</HashCode>
            <IsManual Type="System.Boolean">False</IsManual>
            <WasStepEnabled Type="System.Boolean">False</WasStepEnabled>
          </Item>
          <Item Type="ArtOfTest.WebAii.Design.AutomationStepResult" Version="2011.2.927.0">
            <ResultType Type="ArtOfTest.Common.Design.ResultType">Pass</ResultType>
            <StepDescription Type="System.String">Verify 'TextContent' 'Contains' 'First name can't be blank' on 'FirstNameListItem'</StepDescription>
            <TestId Type="System.String">b0cbe79a-5836-4d42-9a31-1836b210f99c</TestId>
            <TestName Type="System.String">Adding empty contact generates appropriate four errors</TestName>
            <TestPath Type="System.String">New Contact\Adding empty contact generates appropriate field and style errors.tstest</TestPath>
            <TestStepNumber Type="System.Int32">2</TestStepNumber>
            <Order Type="System.Int32">3</Order>
            <LogMessageOnError Type="System.String">
            </LogMessageOnError>
            <HashCode Type="System.Int32">-1313506171</HashCode>
            <IsManual Type="System.Boolean">False</IsManual>
            <WasStepEnabled Type="System.Boolean">False</WasStepEnabled>
          </Item>
          <Item Type="ArtOfTest.WebAii.Design.AutomationStepResult" Version="2011.2.927.0">
            <ResultType Type="ArtOfTest.Common.Design.ResultType">Pass</ResultType>
            <StepDescription Type="System.String">Verify 'TextContent' 'Contains' 'Last name can't be blank' on 'LastNameListItem'</StepDescription>
            <TestId Type="System.String">b0cbe79a-5836-4d42-9a31-1836b210f99c</TestId>
            <TestName Type="System.String">Adding empty contact generates appropriate four errors</TestName>
            <TestPath Type="System.String">New Contact\Adding empty contact generates appropriate field and style errors.tstest</TestPath>
            <TestStepNumber Type="System.Int32">3</TestStepNumber>
            <Order Type="System.Int32">4</Order>
            <LogMessageOnError Type="System.String">
            </LogMessageOnError>
            <HashCode Type="System.Int32">-1313506170</HashCode>
            <IsManual Type="System.Boolean">False</IsManual>
            <WasStepEnabled Type="System.Boolean">False</WasStepEnabled>
          </Item>
          <Item Type="ArtOfTest.WebAii.Design.AutomationStepResult" Version="2011.2.927.0">
            <ResultType Type="ArtOfTest.Common.Design.ResultType">Pass</ResultType>
            <StepDescription Type="System.String">Verify 'TextContent' 'Contains' 'Email can't be blank' on 'EmailCanTListItem'</StepDescription>
            <TestId Type="System.String">b0cbe79a-5836-4d42-9a31-1836b210f99c</TestId>
            <TestName Type="System.String">Adding empty contact generates appropriate four errors</TestName>
            <TestPath Type="System.String">New Contact\Adding empty contact generates appropriate field and style errors.tstest</TestPath>
            <TestStepNumber Type="System.Int32">4</TestStepNumber>
            <Order Type="System.Int32">5</Order>
            <LogMessageOnError Type="System.String">
            </LogMessageOnError>
            <HashCode Type="System.Int32">-1313506169</HashCode>
            <IsManual Type="System.Boolean">False</IsManual>
            <WasStepEnabled Type="System.Boolean">False</WasStepEnabled>
          </Item>
          <Item Type="ArtOfTest.WebAii.Design.AutomationStepResult" Version="2011.2.927.0">
            <ResultType Type="ArtOfTest.Common.Design.ResultType">Pass</ResultType>
            <StepDescription Type="System.String">Verify 'TextContent' 'Contains' 'Lead type can't be blank' on 'LeadTypeListItem'</StepDescription>
            <TestId Type="System.String">b0cbe79a-5836-4d42-9a31-1836b210f99c</TestId>
            <TestName Type="System.String">Adding empty contact generates appropriate four errors</TestName>
            <TestPath Type="System.String">New Contact\Adding empty contact generates appropriate field and style errors.tstest</TestPath>
            <TestStepNumber Type="System.Int32">5</TestStepNumber>
            <Order Type="System.Int32">6</Order>
            <LogMessageOnError Type="System.String">
            </LogMessageOnError>
            <HashCode Type="System.Int32">-1313506168</HashCode>
            <IsManual Type="System.Boolean">False</IsManual>
            <WasStepEnabled Type="System.Boolean">False</WasStepEnabled>
          </Item>
          <Item Type="ArtOfTest.WebAii.Design.AutomationStepResult" Version="2011.2.927.0">
            <ResultType Type="ArtOfTest.Common.Design.ResultType">Pass</ResultType>
            <StepDescription Type="System.String">Verify 'ColorAndBackground:Color' style 'Exact' '#333333' on 'FirstNameLabelTag'</StepDescription>
            <TestId Type="System.String">b0cbe79a-5836-4d42-9a31-1836b210f99c</TestId>
            <TestName Type="System.String">Adding empty contact generates appropriate four errors</TestName>
            <TestPath Type="System.String">New Contact\Adding empty contact generates appropriate field and style errors.tstest</TestPath>
            <TestStepNumber Type="System.Int32">6</TestStepNumber>
            <Order Type="System.Int32">7</Order>
            <LogMessageOnError Type="System.String">
            </LogMessageOnError>
            <HashCode Type="System.Int32">-1740805313</HashCode>
            <IsManual Type="System.Boolean">False</IsManual>
            <WasStepEnabled Type="System.Boolean">False</WasStepEnabled>
          </Item>
          <Item Type="ArtOfTest.WebAii.Design.AutomationStepResult" Version="2011.2.927.0">
            <ResultType Type="ArtOfTest.Common.Design.ResultType">Pass</ResultType>
            <StepDescription Type="System.String">Verify 'ColorAndBackground:Color' style 'Exact' '#333333' on 'LastNameLabelTag'</StepDescription>
            <TestId Type="System.String">b0cbe79a-5836-4d42-9a31-1836b210f99c</TestId>
            <TestName Type="System.String">Adding empty contact generates appropriate four errors</TestName>
            <TestPath Type="System.String">New Contact\Adding empty contact generates appropriate field and style errors.tstest</TestPath>
            <TestStepNumber Type="System.Int32">7</TestStepNumber>
            <Order Type="System.Int32">8</Order>
            <LogMessageOnError Type="System.String">
            </LogMessageOnError>
            <HashCode Type="System.Int32">-1740805312</HashCode>
            <IsManual Type="System.Boolean">False</IsManual>
            <WasStepEnabled Type="System.Boolean">False</WasStepEnabled>
          </Item>
          <Item Type="ArtOfTest.WebAii.Design.AutomationStepResult" Version="2011.2.927.0">
            <ResultType Type="ArtOfTest.Common.Design.ResultType">Pass</ResultType>
            <StepDescription Type="System.String">Verify 'ColorAndBackground:Color' style 'Exact' '#333333' on 'EmailLabelTag'</StepDescription>
            <TestId Type="System.String">b0cbe79a-5836-4d42-9a31-1836b210f99c</TestId>
            <TestName Type="System.String">Adding empty contact generates appropriate four errors</TestName>
            <TestPath Type="System.String">New Contact\Adding empty contact generates appropriate field and style errors.tstest</TestPath>
            <TestStepNumber Type="System.Int32">8</TestStepNumber>
            <Order Type="System.Int32">9</Order>
            <LogMessageOnError Type="System.String">
            </LogMessageOnError>
            <HashCode Type="System.Int32">-1740805311</HashCode>
            <IsManual Type="System.Boolean">False</IsManual>
            <WasStepEnabled Type="System.Boolean">False</WasStepEnabled>
          </Item>
          <Item Type="ArtOfTest.WebAii.Design.AutomationStepResult" Version="2011.2.927.0">
            <ResultType Type="ArtOfTest.Common.Design.ResultType">Pass</ResultType>
            <StepDescription Type="System.String">Verify 'ColorAndBackground:Color' style 'Exact' '#333333' on 'LeadTypeLabelTag'</StepDescription>
            <TestId Type="System.String">b0cbe79a-5836-4d42-9a31-1836b210f99c</TestId>
            <TestName Type="System.String">Adding empty contact generates appropriate four errors</TestName>
            <TestPath Type="System.String">New Contact\Adding empty contact generates appropriate field and style errors.tstest</TestPath>
            <TestStepNumber Type="System.Int32">9</TestStepNumber>
            <Order Type="System.Int32">10</Order>
            <LogMessageOnError Type="System.String">
            </LogMessageOnError>
            <HashCode Type="System.Int32">-1740805310</HashCode>
            <IsManual Type="System.Boolean">False</IsManual>
            <WasStepEnabled Type="System.Boolean">False</WasStepEnabled>
          </Item>
        </AutomationStepResults>
        <NotRunStepDescriptions />
        <PerStepMessages Type="System.String">Overall Result: Pass
------------------------------------------------------------
'9/27/2011 5:21:14 PM' - Starting execution....
------------------------------------------------------------
'9/27/2011 5:21:24 PM' - 'Pass' : 1. Execute test 'Clicking New Contact from grid opens form in new window'

&gt;&gt;&gt; Test-as-Step 'New Contact\Clicking New Contact from grid opens form in new window.tstest' log starts:

Overall Result: Pass
------------------------------------------------------------
'9/27/2011 5:21:16 PM' - Enabling Html Popup Tracker. Test expecting Popups.
'9/27/2011 5:21:20 PM' - 'Pass' : 1. Execute test 'Logging in as test user displays proper header.tstest'

&gt;&gt;&gt; Test-as-Step 'Login\Logging in as test user displays proper header.tstest' log starts:

Overall Result: Pass
------------------------------------------------------------
'9/27/2011 5:21:16 PM' - Enabling Html Popup Tracker. Test expecting Popups.
'9/27/2011 5:21:18 PM' - 'Pass' : 1. Navigate to : 'http://localhost:3000'
'9/27/2011 5:21:18 PM' - 'Pass' : 2. Click 'LoginLinkLink'
'9/27/2011 5:21:18 PM' - 'Pass' : 3. Set 'UsernameText' text to 'testuser'
'9/27/2011 5:21:19 PM' - 'Pass' : 4. Set 'PasswordPassword' text to 'abc123'
'9/27/2011 5:21:20 PM' - 'Pass' : 5. Click 'LoginButtonSubmit'
'9/27/2011 5:21:20 PM' - 'Pass' : 6. Verify 'TextContent' 'Contains' 'Logout' on 'LogoutLink'
'9/27/2011 5:21:20 PM' - 'Pass' : 7. Verify 'TextContent' 'Contains' 'Home' on 'HomeLink'
'9/27/2011 5:21:20 PM' - 'Pass' : 8. Verify 'TextContent' 'Contains' 'Help' on 'HelpLink'
------------------------------------------------------------
'9/27/2011 5:21:20 PM' - Overall Result: Pass
'9/27/2011 5:21:20 PM' - Duration: [0 min: 3 sec: 843 msec]
------------------------------------------------------------

&lt;&lt;&lt; Test-as-Step 'Login\Logging in as test user displays proper header.tstest' log ends.

'9/27/2011 5:21:20 PM' - 'Pass' : 2. Click 'NewContactLink'
'9/27/2011 5:21:23 PM' - 'Pass' : 3. Connect to pop-up window : 'http://localhost:3000/contacts/new'
'9/27/2011 5:21:23 PM' - 'Pass' : 4. Verify 'TextContent' 'Contains' 'New contact' on 'NewContactH1Tag'
'9/27/2011 5:21:23 PM' - 'Pass' : 5. Verify element 'CommitSubmit' 'is' visible.
'9/27/2011 5:21:24 PM' - 'Pass' : 6. Verify attribute 'value' has 'Same' value of 'Create Contact' on 'CommitSubmit'
------------------------------------------------------------
'9/27/2011 5:21:24 PM' - Overall Result: Pass
'9/27/2011 5:21:24 PM' - Duration: [0 min: 7 sec: 466 msec]
------------------------------------------------------------

&lt;&lt;&lt; Test-as-Step 'New Contact\Clicking New Contact from grid opens form in new window.tstest' log ends.

'9/27/2011 5:21:24 PM' - 'Pass' : 2. Click 'CommitSubmit'
'9/27/2011 5:21:24 PM' - 'Pass' : 3. Verify 'TextContent' 'Contains' 'First name can't be blank' on 'FirstNameListItem'
'9/27/2011 5:21:24 PM' - 'Pass' : 4. Verify 'TextContent' 'Contains' 'Last name can't be blank' on 'LastNameListItem'
'9/27/2011 5:21:24 PM' - 'Pass' : 5. Verify 'TextContent' 'Contains' 'Email can't be blank' on 'EmailCanTListItem'
'9/27/2011 5:21:24 PM' - 'Pass' : 6. Verify 'TextContent' 'Contains' 'Lead type can't be blank' on 'LeadTypeListItem'
'9/27/2011 5:21:24 PM' - 'Pass' : 7. Verify 'ColorAndBackground:Color' style 'Exact' '#333333' on 'FirstNameLabelTag'
'9/27/2011 5:21:24 PM' - 'Pass' : 8. Verify 'ColorAndBackground:Color' style 'Exact' '#333333' on 'LastNameLabelTag'
'9/27/2011 5:21:24 PM' - 'Pass' : 9. Verify 'ColorAndBackground:Color' style 'Exact' '#333333' on 'EmailLabelTag'
'9/27/2011 5:21:24 PM' - 'Pass' : 10. Verify 'ColorAndBackground:Color' style 'Exact' '#333333' on 'LeadTypeLabelTag'
------------------------------------------------------------
'9/27/2011 5:21:24 PM' - Overall Result: Pass
'9/27/2011 5:21:24 PM' - Duration: [0 min: 8 sec: 507 msec]
------------------------------------------------------------
'9/27/2011 5:21:27 PM' - Test completed!
</PerStepMessages>
        <TotalNumberOfPassedSteps Type="System.Int32">10</TotalNumberOfPassedSteps>
        <ExecutingTestStepCount Type="System.Int32">10</ExecutingTestStepCount>
        <TotalNumberOfNotRunSteps Type="System.Int32">0</TotalNumberOfNotRunSteps>
        <IsDataDrivenResult Type="System.Boolean">False</IsDataDrivenResult>
        <SeparatorLineCharCount Type="System.Int32">60</SeparatorLineCharCount>
        <ExecutionType Type="ArtOfTest.Common.Design.ExecutionType">QuickExecution</ExecutionType>
        <EndTime Type="System.DateTime">2011-09-27 21:21:24Z</EndTime>
        <StarTime Type="System.DateTime">2011-09-27 21:21:16Z</StarTime>
        <DataIterationResults />
        <VersionGroupKey Type="System.String">00000000-0000-0000-0000-000000000000</VersionGroupKey>
      </WebAiiTestResult>
    </WebAiiTestResult>
    <WebAiiTestResult executionId="27a0a3d4-dbb8-44d6-bbff-8ff3785bcd16" testId="b72c1bec-352d-45ee-b3a8-cd7200bc1b17" testName="Visually check layout and styling of New Contact form" computerName="DEMO" duration="00:00:25.5400725" startTime="2011-09-27T17:21:41.7010000-04:00" endTime="2011-09-27T17:22:07.2400625-04:00" testType="c4241296-3c6e-46b1-bf92-e0bd3e0eb017" outcome="Passed" testListId="8c84fa94-04c1-424b-9868-57a2d4851a1d" relativeResultsDirectory="27a0a3d4-dbb8-44d6-bbff-8ff3785bcd16" xmlns="http://artoftest.com/schemas/WebAiiDesignCanvas/1.0.0">
      <Output xmlns="http://microsoft.com/schemas/VisualStudio/TeamTest/2010">
        <ErrorInfo>
          <Message>Overall Result: Pass
------------------------------------------------------------
'9/27/2011 5:21:41 PM' - Starting execution....
------------------------------------------------------------
'9/27/2011 5:21:49 PM' - 'Pass' : 1. Execute test 'Clicking New Contact from grid opens form in new window'

&gt;&gt;&gt; Test-as-Step 'New Contact\Clicking New Contact from grid opens form in new window.tstest' log starts:

Overall Result: Pass
------------------------------------------------------------
'9/27/2011 5:21:44 PM' - Enabling Html Popup Tracker. Test expecting Popups.
'9/27/2011 5:21:47 PM' - 'Pass' : 1. Execute test 'Logging in as test user displays proper header.tstest'

&gt;&gt;&gt; Test-as-Step 'Login\Logging in as test user displays proper header.tstest' log starts:

Overall Result: Pass
------------------------------------------------------------
'9/27/2011 5:21:44 PM' - Enabling Html Popup Tracker. Test expecting Popups.
'9/27/2011 5:21:45 PM' - 'Pass' : 1. Navigate to : 'http://localhost:3000'
'9/27/2011 5:21:45 PM' - 'Pass' : 2. Click 'LoginLinkLink'
'9/27/2011 5:21:45 PM' - 'Pass' : 3. Set 'UsernameText' text to 'testuser'
'9/27/2011 5:21:46 PM' - 'Pass' : 4. Set 'PasswordPassword' text to 'abc123'
'9/27/2011 5:21:47 PM' - 'Pass' : 5. Click 'LoginButtonSubmit'
'9/27/2011 5:21:47 PM' - 'Pass' : 6. Verify 'TextContent' 'Contains' 'Logout' on 'LogoutLink'
'9/27/2011 5:21:47 PM' - 'Pass' : 7. Verify 'TextContent' 'Contains' 'Home' on 'HomeLink'
'9/27/2011 5:21:47 PM' - 'Pass' : 8. Verify 'TextContent' 'Contains' 'Help' on 'HelpLink'
------------------------------------------------------------
'9/27/2011 5:21:47 PM' - Overall Result: Pass
'9/27/2011 5:21:47 PM' - Duration: [0 min: 3 sec: 279 msec]
------------------------------------------------------------

&lt;&lt;&lt; Test-as-Step 'Login\Logging in as test user displays proper header.tstest' log ends.

'9/27/2011 5:21:48 PM' - 'Pass' : 2. Click 'NewContactLink'
'9/27/2011 5:21:49 PM' - 'Pass' : 3. Connect to pop-up window : 'http://localhost:3000/contacts/new'
'9/27/2011 5:21:49 PM' - 'Pass' : 4. Verify 'TextContent' 'Contains' 'New contact' on 'NewContactH1Tag'
'9/27/2011 5:21:49 PM' - 'Pass' : 5. Verify element 'CommitSubmit' 'is' visible.
'9/27/2011 5:21:49 PM' - 'Pass' : 6. Verify attribute 'value' has 'Same' value of 'Create Contact' on 'CommitSubmit'
------------------------------------------------------------
'9/27/2011 5:21:49 PM' - Overall Result: Pass
'9/27/2011 5:21:49 PM' - Duration: [0 min: 5 sec: 803 msec]
------------------------------------------------------------

&lt;&lt;&lt; Test-as-Step 'New Contact\Clicking New Contact from grid opens form in new window.tstest' log ends.

'9/27/2011 5:21:53 PM' - 'Pass' : 2. Validate fields are properly laid out
'9/27/2011 5:21:54 PM' - 'Pass' : 3. Validate colors are correct
------------------------------------------------------------
'9/27/2011 5:21:54 PM' - Overall Result: Pass
'9/27/2011 5:21:54 PM' - Duration: [0 min: 10 sec: 244 msec]
------------------------------------------------------------
'9/27/2011 5:21:55 PM' - Test completed!
</Message>
        </ErrorInfo>
      </Output>
      <WebAiiTestResult Type="ArtOfTest.WebAii.Design.Execution.TestResult" Version="2011.2.927.0" xmlns="">
        <TestId Type="System.String">b72c1bec-352d-45ee-b3a8-cd7200bc1b17</TestId>
        <TestName Type="System.String">Visually check layout and styling of New Contact form</TestName>
        <TestPath Type="System.String">New Contact\Visually check layout and styling of New Contact form.tstest</TestPath>
        <ProjectPath Type="System.String">
        </ProjectPath>
        <ResultType Type="ArtOfTest.Common.Design.ResultType">Pass</ResultType>
        <AutomationStepResults>
          <Item Type="ArtOfTest.WebAii.Design.Execution.TestAsStepResult" Version="2011.2.927.0">
            <ResultType Type="ArtOfTest.Common.Design.ResultType">Pass</ResultType>
            <StepDescription Type="System.String">Execute test 'Clicking New Contact from grid opens form in new window'</StepDescription>
            <TestId Type="System.String">b72c1bec-352d-45ee-b3a8-cd7200bc1b17</TestId>
            <TestName Type="System.String">Visually check layout and styling of New Contact form</TestName>
            <TestPath Type="System.String">New Contact\Visually check layout and styling of New Contact form.tstest</TestPath>
            <TestStepNumber Type="System.Int32">0</TestStepNumber>
            <Order Type="System.Int32">1</Order>
            <LogMessageOnError Type="System.String">
            </LogMessageOnError>
            <HashCode Type="System.Int32">-832664899</HashCode>
            <IsManual Type="System.Boolean">False</IsManual>
            <WasStepEnabled Type="System.Boolean">False</WasStepEnabled>
            <TestResult Type="ArtOfTest.WebAii.Design.Execution.TestResult" Version="2011.2.927.0">
              <TestId Type="System.String">6ef4f20c-2dda-419c-997c-854a69210f65</TestId>
              <TestName Type="System.String">Clicking New Contact from grid opens form in new window</TestName>
              <TestPath Type="System.String">New Contact\Clicking New Contact from grid opens form in new window.tstest</TestPath>
              <ProjectPath Type="System.String">
              </ProjectPath>
              <ResultType Type="ArtOfTest.Common.Design.ResultType">Pass</ResultType>
              <AutomationStepResults>
                <Item Type="ArtOfTest.WebAii.Design.Execution.TestAsStepResult" Version="2011.2.927.0">
                  <ResultType Type="ArtOfTest.Common.Design.ResultType">Pass</ResultType>
                  <StepDescription Type="System.String">Execute test 'Logging in as test user displays proper header.tstest'</StepDescription>
                  <TestId Type="System.String">6ef4f20c-2dda-419c-997c-854a69210f65</TestId>
                  <TestName Type="System.String">Clicking New Contact from grid opens form in new window</TestName>
                  <TestPath Type="System.String">New Contact\Clicking New Contact from grid opens form in new window.tstest</TestPath>
                  <TestStepNumber Type="System.Int32">0</TestStepNumber>
                  <Order Type="System.Int32">1</Order>
                  <LogMessageOnError Type="System.String">
                  </LogMessageOnError>
                  <HashCode Type="System.Int32">-832664899</HashCode>
                  <IsManual Type="System.Boolean">False</IsManual>
                  <WasStepEnabled Type="System.Boolean">False</WasStepEnabled>
                  <TestResult Type="ArtOfTest.WebAii.Design.Execution.TestResult" Version="2011.2.927.0">
                    <TestId Type="System.String">d85de241-5219-4b09-b501-7a7aa86be76b</TestId>
                    <TestName Type="System.String">Logging in as test user displays proper header</TestName>
                    <TestPath Type="System.String">Login\Logging in as test user displays proper header.tstest</TestPath>
                    <ProjectPath Type="System.String">
                    </ProjectPath>
                    <ResultType Type="ArtOfTest.Common.Design.ResultType">Pass</ResultType>
                    <AutomationStepResults>
                      <Item Type="ArtOfTest.WebAii.Design.AutomationStepResult" Version="2011.2.927.0">
                        <ResultType Type="ArtOfTest.Common.Design.ResultType">Pass</ResultType>
                        <StepDescription Type="System.String">Navigate to : 'http://localhost:3000'</StepDescription>
                        <TestId Type="System.String">d85de241-5219-4b09-b501-7a7aa86be76b</TestId>
                        <TestName Type="System.String">Logging in as test user displays proper header</TestName>
                        <TestPath Type="System.String">Login\Logging in as test user displays proper header.tstest</TestPath>
                        <TestStepNumber Type="System.Int32">0</TestStepNumber>
                        <Order Type="System.Int32">1</Order>
                        <LogMessageOnError Type="System.String">
                        </LogMessageOnError>
                        <HashCode Type="System.Int32">1347723234</HashCode>
                        <IsManual Type="System.Boolean">False</IsManual>
                        <WasStepEnabled Type="System.Boolean">False</WasStepEnabled>
                      </Item>
                      <Item Type="ArtOfTest.WebAii.Design.AutomationStepResult" Version="2011.2.927.0">
                        <ResultType Type="ArtOfTest.Common.Design.ResultType">Pass</ResultType>
                        <StepDescription Type="System.String">Click 'LoginLinkLink'</StepDescription>
                        <TestId Type="System.String">d85de241-5219-4b09-b501-7a7aa86be76b</TestId>
                        <TestName Type="System.String">Logging in as test user displays proper header</TestName>
                        <TestPath Type="System.String">Login\Logging in as test user displays proper header.tstest</TestPath>
                        <TestStepNumber Type="System.Int32">1</TestStepNumber>
                        <Order Type="System.Int32">2</Order>
                        <LogMessageOnError Type="System.String">
                        </LogMessageOnError>
                        <HashCode Type="System.Int32">2087960561</HashCode>
                        <IsManual Type="System.Boolean">False</IsManual>
                        <WasStepEnabled Type="System.Boolean">False</WasStepEnabled>
                      </Item>
                      <Item Type="ArtOfTest.WebAii.Design.AutomationStepResult" Version="2011.2.927.0">
                        <ResultType Type="ArtOfTest.Common.Design.ResultType">Pass</ResultType>
                        <StepDescription Type="System.String">Set 'UsernameText' text to 'testuser'</StepDescription>
                        <TestId Type="System.String">d85de241-5219-4b09-b501-7a7aa86be76b</TestId>
                        <TestName Type="System.String">Logging in as test user displays proper header</TestName>
                        <TestPath Type="System.String">Login\Logging in as test user displays proper header.tstest</TestPath>
                        <TestStepNumber Type="System.Int32">2</TestStepNumber>
                        <Order Type="System.Int32">3</Order>
                        <LogMessageOnError Type="System.String">
                        </LogMessageOnError>
                        <HashCode Type="System.Int32">1106498605</HashCode>
                        <IsManual Type="System.Boolean">False</IsManual>
                        <WasStepEnabled Type="System.Boolean">False</WasStepEnabled>
                      </Item>
                      <Item Type="ArtOfTest.WebAii.Design.AutomationStepResult" Version="2011.2.927.0">
                        <ResultType Type="ArtOfTest.Common.Design.ResultType">Pass</ResultType>
                        <StepDescription Type="System.String">Set 'PasswordPassword' text to 'abc123'</StepDescription>
                        <TestId Type="System.String">d85de241-5219-4b09-b501-7a7aa86be76b</TestId>
                        <TestName Type="System.String">Logging in as test user displays proper header</TestName>
                        <TestPath Type="System.String">Login\Logging in as test user displays proper header.tstest</TestPath>
                        <TestStepNumber Type="System.Int32">3</TestStepNumber>
                        <Order Type="System.Int32">4</Order>
                        <LogMessageOnError Type="System.String">
                        </LogMessageOnError>
                        <HashCode Type="System.Int32">1106498606</HashCode>
                        <IsManual Type="System.Boolean">False</IsManual>
                        <WasStepEnabled Type="System.Boolean">False</WasStepEnabled>
                      </Item>
                      <Item Type="ArtOfTest.WebAii.Design.AutomationStepResult" Version="2011.2.927.0">
                        <ResultType Type="ArtOfTest.Common.Design.ResultType">Pass</ResultType>
                        <StepDescription Type="System.String">Click 'LoginButtonSubmit'</StepDescription>
                        <TestId Type="System.String">d85de241-5219-4b09-b501-7a7aa86be76b</TestId>
                        <TestName Type="System.String">Logging in as test user displays proper header</TestName>
                        <TestPath Type="System.String">Login\Logging in as test user displays proper header.tstest</TestPath>
                        <TestStepNumber Type="System.Int32">4</TestStepNumber>
                        <Order Type="System.Int32">5</Order>
                        <LogMessageOnError Type="System.String">
                        </LogMessageOnError>
                        <HashCode Type="System.Int32">2087960564</HashCode>
                        <IsManual Type="System.Boolean">False</IsManual>
                        <WasStepEnabled Type="System.Boolean">False</WasStepEnabled>
                      </Item>
                      <Item Type="ArtOfTest.WebAii.Design.AutomationStepResult" Version="2011.2.927.0">
                        <ResultType Type="ArtOfTest.Common.Design.ResultType">Pass</ResultType>
                        <StepDescription Type="System.String">Verify 'TextContent' 'Contains' 'Logout' on 'LogoutLink'</StepDescription>
                        <TestId Type="System.String">d85de241-5219-4b09-b501-7a7aa86be76b</TestId>
                        <TestName Type="System.String">Logging in as test user displays proper header</TestName>
                        <TestPath Type="System.String">Login\Logging in as test user displays proper header.tstest</TestPath>
                        <TestStepNumber Type="System.Int32">5</TestStepNumber>
                        <Order Type="System.Int32">6</Order>
                        <LogMessageOnError Type="System.String">
                        </LogMessageOnError>
                        <HashCode Type="System.Int32">-1313506168</HashCode>
                        <IsManual Type="System.Boolean">False</IsManual>
                        <WasStepEnabled Type="System.Boolean">False</WasStepEnabled>
                      </Item>
                      <Item Type="ArtOfTest.WebAii.Design.AutomationStepResult" Version="2011.2.927.0">
                        <ResultType Type="ArtOfTest.Common.Design.ResultType">Pass</ResultType>
                        <StepDescription Type="System.String">Verify 'TextContent' 'Contains' 'Home' on 'HomeLink'</StepDescription>
                        <TestId Type="System.String">d85de241-5219-4b09-b501-7a7aa86be76b</TestId>
                        <TestName Type="System.String">Logging in as test user displays proper header</TestName>
                        <TestPath Type="System.String">Login\Logging in as test user displays proper header.tstest</TestPath>
                        <TestStepNumber Type="System.Int32">6</TestStepNumber>
                        <Order Type="System.Int32">7</Order>
                        <LogMessageOnError Type="System.String">
                        </LogMessageOnError>
                        <HashCode Type="System.Int32">-1313506167</HashCode>
                        <IsManual Type="System.Boolean">False</IsManual>
                        <WasStepEnabled Type="System.Boolean">False</WasStepEnabled>
                      </Item>
                      <Item Type="ArtOfTest.WebAii.Design.AutomationStepResult" Version="2011.2.927.0">
                        <ResultType Type="ArtOfTest.Common.Design.ResultType">Pass</ResultType>
                        <StepDescription Type="System.String">Verify 'TextContent' 'Contains' 'Help' on 'HelpLink'</StepDescription>
                        <TestId Type="System.String">d85de241-5219-4b09-b501-7a7aa86be76b</TestId>
                        <TestName Type="System.String">Logging in as test user displays proper header</TestName>
                        <TestPath Type="System.String">Login\Logging in as test user displays proper header.tstest</TestPath>
                        <TestStepNumber Type="System.Int32">7</TestStepNumber>
                        <Order Type="System.Int32">8</Order>
                        <LogMessageOnError Type="System.String">
                        </LogMessageOnError>
                        <HashCode Type="System.Int32">-1313506166</HashCode>
                        <IsManual Type="System.Boolean">False</IsManual>
                        <WasStepEnabled Type="System.Boolean">False</WasStepEnabled>
                      </Item>
                    </AutomationStepResults>
                    <NotRunStepDescriptions />
                    <PerStepMessages Type="System.String">Overall Result: Pass
------------------------------------------------------------
'9/27/2011 5:21:44 PM' - Enabling Html Popup Tracker. Test expecting Popups.
'9/27/2011 5:21:45 PM' - 'Pass' : 1. Navigate to : 'http://localhost:3000'
'9/27/2011 5:21:45 PM' - 'Pass' : 2. Click 'LoginLinkLink'
'9/27/2011 5:21:45 PM' - 'Pass' : 3. Set 'UsernameText' text to 'testuser'
'9/27/2011 5:21:46 PM' - 'Pass' : 4. Set 'PasswordPassword' text to 'abc123'
'9/27/2011 5:21:47 PM' - 'Pass' : 5. Click 'LoginButtonSubmit'
'9/27/2011 5:21:47 PM' - 'Pass' : 6. Verify 'TextContent' 'Contains' 'Logout' on 'LogoutLink'
'9/27/2011 5:21:47 PM' - 'Pass' : 7. Verify 'TextContent' 'Contains' 'Home' on 'HomeLink'
'9/27/2011 5:21:47 PM' - 'Pass' : 8. Verify 'TextContent' 'Contains' 'Help' on 'HelpLink'
------------------------------------------------------------
'9/27/2011 5:21:47 PM' - Overall Result: Pass
'9/27/2011 5:21:47 PM' - Duration: [0 min: 3 sec: 279 msec]
------------------------------------------------------------
</PerStepMessages>
                    <TotalNumberOfPassedSteps Type="System.Int32">8</TotalNumberOfPassedSteps>
                    <ExecutingTestStepCount Type="System.Int32">8</ExecutingTestStepCount>
                    <TotalNumberOfNotRunSteps Type="System.Int32">0</TotalNumberOfNotRunSteps>
                    <IsDataDrivenResult Type="System.Boolean">False</IsDataDrivenResult>
                    <SeparatorLineCharCount Type="System.Int32">60</SeparatorLineCharCount>
                    <ExecutionType Type="ArtOfTest.Common.Design.ExecutionType">QuickExecution</ExecutionType>
                    <EndTime Type="System.DateTime">2011-09-27 21:21:47Z</EndTime>
                    <StarTime Type="System.DateTime">2011-09-27 21:21:44Z</StarTime>
                    <DataIterationResults />
                    <VersionGroupKey Type="System.String">00000000-0000-0000-0000-000000000000</VersionGroupKey>
                  </TestResult>
                </Item>
                <Item Type="ArtOfTest.WebAii.Design.AutomationStepResult" Version="2011.2.927.0">
                  <ResultType Type="ArtOfTest.Common.Design.ResultType">Pass</ResultType>
                  <StepDescription Type="System.String">Click 'NewContactLink'</StepDescription>
                  <TestId Type="System.String">6ef4f20c-2dda-419c-997c-854a69210f65</TestId>
                  <TestName Type="System.String">Clicking New Contact from grid opens form in new window</TestName>
                  <TestPath Type="System.String">New Contact\Clicking New Contact from grid opens form in new window.tstest</TestPath>
                  <TestStepNumber Type="System.Int32">1</TestStepNumber>
                  <Order Type="System.Int32">2</Order>
                  <LogMessageOnError Type="System.String">
                  </LogMessageOnError>
                  <HashCode Type="System.Int32">2087960561</HashCode>
                  <IsManual Type="System.Boolean">False</IsManual>
                  <WasStepEnabled Type="System.Boolean">False</WasStepEnabled>
                </Item>
                <Item Type="ArtOfTest.WebAii.Design.AutomationStepResult" Version="2011.2.927.0">
                  <ResultType Type="ArtOfTest.Common.Design.ResultType">Pass</ResultType>
                  <StepDescription Type="System.String">Connect to pop-up window : 'http://localhost:3000/contacts/new'</StepDescription>
                  <TestId Type="System.String">6ef4f20c-2dda-419c-997c-854a69210f65</TestId>
                  <TestName Type="System.String">Clicking New Contact from grid opens form in new window</TestName>
                  <TestPath Type="System.String">New Contact\Clicking New Contact from grid opens form in new window.tstest</TestPath>
                  <TestStepNumber Type="System.Int32">2</TestStepNumber>
                  <Order Type="System.Int32">3</Order>
                  <LogMessageOnError Type="System.String">
                  </LogMessageOnError>
                  <HashCode Type="System.Int32">512605107</HashCode>
                  <IsManual Type="System.Boolean">False</IsManual>
                  <WasStepEnabled Type="System.Boolean">False</WasStepEnabled>
                </Item>
                <Item Type="ArtOfTest.WebAii.Design.AutomationStepResult" Version="2011.2.927.0">
                  <ResultType Type="ArtOfTest.Common.Design.ResultType">Pass</ResultType>
                  <StepDescription Type="System.String">Verify 'TextContent' 'Contains' 'New contact' on 'NewContactH1Tag'</StepDescription>
                  <TestId Type="System.String">6ef4f20c-2dda-419c-997c-854a69210f65</TestId>
                  <TestName Type="System.String">Clicking New Contact from grid opens form in new window</TestName>
                  <TestPath Type="System.String">New Contact\Clicking New Contact from grid opens form in new window.tstest</TestPath>
                  <TestStepNumber Type="System.Int32">3</TestStepNumber>
                  <Order Type="System.Int32">4</Order>
                  <LogMessageOnError Type="System.String">
                  </LogMessageOnError>
                  <HashCode Type="System.Int32">-1313506170</HashCode>
                  <IsManual Type="System.Boolean">False</IsManual>
                  <WasStepEnabled Type="System.Boolean">False</WasStepEnabled>
                </Item>
                <Item Type="ArtOfTest.WebAii.Design.AutomationStepResult" Version="2011.2.927.0">
                  <ResultType Type="ArtOfTest.Common.Design.ResultType">Pass</ResultType>
                  <StepDescription Type="System.String">Verify element 'CommitSubmit' 'is' visible.</StepDescription>
                  <TestId Type="System.String">6ef4f20c-2dda-419c-997c-854a69210f65</TestId>
                  <TestName Type="System.String">Clicking New Contact from grid opens form in new window</TestName>
                  <TestPath Type="System.String">New Contact\Clicking New Contact from grid opens form in new window.tstest</TestPath>
                  <TestStepNumber Type="System.Int32">4</TestStepNumber>
                  <Order Type="System.Int32">5</Order>
                  <LogMessageOnError Type="System.String">
                  </LogMessageOnError>
                  <HashCode Type="System.Int32">1164883281</HashCode>
                  <IsManual Type="System.Boolean">False</IsManual>
                  <WasStepEnabled Type="System.Boolean">False</WasStepEnabled>
                </Item>
                <Item Type="ArtOfTest.WebAii.Design.AutomationStepResult" Version="2011.2.927.0">
                  <ResultType Type="ArtOfTest.Common.Design.ResultType">Pass</ResultType>
                  <StepDescription Type="System.String">Verify attribute 'value' has 'Same' value of 'Create Contact' on 'CommitSubmit'</StepDescription>
                  <TestId Type="System.String">6ef4f20c-2dda-419c-997c-854a69210f65</TestId>
                  <TestName Type="System.String">Clicking New Contact from grid opens form in new window</TestName>
                  <TestPath Type="System.String">New Contact\Clicking New Contact from grid opens form in new window.tstest</TestPath>
                  <TestStepNumber Type="System.Int32">5</TestStepNumber>
                  <Order Type="System.Int32">6</Order>
                  <LogMessageOnError Type="System.String">
                  </LogMessageOnError>
                  <HashCode Type="System.Int32">-426161341</HashCode>
                  <IsManual Type="System.Boolean">False</IsManual>
                  <WasStepEnabled Type="System.Boolean">False</WasStepEnabled>
                </Item>
              </AutomationStepResults>
              <NotRunStepDescriptions />
              <PerStepMessages Type="System.String">Overall Result: Pass
------------------------------------------------------------
'9/27/2011 5:21:44 PM' - Enabling Html Popup Tracker. Test expecting Popups.
'9/27/2011 5:21:47 PM' - 'Pass' : 1. Execute test 'Logging in as test user displays proper header.tstest'

&gt;&gt;&gt; Test-as-Step 'Login\Logging in as test user displays proper header.tstest' log starts:

Overall Result: Pass
------------------------------------------------------------
'9/27/2011 5:21:44 PM' - Enabling Html Popup Tracker. Test expecting Popups.
'9/27/2011 5:21:45 PM' - 'Pass' : 1. Navigate to : 'http://localhost:3000'
'9/27/2011 5:21:45 PM' - 'Pass' : 2. Click 'LoginLinkLink'
'9/27/2011 5:21:45 PM' - 'Pass' : 3. Set 'UsernameText' text to 'testuser'
'9/27/2011 5:21:46 PM' - 'Pass' : 4. Set 'PasswordPassword' text to 'abc123'
'9/27/2011 5:21:47 PM' - 'Pass' : 5. Click 'LoginButtonSubmit'
'9/27/2011 5:21:47 PM' - 'Pass' : 6. Verify 'TextContent' 'Contains' 'Logout' on 'LogoutLink'
'9/27/2011 5:21:47 PM' - 'Pass' : 7. Verify 'TextContent' 'Contains' 'Home' on 'HomeLink'
'9/27/2011 5:21:47 PM' - 'Pass' : 8. Verify 'TextContent' 'Contains' 'Help' on 'HelpLink'
------------------------------------------------------------
'9/27/2011 5:21:47 PM' - Overall Result: Pass
'9/27/2011 5:21:47 PM' - Duration: [0 min: 3 sec: 279 msec]
------------------------------------------------------------

&lt;&lt;&lt; Test-as-Step 'Login\Logging in as test user displays proper header.tstest' log ends.

'9/27/2011 5:21:48 PM' - 'Pass' : 2. Click 'NewContactLink'
'9/27/2011 5:21:49 PM' - 'Pass' : 3. Connect to pop-up window : 'http://localhost:3000/contacts/new'
'9/27/2011 5:21:49 PM' - 'Pass' : 4. Verify 'TextContent' 'Contains' 'New contact' on 'NewContactH1Tag'
'9/27/2011 5:21:49 PM' - 'Pass' : 5. Verify element 'CommitSubmit' 'is' visible.
'9/27/2011 5:21:49 PM' - 'Pass' : 6. Verify attribute 'value' has 'Same' value of 'Create Contact' on 'CommitSubmit'
------------------------------------------------------------
'9/27/2011 5:21:49 PM' - Overall Result: Pass
'9/27/2011 5:21:49 PM' - Duration: [0 min: 5 sec: 803 msec]
------------------------------------------------------------
</PerStepMessages>
              <TotalNumberOfPassedSteps Type="System.Int32">6</TotalNumberOfPassedSteps>
              <ExecutingTestStepCount Type="System.Int32">6</ExecutingTestStepCount>
              <TotalNumberOfNotRunSteps Type="System.Int32">0</TotalNumberOfNotRunSteps>
              <IsDataDrivenResult Type="System.Boolean">False</IsDataDrivenResult>
              <SeparatorLineCharCount Type="System.Int32">60</SeparatorLineCharCount>
              <ExecutionType Type="ArtOfTest.Common.Design.ExecutionType">QuickExecution</ExecutionType>
              <EndTime Type="System.DateTime">2011-09-27 21:21:49Z</EndTime>
              <StarTime Type="System.DateTime">2011-09-27 21:21:44Z</StarTime>
              <DataIterationResults />
              <VersionGroupKey Type="System.String">00000000-0000-0000-0000-000000000000</VersionGroupKey>
            </TestResult>
          </Item>
          <Item Type="ArtOfTest.WebAii.Design.AutomationStepResult" Version="2011.2.927.0">
            <ResultType Type="ArtOfTest.Common.Design.ResultType">Pass</ResultType>
            <StepDescription Type="System.String">Validate fields are properly laid out</StepDescription>
            <TestId Type="System.String">b72c1bec-352d-45ee-b3a8-cd7200bc1b17</TestId>
            <TestName Type="System.String">Visually check layout and styling of New Contact form</TestName>
            <TestPath Type="System.String">New Contact\Visually check layout and styling of New Contact form.tstest</TestPath>
            <TestStepNumber Type="System.Int32">1</TestStepNumber>
            <Order Type="System.Int32">2</Order>
            <LogMessageOnError Type="System.String">
            </LogMessageOnError>
            <HashCode Type="System.Int32">-2124429176</HashCode>
            <IsManual Type="System.Boolean">False</IsManual>
            <WasStepEnabled Type="System.Boolean">False</WasStepEnabled>
          </Item>
          <Item Type="ArtOfTest.WebAii.Design.AutomationStepResult" Version="2011.2.927.0">
            <ResultType Type="ArtOfTest.Common.Design.ResultType">Pass</ResultType>
            <StepDescription Type="System.String">Validate colors are correct</StepDescription>
            <TestId Type="System.String">b72c1bec-352d-45ee-b3a8-cd7200bc1b17</TestId>
            <TestName Type="System.String">Visually check layout and styling of New Contact form</TestName>
            <TestPath Type="System.String">New Contact\Visually check layout and styling of New Contact form.tstest</TestPath>
            <TestStepNumber Type="System.Int32">2</TestStepNumber>
            <Order Type="System.Int32">3</Order>
            <LogMessageOnError Type="System.String">
            </LogMessageOnError>
            <HashCode Type="System.Int32">-2124429175</HashCode>
            <IsManual Type="System.Boolean">False</IsManual>
            <WasStepEnabled Type="System.Boolean">False</WasStepEnabled>
          </Item>
        </AutomationStepResults>
        <NotRunStepDescriptions />
        <PerStepMessages Type="System.String">Overall Result: Pass
------------------------------------------------------------
'9/27/2011 5:21:41 PM' - Starting execution....
------------------------------------------------------------
'9/27/2011 5:21:49 PM' - 'Pass' : 1. Execute test 'Clicking New Contact from grid opens form in new window'

&gt;&gt;&gt; Test-as-Step 'New Contact\Clicking New Contact from grid opens form in new window.tstest' log starts:

Overall Result: Pass
------------------------------------------------------------
'9/27/2011 5:21:44 PM' - Enabling Html Popup Tracker. Test expecting Popups.
'9/27/2011 5:21:47 PM' - 'Pass' : 1. Execute test 'Logging in as test user displays proper header.tstest'

&gt;&gt;&gt; Test-as-Step 'Login\Logging in as test user displays proper header.tstest' log starts:

Overall Result: Pass
------------------------------------------------------------
'9/27/2011 5:21:44 PM' - Enabling Html Popup Tracker. Test expecting Popups.
'9/27/2011 5:21:45 PM' - 'Pass' : 1. Navigate to : 'http://localhost:3000'
'9/27/2011 5:21:45 PM' - 'Pass' : 2. Click 'LoginLinkLink'
'9/27/2011 5:21:45 PM' - 'Pass' : 3. Set 'UsernameText' text to 'testuser'
'9/27/2011 5:21:46 PM' - 'Pass' : 4. Set 'PasswordPassword' text to 'abc123'
'9/27/2011 5:21:47 PM' - 'Pass' : 5. Click 'LoginButtonSubmit'
'9/27/2011 5:21:47 PM' - 'Pass' : 6. Verify 'TextContent' 'Contains' 'Logout' on 'LogoutLink'
'9/27/2011 5:21:47 PM' - 'Pass' : 7. Verify 'TextContent' 'Contains' 'Home' on 'HomeLink'
'9/27/2011 5:21:47 PM' - 'Pass' : 8. Verify 'TextContent' 'Contains' 'Help' on 'HelpLink'
------------------------------------------------------------
'9/27/2011 5:21:47 PM' - Overall Result: Pass
'9/27/2011 5:21:47 PM' - Duration: [0 min: 3 sec: 279 msec]
------------------------------------------------------------

&lt;&lt;&lt; Test-as-Step 'Login\Logging in as test user displays proper header.tstest' log ends.

'9/27/2011 5:21:48 PM' - 'Pass' : 2. Click 'NewContactLink'
'9/27/2011 5:21:49 PM' - 'Pass' : 3. Connect to pop-up window : 'http://localhost:3000/contacts/new'
'9/27/2011 5:21:49 PM' - 'Pass' : 4. Verify 'TextContent' 'Contains' 'New contact' on 'NewContactH1Tag'
'9/27/2011 5:21:49 PM' - 'Pass' : 5. Verify element 'CommitSubmit' 'is' visible.
'9/27/2011 5:21:49 PM' - 'Pass' : 6. Verify attribute 'value' has 'Same' value of 'Create Contact' on 'CommitSubmit'
------------------------------------------------------------
'9/27/2011 5:21:49 PM' - Overall Result: Pass
'9/27/2011 5:21:49 PM' - Duration: [0 min: 5 sec: 803 msec]
------------------------------------------------------------

&lt;&lt;&lt; Test-as-Step 'New Contact\Clicking New Contact from grid opens form in new window.tstest' log ends.

'9/27/2011 5:21:53 PM' - 'Pass' : 2. Validate fields are properly laid out
'9/27/2011 5:21:54 PM' - 'Pass' : 3. Validate colors are correct
------------------------------------------------------------
'9/27/2011 5:21:54 PM' - Overall Result: Pass
'9/27/2011 5:21:54 PM' - Duration: [0 min: 10 sec: 244 msec]
------------------------------------------------------------
'9/27/2011 5:21:55 PM' - Test completed!
</PerStepMessages>
        <TotalNumberOfPassedSteps Type="System.Int32">3</TotalNumberOfPassedSteps>
        <ExecutingTestStepCount Type="System.Int32">3</ExecutingTestStepCount>
        <TotalNumberOfNotRunSteps Type="System.Int32">0</TotalNumberOfNotRunSteps>
        <IsDataDrivenResult Type="System.Boolean">False</IsDataDrivenResult>
        <SeparatorLineCharCount Type="System.Int32">60</SeparatorLineCharCount>
        <ExecutionType Type="ArtOfTest.Common.Design.ExecutionType">QuickExecution</ExecutionType>
        <EndTime Type="System.DateTime">2011-09-27 21:21:54Z</EndTime>
        <StarTime Type="System.DateTime">2011-09-27 21:21:43Z</StarTime>
        <DataIterationResults />
        <VersionGroupKey Type="System.String">00000000-0000-0000-0000-000000000000</VersionGroupKey>
      </WebAiiTestResult>
    </WebAiiTestResult>
    <WebAiiTestResult executionId="5d4981eb-8269-4384-9e8d-4c202b2fcae5" testId="bb96b034-5560-4909-bf1a-096866fc288e" testName="Login Submit button disabled until both username &amp; password entered" computerName="DEMO" duration="00:00:17.4510115" startTime="2011-09-27T17:22:07.2488516-04:00" endTime="2011-09-27T17:22:24.7000235-04:00" testType="c4241296-3c6e-46b1-bf92-e0bd3e0eb017" outcome="Passed" testListId="8c84fa94-04c1-424b-9868-57a2d4851a1d" relativeResultsDirectory="5d4981eb-8269-4384-9e8d-4c202b2fcae5" xmlns="http://artoftest.com/schemas/WebAiiDesignCanvas/1.0.0">
      <Output xmlns="http://microsoft.com/schemas/VisualStudio/TeamTest/2010">
        <ErrorInfo>
          <Message>Overall Result: Pass
------------------------------------------------------------
'9/27/2011 5:22:07 PM' - Starting execution....
------------------------------------------------------------
'9/27/2011 5:22:10 PM' - 'Pass' : 1. Navigate to : 'http://localhost:3000'
'9/27/2011 5:22:10 PM' - 'Pass' : 2. Click 'LoginLinkLink'
'9/27/2011 5:22:10 PM' - 'Pass' : 3. Wait for Exists 'LoginButtonSubmit'
'9/27/2011 5:22:10 PM' - 'Pass' : 4. Verify 'LoginButtonSubmit' is disabled
'9/27/2011 5:22:11 PM' - 'Pass' : 5. Set 'UsernameText' text to 'testuser'
'9/27/2011 5:22:11 PM' - 'Pass' : 6. Verify 'LoginButtonSubmit' is disabled
'9/27/2011 5:22:12 PM' - 'Pass' : 7. Set 'PasswordPassword' text to 'abc123'
'9/27/2011 5:22:12 PM' - 'Pass' : 8. Wait for 'LoginButtonSubmit' is enabled
------------------------------------------------------------
'9/27/2011 5:22:12 PM' - Overall Result: Pass
'9/27/2011 5:22:12 PM' - Duration: [0 min: 3 sec: 923 msec]
------------------------------------------------------------
'9/27/2011 5:22:13 PM' - Test completed!
</Message>
        </ErrorInfo>
      </Output>
      <WebAiiTestResult Type="ArtOfTest.WebAii.Design.Execution.TestResult" Version="2011.2.927.0" xmlns="">
        <TestId Type="System.String">bb96b034-5560-4909-bf1a-096866fc288e</TestId>
        <TestName Type="System.String">Login Submit button disabled until both username &amp; password entered</TestName>
        <TestPath Type="System.String">Login\Login Submit button disabled until both username &amp; password entered.tstest</TestPath>
        <ProjectPath Type="System.String">
        </ProjectPath>
        <ResultType Type="ArtOfTest.Common.Design.ResultType">Pass</ResultType>
        <AutomationStepResults>
          <Item Type="ArtOfTest.WebAii.Design.AutomationStepResult" Version="2011.2.927.0">
            <ResultType Type="ArtOfTest.Common.Design.ResultType">Pass</ResultType>
            <StepDescription Type="System.String">Navigate to : 'http://localhost:3000'</StepDescription>
            <TestId Type="System.String">bb96b034-5560-4909-bf1a-096866fc288e</TestId>
            <TestName Type="System.String">Login Submit button disabled until both username &amp; password entered</TestName>
            <TestPath Type="System.String">Login\Login Submit button disabled until both username &amp; password entered.tstest</TestPath>
            <TestStepNumber Type="System.Int32">0</TestStepNumber>
            <Order Type="System.Int32">1</Order>
            <LogMessageOnError Type="System.String">
            </LogMessageOnError>
            <HashCode Type="System.Int32">1347723234</HashCode>
            <IsManual Type="System.Boolean">False</IsManual>
            <WasStepEnabled Type="System.Boolean">False</WasStepEnabled>
          </Item>
          <Item Type="ArtOfTest.WebAii.Design.AutomationStepResult" Version="2011.2.927.0">
            <ResultType Type="ArtOfTest.Common.Design.ResultType">Pass</ResultType>
            <StepDescription Type="System.String">Click 'LoginLinkLink'</StepDescription>
            <TestId Type="System.String">bb96b034-5560-4909-bf1a-096866fc288e</TestId>
            <TestName Type="System.String">Login Submit button disabled until both username &amp; password entered</TestName>
            <TestPath Type="System.String">Login\Login Submit button disabled until both username &amp; password entered.tstest</TestPath>
            <TestStepNumber Type="System.Int32">1</TestStepNumber>
            <Order Type="System.Int32">2</Order>
            <LogMessageOnError Type="System.String">
            </LogMessageOnError>
            <HashCode Type="System.Int32">2087960561</HashCode>
            <IsManual Type="System.Boolean">False</IsManual>
            <WasStepEnabled Type="System.Boolean">False</WasStepEnabled>
          </Item>
          <Item Type="ArtOfTest.WebAii.Design.AutomationStepResult" Version="2011.2.927.0">
            <ResultType Type="ArtOfTest.Common.Design.ResultType">Pass</ResultType>
            <StepDescription Type="System.String">Wait for Exists 'LoginButtonSubmit'</StepDescription>
            <TestId Type="System.String">bb96b034-5560-4909-bf1a-096866fc288e</TestId>
            <TestName Type="System.String">Login Submit button disabled until both username &amp; password entered</TestName>
            <TestPath Type="System.String">Login\Login Submit button disabled until both username &amp; password entered.tstest</TestPath>
            <TestStepNumber Type="System.Int32">2</TestStepNumber>
            <Order Type="System.Int32">3</Order>
            <LogMessageOnError Type="System.String">
            </LogMessageOnError>
            <HashCode Type="System.Int32">-898084788</HashCode>
            <IsManual Type="System.Boolean">False</IsManual>
            <WasStepEnabled Type="System.Boolean">False</WasStepEnabled>
          </Item>
          <Item Type="ArtOfTest.WebAii.Design.AutomationStepResult" Version="2011.2.927.0">
            <ResultType Type="ArtOfTest.Common.Design.ResultType">Pass</ResultType>
            <StepDescription Type="System.String">Verify 'LoginButtonSubmit' is disabled</StepDescription>
            <TestId Type="System.String">bb96b034-5560-4909-bf1a-096866fc288e</TestId>
            <TestName Type="System.String">Login Submit button disabled until both username &amp; password entered</TestName>
            <TestPath Type="System.String">Login\Login Submit button disabled until both username &amp; password entered.tstest</TestPath>
            <TestStepNumber Type="System.Int32">3</TestStepNumber>
            <Order Type="System.Int32">4</Order>
            <LogMessageOnError Type="System.String">
            </LogMessageOnError>
            <HashCode Type="System.Int32">-795681699</HashCode>
            <IsManual Type="System.Boolean">False</IsManual>
            <WasStepEnabled Type="System.Boolean">False</WasStepEnabled>
          </Item>
          <Item Type="ArtOfTest.WebAii.Design.AutomationStepResult" Version="2011.2.927.0">
            <ResultType Type="ArtOfTest.Common.Design.ResultType">Pass</ResultType>
            <StepDescription Type="System.String">Set 'UsernameText' text to 'testuser'</StepDescription>
            <TestId Type="System.String">bb96b034-5560-4909-bf1a-096866fc288e</TestId>
            <TestName Type="System.String">Login Submit button disabled until both username &amp; password entered</TestName>
            <TestPath Type="System.String">Login\Login Submit button disabled until both username &amp; password entered.tstest</TestPath>
            <TestStepNumber Type="System.Int32">4</TestStepNumber>
            <Order Type="System.Int32">5</Order>
            <LogMessageOnError Type="System.String">
            </LogMessageOnError>
            <HashCode Type="System.Int32">1106498607</HashCode>
            <IsManual Type="System.Boolean">False</IsManual>
            <WasStepEnabled Type="System.Boolean">False</WasStepEnabled>
          </Item>
          <Item Type="ArtOfTest.WebAii.Design.AutomationStepResult" Version="2011.2.927.0">
            <ResultType Type="ArtOfTest.Common.Design.ResultType">Pass</ResultType>
            <StepDescription Type="System.String">Verify 'LoginButtonSubmit' is disabled</StepDescription>
            <TestId Type="System.String">bb96b034-5560-4909-bf1a-096866fc288e</TestId>
            <TestName Type="System.String">Login Submit button disabled until both username &amp; password entered</TestName>
            <TestPath Type="System.String">Login\Login Submit button disabled until both username &amp; password entered.tstest</TestPath>
            <TestStepNumber Type="System.Int32">5</TestStepNumber>
            <Order Type="System.Int32">6</Order>
            <LogMessageOnError Type="System.String">
            </LogMessageOnError>
            <HashCode Type="System.Int32">-795681697</HashCode>
            <IsManual Type="System.Boolean">False</IsManual>
            <WasStepEnabled Type="System.Boolean">False</WasStepEnabled>
          </Item>
          <Item Type="ArtOfTest.WebAii.Design.AutomationStepResult" Version="2011.2.927.0">
            <ResultType Type="ArtOfTest.Common.Design.ResultType">Pass</ResultType>
            <StepDescription Type="System.String">Set 'PasswordPassword' text to 'abc123'</StepDescription>
            <TestId Type="System.String">bb96b034-5560-4909-bf1a-096866fc288e</TestId>
            <TestName Type="System.String">Login Submit button disabled until both username &amp; password entered</TestName>
            <TestPath Type="System.String">Login\Login Submit button disabled until both username &amp; password entered.tstest</TestPath>
            <TestStepNumber Type="System.Int32">6</TestStepNumber>
            <Order Type="System.Int32">7</Order>
            <LogMessageOnError Type="System.String">
            </LogMessageOnError>
            <HashCode Type="System.Int32">1106498609</HashCode>
            <IsManual Type="System.Boolean">False</IsManual>
            <WasStepEnabled Type="System.Boolean">False</WasStepEnabled>
          </Item>
          <Item Type="ArtOfTest.WebAii.Design.AutomationStepResult" Version="2011.2.927.0">
            <ResultType Type="ArtOfTest.Common.Design.ResultType">Pass</ResultType>
            <StepDescription Type="System.String">Wait for 'LoginButtonSubmit' is enabled</StepDescription>
            <TestId Type="System.String">bb96b034-5560-4909-bf1a-096866fc288e</TestId>
            <TestName Type="System.String">Login Submit button disabled until both username &amp; password entered</TestName>
            <TestPath Type="System.String">Login\Login Submit button disabled until both username &amp; password entered.tstest</TestPath>
            <TestStepNumber Type="System.Int32">7</TestStepNumber>
            <Order Type="System.Int32">8</Order>
            <LogMessageOnError Type="System.String">
            </LogMessageOnError>
            <HashCode Type="System.Int32">-795681695</HashCode>
            <IsManual Type="System.Boolean">False</IsManual>
            <WasStepEnabled Type="System.Boolean">False</WasStepEnabled>
          </Item>
        </AutomationStepResults>
        <NotRunStepDescriptions />
        <PerStepMessages Type="System.String">Overall Result: Pass
------------------------------------------------------------
'9/27/2011 5:22:07 PM' - Starting execution....
------------------------------------------------------------
'9/27/2011 5:22:10 PM' - 'Pass' : 1. Navigate to : 'http://localhost:3000'
'9/27/2011 5:22:10 PM' - 'Pass' : 2. Click 'LoginLinkLink'
'9/27/2011 5:22:10 PM' - 'Pass' : 3. Wait for Exists 'LoginButtonSubmit'
'9/27/2011 5:22:10 PM' - 'Pass' : 4. Verify 'LoginButtonSubmit' is disabled
'9/27/2011 5:22:11 PM' - 'Pass' : 5. Set 'UsernameText' text to 'testuser'
'9/27/2011 5:22:11 PM' - 'Pass' : 6. Verify 'LoginButtonSubmit' is disabled
'9/27/2011 5:22:12 PM' - 'Pass' : 7. Set 'PasswordPassword' text to 'abc123'
'9/27/2011 5:22:12 PM' - 'Pass' : 8. Wait for 'LoginButtonSubmit' is enabled
------------------------------------------------------------
'9/27/2011 5:22:12 PM' - Overall Result: Pass
'9/27/2011 5:22:12 PM' - Duration: [0 min: 3 sec: 923 msec]
------------------------------------------------------------
'9/27/2011 5:22:13 PM' - Test completed!
</PerStepMessages>
        <TotalNumberOfPassedSteps Type="System.Int32">8</TotalNumberOfPassedSteps>
        <ExecutingTestStepCount Type="System.Int32">8</ExecutingTestStepCount>
        <TotalNumberOfNotRunSteps Type="System.Int32">0</TotalNumberOfNotRunSteps>
        <IsDataDrivenResult Type="System.Boolean">False</IsDataDrivenResult>
        <SeparatorLineCharCount Type="System.Int32">60</SeparatorLineCharCount>
        <ExecutionType Type="ArtOfTest.Common.Design.ExecutionType">QuickExecution</ExecutionType>
        <EndTime Type="System.DateTime">2011-09-27 21:22:12Z</EndTime>
        <StarTime Type="System.DateTime">2011-09-27 21:22:08Z</StarTime>
        <DataIterationResults />
        <VersionGroupKey Type="System.String">00000000-0000-0000-0000-000000000000</VersionGroupKey>
      </WebAiiTestResult>
    </WebAiiTestResult>
    <WebAiiTestResult executionId="a17690d4-eb44-4eb4-9024-dd7b41cf0353" testId="d85de241-5219-4b09-b501-7a7aa86be76b" testName="Logging in as test user displays proper header" computerName="DEMO" duration="00:00:17.5641571" startTime="2011-09-27T17:22:24.7068594-04:00" endTime="2011-09-27T17:22:42.2713125-04:00" testType="c4241296-3c6e-46b1-bf92-e0bd3e0eb017" outcome="Passed" testListId="8c84fa94-04c1-424b-9868-57a2d4851a1d" relativeResultsDirectory="a17690d4-eb44-4eb4-9024-dd7b41cf0353" xmlns="http://artoftest.com/schemas/WebAiiDesignCanvas/1.0.0">
      <Output xmlns="http://microsoft.com/schemas/VisualStudio/TeamTest/2010">
        <ErrorInfo>
          <Message>Overall Result: Pass
------------------------------------------------------------
'9/27/2011 5:22:24 PM' - Starting execution....
------------------------------------------------------------
'9/27/2011 5:22:27 PM' - 'Pass' : 1. Navigate to : 'http://localhost:3000'
'9/27/2011 5:22:27 PM' - 'Pass' : 2. Click 'LoginLinkLink'
'9/27/2011 5:22:28 PM' - 'Pass' : 3. Set 'UsernameText' text to 'testuser'
'9/27/2011 5:22:29 PM' - 'Pass' : 4. Set 'PasswordPassword' text to 'abc123'
'9/27/2011 5:22:30 PM' - 'Pass' : 5. Click 'LoginButtonSubmit'
'9/27/2011 5:22:30 PM' - 'Pass' : 6. Verify 'TextContent' 'Contains' 'Logout' on 'LogoutLink'
'9/27/2011 5:22:30 PM' - 'Pass' : 7. Verify 'TextContent' 'Contains' 'Home' on 'HomeLink'
'9/27/2011 5:22:30 PM' - 'Pass' : 8. Verify 'TextContent' 'Contains' 'Help' on 'HelpLink'
------------------------------------------------------------
'9/27/2011 5:22:30 PM' - Overall Result: Pass
'9/27/2011 5:22:30 PM' - Duration: [0 min: 3 sec: 859 msec]
------------------------------------------------------------
'9/27/2011 5:22:30 PM' - Test completed!
</Message>
        </ErrorInfo>
      </Output>
      <WebAiiTestResult Type="ArtOfTest.WebAii.Design.Execution.TestResult" Version="2011.2.927.0" xmlns="">
        <TestId Type="System.String">d85de241-5219-4b09-b501-7a7aa86be76b</TestId>
        <TestName Type="System.String">Logging in as test user displays proper header</TestName>
        <TestPath Type="System.String">Login\Logging in as test user displays proper header.tstest</TestPath>
        <ProjectPath Type="System.String">
        </ProjectPath>
        <ResultType Type="ArtOfTest.Common.Design.ResultType">Pass</ResultType>
        <AutomationStepResults>
          <Item Type="ArtOfTest.WebAii.Design.AutomationStepResult" Version="2011.2.927.0">
            <ResultType Type="ArtOfTest.Common.Design.ResultType">Pass</ResultType>
            <StepDescription Type="System.String">Navigate to : 'http://localhost:3000'</StepDescription>
            <TestId Type="System.String">d85de241-5219-4b09-b501-7a7aa86be76b</TestId>
            <TestName Type="System.String">Logging in as test user displays proper header</TestName>
            <TestPath Type="System.String">Login\Logging in as test user displays proper header.tstest</TestPath>
            <TestStepNumber Type="System.Int32">0</TestStepNumber>
            <Order Type="System.Int32">1</Order>
            <LogMessageOnError Type="System.String">
            </LogMessageOnError>
            <HashCode Type="System.Int32">1347723234</HashCode>
            <IsManual Type="System.Boolean">False</IsManual>
            <WasStepEnabled Type="System.Boolean">False</WasStepEnabled>
          </Item>
          <Item Type="ArtOfTest.WebAii.Design.AutomationStepResult" Version="2011.2.927.0">
            <ResultType Type="ArtOfTest.Common.Design.ResultType">Pass</ResultType>
            <StepDescription Type="System.String">Click 'LoginLinkLink'</StepDescription>
            <TestId Type="System.String">d85de241-5219-4b09-b501-7a7aa86be76b</TestId>
            <TestName Type="System.String">Logging in as test user displays proper header</TestName>
            <TestPath Type="System.String">Login\Logging in as test user displays proper header.tstest</TestPath>
            <TestStepNumber Type="System.Int32">1</TestStepNumber>
            <Order Type="System.Int32">2</Order>
            <LogMessageOnError Type="System.String">
            </LogMessageOnError>
            <HashCode Type="System.Int32">2087960561</HashCode>
            <IsManual Type="System.Boolean">False</IsManual>
            <WasStepEnabled Type="System.Boolean">False</WasStepEnabled>
          </Item>
          <Item Type="ArtOfTest.WebAii.Design.AutomationStepResult" Version="2011.2.927.0">
            <ResultType Type="ArtOfTest.Common.Design.ResultType">Pass</ResultType>
            <StepDescription Type="System.String">Set 'UsernameText' text to 'testuser'</StepDescription>
            <TestId Type="System.String">d85de241-5219-4b09-b501-7a7aa86be76b</TestId>
            <TestName Type="System.String">Logging in as test user displays proper header</TestName>
            <TestPath Type="System.String">Login\Logging in as test user displays proper header.tstest</TestPath>
            <TestStepNumber Type="System.Int32">2</TestStepNumber>
            <Order Type="System.Int32">3</Order>
            <LogMessageOnError Type="System.String">
            </LogMessageOnError>
            <HashCode Type="System.Int32">1106498605</HashCode>
            <IsManual Type="System.Boolean">False</IsManual>
            <WasStepEnabled Type="System.Boolean">False</WasStepEnabled>
          </Item>
          <Item Type="ArtOfTest.WebAii.Design.AutomationStepResult" Version="2011.2.927.0">
            <ResultType Type="ArtOfTest.Common.Design.ResultType">Pass</ResultType>
            <StepDescription Type="System.String">Set 'PasswordPassword' text to 'abc123'</StepDescription>
            <TestId Type="System.String">d85de241-5219-4b09-b501-7a7aa86be76b</TestId>
            <TestName Type="System.String">Logging in as test user displays proper header</TestName>
            <TestPath Type="System.String">Login\Logging in as test user displays proper header.tstest</TestPath>
            <TestStepNumber Type="System.Int32">3</TestStepNumber>
            <Order Type="System.Int32">4</Order>
            <LogMessageOnError Type="System.String">
            </LogMessageOnError>
            <HashCode Type="System.Int32">1106498606</HashCode>
            <IsManual Type="System.Boolean">False</IsManual>
            <WasStepEnabled Type="System.Boolean">False</WasStepEnabled>
          </Item>
          <Item Type="ArtOfTest.WebAii.Design.AutomationStepResult" Version="2011.2.927.0">
            <ResultType Type="ArtOfTest.Common.Design.ResultType">Pass</ResultType>
            <StepDescription Type="System.String">Click 'LoginButtonSubmit'</StepDescription>
            <TestId Type="System.String">d85de241-5219-4b09-b501-7a7aa86be76b</TestId>
            <TestName Type="System.String">Logging in as test user displays proper header</TestName>
            <TestPath Type="System.String">Login\Logging in as test user displays proper header.tstest</TestPath>
            <TestStepNumber Type="System.Int32">4</TestStepNumber>
            <Order Type="System.Int32">5</Order>
            <LogMessageOnError Type="System.String">
            </LogMessageOnError>
            <HashCode Type="System.Int32">2087960564</HashCode>
            <IsManual Type="System.Boolean">False</IsManual>
            <WasStepEnabled Type="System.Boolean">False</WasStepEnabled>
          </Item>
          <Item Type="ArtOfTest.WebAii.Design.AutomationStepResult" Version="2011.2.927.0">
            <ResultType Type="ArtOfTest.Common.Design.ResultType">Pass</ResultType>
            <StepDescription Type="System.String">Verify 'TextContent' 'Contains' 'Logout' on 'LogoutLink'</StepDescription>
            <TestId Type="System.String">d85de241-5219-4b09-b501-7a7aa86be76b</TestId>
            <TestName Type="System.String">Logging in as test user displays proper header</TestName>
            <TestPath Type="System.String">Login\Logging in as test user displays proper header.tstest</TestPath>
            <TestStepNumber Type="System.Int32">5</TestStepNumber>
            <Order Type="System.Int32">6</Order>
            <LogMessageOnError Type="System.String">
            </LogMessageOnError>
            <HashCode Type="System.Int32">-1313506168</HashCode>
            <IsManual Type="System.Boolean">False</IsManual>
            <WasStepEnabled Type="System.Boolean">False</WasStepEnabled>
          </Item>
          <Item Type="ArtOfTest.WebAii.Design.AutomationStepResult" Version="2011.2.927.0">
            <ResultType Type="ArtOfTest.Common.Design.ResultType">Pass</ResultType>
            <StepDescription Type="System.String">Verify 'TextContent' 'Contains' 'Home' on 'HomeLink'</StepDescription>
            <TestId Type="System.String">d85de241-5219-4b09-b501-7a7aa86be76b</TestId>
            <TestName Type="System.String">Logging in as test user displays proper header</TestName>
            <TestPath Type="System.String">Login\Logging in as test user displays proper header.tstest</TestPath>
            <TestStepNumber Type="System.Int32">6</TestStepNumber>
            <Order Type="System.Int32">7</Order>
            <LogMessageOnError Type="System.String">
            </LogMessageOnError>
            <HashCode Type="System.Int32">-1313506167</HashCode>
            <IsManual Type="System.Boolean">False</IsManual>
            <WasStepEnabled Type="System.Boolean">False</WasStepEnabled>
          </Item>
          <Item Type="ArtOfTest.WebAii.Design.AutomationStepResult" Version="2011.2.927.0">
            <ResultType Type="ArtOfTest.Common.Design.ResultType">Pass</ResultType>
            <StepDescription Type="System.String">Verify 'TextContent' 'Contains' 'Help' on 'HelpLink'</StepDescription>
            <TestId Type="System.String">d85de241-5219-4b09-b501-7a7aa86be76b</TestId>
            <TestName Type="System.String">Logging in as test user displays proper header</TestName>
            <TestPath Type="System.String">Login\Logging in as test user displays proper header.tstest</TestPath>
            <TestStepNumber Type="System.Int32">7</TestStepNumber>
            <Order Type="System.Int32">8</Order>
            <LogMessageOnError Type="System.String">
            </LogMessageOnError>
            <HashCode Type="System.Int32">-1313506166</HashCode>
            <IsManual Type="System.Boolean">False</IsManual>
            <WasStepEnabled Type="System.Boolean">False</WasStepEnabled>
          </Item>
        </AutomationStepResults>
        <NotRunStepDescriptions />
        <PerStepMessages Type="System.String">Overall Result: Pass
------------------------------------------------------------
'9/27/2011 5:22:24 PM' - Starting execution....
------------------------------------------------------------
'9/27/2011 5:22:27 PM' - 'Pass' : 1. Navigate to : 'http://localhost:3000'
'9/27/2011 5:22:27 PM' - 'Pass' : 2. Click 'LoginLinkLink'
'9/27/2011 5:22:28 PM' - 'Pass' : 3. Set 'UsernameText' text to 'testuser'
'9/27/2011 5:22:29 PM' - 'Pass' : 4. Set 'PasswordPassword' text to 'abc123'
'9/27/2011 5:22:30 PM' - 'Pass' : 5. Click 'LoginButtonSubmit'
'9/27/2011 5:22:30 PM' - 'Pass' : 6. Verify 'TextContent' 'Contains' 'Logout' on 'LogoutLink'
'9/27/2011 5:22:30 PM' - 'Pass' : 7. Verify 'TextContent' 'Contains' 'Home' on 'HomeLink'
'9/27/2011 5:22:30 PM' - 'Pass' : 8. Verify 'TextContent' 'Contains' 'Help' on 'HelpLink'
------------------------------------------------------------
'9/27/2011 5:22:30 PM' - Overall Result: Pass
'9/27/2011 5:22:30 PM' - Duration: [0 min: 3 sec: 859 msec]
------------------------------------------------------------
'9/27/2011 5:22:30 PM' - Test completed!
</PerStepMessages>
        <TotalNumberOfPassedSteps Type="System.Int32">8</TotalNumberOfPassedSteps>
        <ExecutingTestStepCount Type="System.Int32">8</ExecutingTestStepCount>
        <TotalNumberOfNotRunSteps Type="System.Int32">0</TotalNumberOfNotRunSteps>
        <IsDataDrivenResult Type="System.Boolean">False</IsDataDrivenResult>
        <SeparatorLineCharCount Type="System.Int32">60</SeparatorLineCharCount>
        <ExecutionType Type="ArtOfTest.Common.Design.ExecutionType">QuickExecution</ExecutionType>
        <EndTime Type="System.DateTime">2011-09-27 21:22:30Z</EndTime>
        <StarTime Type="System.DateTime">2011-09-27 21:22:26Z</StarTime>
        <DataIterationResults />
        <VersionGroupKey Type="System.String">00000000-0000-0000-0000-000000000000</VersionGroupKey>
      </WebAiiTestResult>
    </WebAiiTestResult>
    <WebAiiTestResult executionId="e8236846-299d-439a-862c-0f3c1cc826ee" testId="e053a135-43c8-4e57-9dd7-2f6cacf59f82" testName="Invalid username and password combo shows error message" computerName="DEMO" duration="00:00:17.5195925" startTime="2011-09-27T17:22:42.2791250-04:00" endTime="2011-09-27T17:22:59.7967031-04:00" testType="c4241296-3c6e-46b1-bf92-e0bd3e0eb017" outcome="Passed" testListId="8c84fa94-04c1-424b-9868-57a2d4851a1d" relativeResultsDirectory="e8236846-299d-439a-862c-0f3c1cc826ee" xmlns="http://artoftest.com/schemas/WebAiiDesignCanvas/1.0.0">
      <Output xmlns="http://microsoft.com/schemas/VisualStudio/TeamTest/2010">
        <ErrorInfo>
          <Message>Overall Result: Pass
------------------------------------------------------------
'9/27/2011 5:22:42 PM' - Starting execution....
------------------------------------------------------------
'9/27/2011 5:22:46 PM' - 'Pass' : 1. Navigate to : 'http://localhost:3000/'
'9/27/2011 5:22:46 PM' - 'Pass' : 2. Click 'LoginLinkLink'
'9/27/2011 5:22:47 PM' - 'Pass' : 3. Set 'UsernameText' text to 'foo'
'9/27/2011 5:22:47 PM' - 'Pass' : 4. Set 'PasswordPassword' text to 'bar'
'9/27/2011 5:22:47 PM' - 'Pass' : 5. Click 'LoginButtonSubmit'
'9/27/2011 5:22:48 PM' - 'Pass' : 6. Verify element 'UiDialogTitleLoginDialogSpan' 'is' visible.
'9/27/2011 5:22:48 PM' - 'Pass' : 7. Verify 'TextContent' 'Contains' 'Login' on 'UiDialogTitleLoginDialogSpan'
------------------------------------------------------------
'9/27/2011 5:22:48 PM' - Overall Result: Pass
'9/27/2011 5:22:48 PM' - Duration: [0 min: 4 sec: 25 msec]
------------------------------------------------------------
'9/27/2011 5:22:48 PM' - Test completed!
</Message>
        </ErrorInfo>
      </Output>
      <WebAiiTestResult Type="ArtOfTest.WebAii.Design.Execution.TestResult" Version="2011.2.927.0" xmlns="">
        <TestId Type="System.String">e053a135-43c8-4e57-9dd7-2f6cacf59f82</TestId>
        <TestName Type="System.String">Invalid username and password combo shows error message</TestName>
        <TestPath Type="System.String">Login\Invalid username and password combo shows error message.tstest</TestPath>
        <ProjectPath Type="System.String">
        </ProjectPath>
        <ResultType Type="ArtOfTest.Common.Design.ResultType">Pass</ResultType>
        <AutomationStepResults>
          <Item Type="ArtOfTest.WebAii.Design.AutomationStepResult" Version="2011.2.927.0">
            <ResultType Type="ArtOfTest.Common.Design.ResultType">Pass</ResultType>
            <StepDescription Type="System.String">Navigate to : 'http://localhost:3000/'</StepDescription>
            <TestId Type="System.String">e053a135-43c8-4e57-9dd7-2f6cacf59f82</TestId>
            <TestName Type="System.String">Invalid username and password combo shows error message</TestName>
            <TestPath Type="System.String">Login\Invalid username and password combo shows error message.tstest</TestPath>
            <TestStepNumber Type="System.Int32">0</TestStepNumber>
            <Order Type="System.Int32">1</Order>
            <LogMessageOnError Type="System.String">
            </LogMessageOnError>
            <HashCode Type="System.Int32">1347723234</HashCode>
            <IsManual Type="System.Boolean">False</IsManual>
            <WasStepEnabled Type="System.Boolean">False</WasStepEnabled>
          </Item>
          <Item Type="ArtOfTest.WebAii.Design.AutomationStepResult" Version="2011.2.927.0">
            <ResultType Type="ArtOfTest.Common.Design.ResultType">Pass</ResultType>
            <StepDescription Type="System.String">Click 'LoginLinkLink'</StepDescription>
            <TestId Type="System.String">e053a135-43c8-4e57-9dd7-2f6cacf59f82</TestId>
            <TestName Type="System.String">Invalid username and password combo shows error message</TestName>
            <TestPath Type="System.String">Login\Invalid username and password combo shows error message.tstest</TestPath>
            <TestStepNumber Type="System.Int32">1</TestStepNumber>
            <Order Type="System.Int32">2</Order>
            <LogMessageOnError Type="System.String">
            </LogMessageOnError>
            <HashCode Type="System.Int32">2087960561</HashCode>
            <IsManual Type="System.Boolean">False</IsManual>
            <WasStepEnabled Type="System.Boolean">False</WasStepEnabled>
          </Item>
          <Item Type="ArtOfTest.WebAii.Design.AutomationStepResult" Version="2011.2.927.0">
            <ResultType Type="ArtOfTest.Common.Design.ResultType">Pass</ResultType>
            <StepDescription Type="System.String">Set 'UsernameText' text to 'foo'</StepDescription>
            <TestId Type="System.String">e053a135-43c8-4e57-9dd7-2f6cacf59f82</TestId>
            <TestName Type="System.String">Invalid username and password combo shows error message</TestName>
            <TestPath Type="System.String">Login\Invalid username and password combo shows error message.tstest</TestPath>
            <TestStepNumber Type="System.Int32">2</TestStepNumber>
            <Order Type="System.Int32">3</Order>
            <LogMessageOnError Type="System.String">
            </LogMessageOnError>
            <HashCode Type="System.Int32">1106498605</HashCode>
            <IsManual Type="System.Boolean">False</IsManual>
            <WasStepEnabled Type="System.Boolean">False</WasStepEnabled>
          </Item>
          <Item Type="ArtOfTest.WebAii.Design.AutomationStepResult" Version="2011.2.927.0">
            <ResultType Type="ArtOfTest.Common.Design.ResultType">Pass</ResultType>
            <StepDescription Type="System.String">Set 'PasswordPassword' text to 'bar'</StepDescription>
            <TestId Type="System.String">e053a135-43c8-4e57-9dd7-2f6cacf59f82</TestId>
            <TestName Type="System.String">Invalid username and password combo shows error message</TestName>
            <TestPath Type="System.String">Login\Invalid username and password combo shows error message.tstest</TestPath>
            <TestStepNumber Type="System.Int32">3</TestStepNumber>
            <Order Type="System.Int32">4</Order>
            <LogMessageOnError Type="System.String">
            </LogMessageOnError>
            <HashCode Type="System.Int32">1106498606</HashCode>
            <IsManual Type="System.Boolean">False</IsManual>
            <WasStepEnabled Type="System.Boolean">False</WasStepEnabled>
          </Item>
          <Item Type="ArtOfTest.WebAii.Design.AutomationStepResult" Version="2011.2.927.0">
            <ResultType Type="ArtOfTest.Common.Design.ResultType">Pass</ResultType>
            <StepDescription Type="System.String">Click 'LoginButtonSubmit'</StepDescription>
            <TestId Type="System.String">e053a135-43c8-4e57-9dd7-2f6cacf59f82</TestId>
            <TestName Type="System.String">Invalid username and password combo shows error message</TestName>
            <TestPath Type="System.String">Login\Invalid username and password combo shows error message.tstest</TestPath>
            <TestStepNumber Type="System.Int32">4</TestStepNumber>
            <Order Type="System.Int32">5</Order>
            <LogMessageOnError Type="System.String">
            </LogMessageOnError>
            <HashCode Type="System.Int32">2087960564</HashCode>
            <IsManual Type="System.Boolean">False</IsManual>
            <WasStepEnabled Type="System.Boolean">False</WasStepEnabled>
          </Item>
          <Item Type="ArtOfTest.WebAii.Design.AutomationStepResult" Version="2011.2.927.0">
            <ResultType Type="ArtOfTest.Common.Design.ResultType">Pass</ResultType>
            <StepDescription Type="System.String">Verify element 'UiDialogTitleLoginDialogSpan' 'is' visible.</StepDescription>
            <TestId Type="System.String">e053a135-43c8-4e57-9dd7-2f6cacf59f82</TestId>
            <TestName Type="System.String">Invalid username and password combo shows error message</TestName>
            <TestPath Type="System.String">Login\Invalid username and password combo shows error message.tstest</TestPath>
            <TestStepNumber Type="System.Int32">5</TestStepNumber>
            <Order Type="System.Int32">6</Order>
            <LogMessageOnError Type="System.String">
            </LogMessageOnError>
            <HashCode Type="System.Int32">1164883282</HashCode>
            <IsManual Type="System.Boolean">False</IsManual>
            <WasStepEnabled Type="System.Boolean">False</WasStepEnabled>
          </Item>
          <Item Type="ArtOfTest.WebAii.Design.AutomationStepResult" Version="2011.2.927.0">
            <ResultType Type="ArtOfTest.Common.Design.ResultType">Pass</ResultType>
            <StepDescription Type="System.String">Verify 'TextContent' 'Contains' 'Login' on 'UiDialogTitleLoginDialogSpan'</StepDescription>
            <TestId Type="System.String">e053a135-43c8-4e57-9dd7-2f6cacf59f82</TestId>
            <TestName Type="System.String">Invalid username and password combo shows error message</TestName>
            <TestPath Type="System.String">Login\Invalid username and password combo shows error message.tstest</TestPath>
            <TestStepNumber Type="System.Int32">6</TestStepNumber>
            <Order Type="System.Int32">7</Order>
            <LogMessageOnError Type="System.String">
            </LogMessageOnError>
            <HashCode Type="System.Int32">-1313506167</HashCode>
            <IsManual Type="System.Boolean">False</IsManual>
            <WasStepEnabled Type="System.Boolean">False</WasStepEnabled>
          </Item>
        </AutomationStepResults>
        <NotRunStepDescriptions />
        <PerStepMessages Type="System.String">Overall Result: Pass
------------------------------------------------------------
'9/27/2011 5:22:42 PM' - Starting execution....
------------------------------------------------------------
'9/27/2011 5:22:46 PM' - 'Pass' : 1. Navigate to : 'http://localhost:3000/'
'9/27/2011 5:22:46 PM' - 'Pass' : 2. Click 'LoginLinkLink'
'9/27/2011 5:22:47 PM' - 'Pass' : 3. Set 'UsernameText' text to 'foo'
'9/27/2011 5:22:47 PM' - 'Pass' : 4. Set 'PasswordPassword' text to 'bar'
'9/27/2011 5:22:47 PM' - 'Pass' : 5. Click 'LoginButtonSubmit'
'9/27/2011 5:22:48 PM' - 'Pass' : 6. Verify element 'UiDialogTitleLoginDialogSpan' 'is' visible.
'9/27/2011 5:22:48 PM' - 'Pass' : 7. Verify 'TextContent' 'Contains' 'Login' on 'UiDialogTitleLoginDialogSpan'
------------------------------------------------------------
'9/27/2011 5:22:48 PM' - Overall Result: Pass
'9/27/2011 5:22:48 PM' - Duration: [0 min: 4 sec: 25 msec]
------------------------------------------------------------
'9/27/2011 5:22:48 PM' - Test completed!
</PerStepMessages>
        <TotalNumberOfPassedSteps Type="System.Int32">7</TotalNumberOfPassedSteps>
        <ExecutingTestStepCount Type="System.Int32">7</ExecutingTestStepCount>
        <TotalNumberOfNotRunSteps Type="System.Int32">0</TotalNumberOfNotRunSteps>
        <IsDataDrivenResult Type="System.Boolean">False</IsDataDrivenResult>
        <SeparatorLineCharCount Type="System.Int32">60</SeparatorLineCharCount>
        <ExecutionType Type="ArtOfTest.Common.Design.ExecutionType">QuickExecution</ExecutionType>
        <EndTime Type="System.DateTime">2011-09-27 21:22:48Z</EndTime>
        <StarTime Type="System.DateTime">2011-09-27 21:22:44Z</StarTime>
        <DataIterationResults />
        <VersionGroupKey Type="System.String">00000000-0000-0000-0000-000000000000</VersionGroupKey>
      </WebAiiTestResult>
    </WebAiiTestResult>
  </Results>
</TestRun>